Poly-Saccharide residues NAG A 2001 through NAG A 2002 bound to ASN A 1352
Poly-Saccharide residues NAG A 2003 through NAG A 2004 bound to ASN A 1366
Poly-Saccharide residues NAG A 2001 through NAG A 2002 bound to ASN A 1352
Poly-Saccharide residues NAG A 2003 through NAG A 2004 bound to ASN A 1366
Poly-Saccharide residues NAG A 2001 through NAG A 2002 bound to ASN A 1352
Poly-Saccharide residues NAG A 2003 through NAG A 2004 bound to ASN A 1366
Poly-Saccharide residues NAG A 2001 through NAG A 2002 bound to ASN A 1352
Poly-Saccharide residues NAG A 2003 through NAG A 2004 bound to ASN A 1366
Poly-Saccharide residues NAG A 2101 through BMA A 2103 bound to ASN A 340
Poly-Saccharide residues NAG A 2104 through NAG A 2105 bound to ASN A 1382
Poly-Saccharide residues NAG A 2107 through NAG A 2108 bound to ASN A 1368
Ligand residues 9DT B 5 through THR B 6 bound to THR B 4
Poly-Saccharide residues NAG A 601 through NAG A 602 bound to ASN A 82
Ligand residues 9DT B 5 through THR B 6 bound to THR B 4
Poly-Saccharide residues Z9M C 402 through L1L C 405
Poly-Saccharide residues Z9M E 402 through L1L E 404
Poly-Saccharide residues Z9M A 404 through L1L A 407
Poly-Saccharide residues Z9M C 402 through L1L C 405
Poly-Saccharide residues Z9M E 402 through L1L E 404
Poly-Saccharide residues Z9M C 402 through L1L C 405
Poly-Saccharide residues NAG D 601 through NAG D 602 bound to ASN D 230
Poly-Saccharide residues NAG C 601 through NAG C 602 bound to ASN C 230
Poly-Saccharide residues NAG B 601 through NAG B 602 bound to ASN B 230
Poly-Saccharide residues NAG A 601 through NAG A 602 bound to ASN A 230
Poly-Saccharide residues NAG B 601 through NAG B 602 bound to ASN B 230
Poly-Saccharide residues NAG C 601 through NAG C 602 bound to ASN C 230
Poly-Saccharide residues NAG A 601 through NAG A 602 bound to ASN A 230
Poly-Saccharide residues NAG D 601 through NAG D 602 bound to ASN D 230
Poly-Saccharide residues NAG A 601 through NAG A 602 bound to ASN A 230
Poly-Saccharide residues NAG C 601 through NAG C 602 bound to ASN C 230
Poly-Saccharide residues NAG B 601 through NAG B 602 bound to ASN B 230
Poly-Saccharide residues NAG D 601 through NAG D 602 bound to ASN D 230
Poly-Saccharide residues NAG A 801 through NAG A 802 bound to ASN A 209
Poly-Saccharide residues NAG A 803 through NAG A 804 bound to ASN A 238
Poly-Saccharide residues GLN D 337 through NAG D 901 bound to ASN D 355
Poly-Saccharide residues GLN C 337 through NAG C 901 bound to ASN C 355
Poly-Saccharide residues GLU A 1067 through NAG A 1316 bound to ASN A 1064
Poly-Saccharide residues NAG A 1303 through NAG A 1304 bound to ASN A 478
Poly-Saccharide residues NAG A 1306 through MAN A 1308 bound to ASN A 557
Poly-Saccharide residues NAG A 1311 through MAN A 1313 bound to ASN A 931
Poly-Saccharide residues TYR A 475 through NAG A 1315 bound to ASN A 968
Poly-Saccharide residues NAG A 1306 through MAN A 1308 bound to ASN A 557
Poly-Saccharide residues NAG A 1303 through NAG A 1304 bound to ASN A 478
Poly-Saccharide residues NAG A 1311 through MAN A 1313 bound to ASN A 931
Poly-Saccharide residues NAG A 501 through MAN A 506 bound to ASN A 213
Poly-Saccharide residues NAG A 501 through BMA A 503 bound to ASN A 336
Poly-Saccharide residues NAG F 801 through MAN F 808 bound to ASN F 539
Poly-Saccharide residues NAG G 501 through NAG G 502 bound to ASN G 60
Poly-Saccharide residues NAG F 801 through MAN F 808 bound to ASN F 539
Poly-Saccharide residues NAG A 504 through NAG A 505 bound to ASN A 400
Poly-Saccharide residues NAG A 501 through BMA A 503 bound to ASN A 336
Poly-Saccharide residues NAG F 801 through MAN F 808 bound to ASN F 539
Ligand residues PPN B 16 through GLY B 17 bound to THR B 15
Ligand residues PPN B 16 through GLY B 17 bound to THR B 15
Poly-Saccharide residues NAG D 502 through MAN D 507 bound to ASN D 149
Poly-Saccharide residues NAG E 502 through MAN E 507 bound to ASN E 149
Poly-Saccharide residues NAG A 502 through MAN A 506 bound to ASN A 149
Poly-Saccharide residues NAG B 502 through MAN B 506 bound to ASN B 149
Poly-Saccharide residues NAG C 502 through MAN C 506 bound to ASN C 149
Poly-Saccharide residues NAG B 502 through MAN B 506 bound to ASN B 149
Poly-Saccharide residues NAG C 502 through MAN C 506 bound to ASN C 149
Poly-Saccharide residues NAG D 502 through MAN D 507 bound to ASN D 149
Poly-Saccharide residues NAG E 502 through MAN E 507 bound to ASN E 149
Poly-Saccharide residues NAG A 502 through MAN A 506 bound to ASN A 149
Poly-Saccharide residues NAG B 2005 through MAN B 2009 bound to ASN B 320
Poly-Saccharide residues NAG D 504 through BMA D 506 bound to ASN D 320
Poly-Saccharide residues NAG B 2010 through NAG B 2011 bound to ASN B 371
Poly-Saccharide residues NAG B 2005 through MAN B 2009 bound to ASN B 320
Poly-Saccharide residues NAG D 504 through BMA D 506 bound to ASN D 320
Poly-Saccharide residues NAG D 507 through NAG D 508 bound to ASN D 371
Poly-Saccharide residues NAG D 2005 through MAN D 2008 bound to ASN D 320
Poly-Saccharide residues NAG B 2005 through MAN B 2009 bound to ASN B 320
Poly-Saccharide residues NAG B 2010 through NAG B 2011 bound to ASN B 371
Poly-Saccharide residues NAG B 2005 through MAN B 2009 bound to ASN B 320
Poly-Saccharide residues NAG D 2009 through NAG D 2010 bound to ASN D 371
Poly-Saccharide residues NAG D 2005 through MAN D 2008 bound to ASN D 320
Poly-Saccharide residues NAG B 2010 through NAG B 2011 bound to ASN B 371
Poly-Saccharide residues NAG B 2005 through MAN B 2009 bound to ASN B 320
Poly-Saccharide residues NAG D 2005 through MAN D 2008 bound to ASN D 320
Poly-Saccharide residues NAG B 2005 through MAN B 2009 bound to ASN B 320
Poly-Saccharide residues NAG D 2005 through MAN D 2008 bound to ASN D 320
Poly-Saccharide residues NAG D 2009 through NAG D 2010 bound to ASN D 371
Poly-Saccharide residues NAG D 902 through NAG D 903 bound to ASN D 235
Poly-Saccharide residues NAG C 908 through BMA C 910 bound to ASN C 238
Poly-Saccharide residues NAG C 905 through BMA C 907 bound to ASN C 352
Poly-Saccharide residues GLU C 38 through BMA C 904 bound to ASN C 35
Poly-Saccharide residues NAG B 902 through NAG B 903 bound to ASN B 235
Poly-Saccharide residues NAG A 906 through BMA A 908 bound to ASN A 45
Poly-Saccharide residues NAG A 909 through NAG A 910
Poly-Saccharide residues NAG A 903 through BMA A 905 bound to ASN A 345
Poly-Saccharide residues LYS A 354 through NAG A 902 bound to ASN A 231
Poly-Saccharide residues NAG A 906 through BMA A 908 bound to ASN A 45
Poly-Saccharide residues NAG A 906 through NAG A 907 bound to ASN A 238
Poly-Saccharide residues NAG A 902 through BMA A 904 bound to ASN A 35
Poly-Saccharide residues NAG B 902 through BMA B 904 bound to ASN B 235
Poly-Saccharide residues NAG C 906 through NAG C 907 bound to ASN C 238
Poly-Saccharide residues TYR C 374 through NAG C 905 bound to ASN C 352
Poly-Saccharide residues NAG C 902 through BMA C 904 bound to ASN C 35
Poly-Saccharide residues NAG D 902 through BMA D 904 bound to ASN D 235
Poly-Saccharide residues NAG A 905 through NAG A 906 bound to ASN A 345
Poly-Saccharide residues NAG A 903 through NAG A 904 bound to ASN A 45
Poly-Saccharide residues NAG C 905 through NAG C 906 bound to ASN C 345
Poly-Saccharide residues NAG C 903 through NAG C 904 bound to ASN C 45
Poly-Saccharide residues NAG B 903 through NAG B 904 bound to ASN B 235
Poly-Saccharide residues NAG D 903 through NAG D 904 bound to ASN D 235
Poly-Saccharide residues NAG A 401 through NAG A 402 bound to ASN A 187
Poly-Saccharide residues NAG A 401 through NAG A 402 bound to ASN A 187
Poly-Saccharide residues NAG A 401 through NAG A 402 bound to ASN A 187
Poly-Saccharide residues BMA F 1207 through NAG F 1209 bound to ASN F 186
Poly-Saccharide residues NAG F 1210 through BMA F 1212 bound to ASN F 470
Poly-Saccharide residues NAG F 1201 through NAG F 1202 bound to ASN F 350
Poly-Saccharide residues NAG F 1204 through NAG F 1205 bound to ASN F 615
Poly-Saccharide residues NAG F 1217 through NAG F 1218 bound to ASN F 678
Poly-Saccharide residues NAG F 1222 through NAG F 1224 bound to ASN F 827
Poly-Saccharide residues NAG F 1215 through NAG F 1216 bound to ASN F 898
Poly-Saccharide residues NAG F 1216 through NAG F 1217 bound to ASN F 898
Poly-Saccharide residues NAG F 1223 through NAG F 1225 bound to ASN F 827
Poly-Saccharide residues NAG F 1205 through NAG F 1206 bound to ASN F 615
Poly-Saccharide residues NAG F 1218 through NAG F 1219 bound to ASN F 678
Poly-Saccharide residues BMA F 1208 through NAG F 1210 bound to ASN F 186
Poly-Saccharide residues NAG F 1211 through BMA F 1213 bound to ASN F 470
Poly-Saccharide residues NAG F 1202 through NAG F 1203 bound to ASN F 350
Poly-Saccharide residues L1L C 413 through DAO C 424
Poly-Saccharide residues L1L B 407 through DAO C 435
Poly-Saccharide residues L1L A 414 through DAO A 422
Poly-Saccharide residues FTT A 412 through DAO C 433
Poly-Saccharide residues L1L C 413 through DAO C 424
Poly-Saccharide residues L1L B 407 through DAO C 435
Poly-Saccharide residues L1L A 414 through DAO A 422
Poly-Saccharide residues FTT A 412 through DAO C 433
Poly-Saccharide residues L1L C 413 through DAO C 424
Poly-Saccharide residues L1L F 406 through DAO F 417
Poly-Saccharide residues L1L F 418 through DAO F 426
Poly-Saccharide residues L1L E 405 through FTT F 427
Poly-Saccharide residues L1L F 418 through DAO F 426
Poly-Saccharide residues L1L D 412 through MYR D 420
Poly-Saccharide residues FTT E 403 through DAO D 431
Poly-Saccharide residues L1L F 418 through DAO F 426
Poly-Saccharide residues L1L E 405 through FTT F 427
Poly-Saccharide residues FTT E 403 through DAO D 431
Poly-Saccharide residues NAG A 1906 through NAG A 1908 bound to ASN A 1174
Poly-Saccharide residues BMA A 1909 through NAG A 1911 bound to ASN A 1160
Poly-Saccharide residues NAG A 1901 through BMA A 1905 bound to ASN A 317
Poly-Saccharide residues NAG B 304 through NAG B 305 bound to ASN B 117
Poly-Saccharide residues BMA B 301 through NAG B 303 bound to ASN B 113
Poly-Saccharide residues NAG A 701 through NAG A 702 bound to ASN A 507
Poly-Saccharide residues NAG A 707 through NAG A 708 bound to ASN A 425
Poly-Saccharide residues NAG A 705 through NAG A 706 bound to ASN A 382
Poly-Saccharide residues NAG A 703 through NAG A 704 bound to ASN A 366
Poly-Saccharide residues NAG A 703 through NAG A 704 bound to ASN A 366
Poly-Saccharide residues NAG A 701 through NAG A 702 bound to ASN A 507
Poly-Saccharide residues NAG A 707 through NAG A 708 bound to ASN A 425
Poly-Saccharide residues NAG A 705 through NAG A 706 bound to ASN A 382
Poly-Saccharide residues NAG B 1001 through NAG B 1002 bound to ASN B 596
Poly-Saccharide residues NAG A 1001 through NAG A 1002 bound to ASN A 596
Poly-Saccharide residues NAG B 1001 through NAG B 1002 bound to ASN B 596
Poly-Saccharide residues NAG A 1001 through NAG A 1002 bound to ASN A 596
Poly-Saccharide residues NAG A 402 through MAN A 406 bound to ASN A 15
Poly-Saccharide residues NAG A 402 through MAN A 406 bound to ASN A 15
Poly-Saccharide residues NAG A 402 through MAN A 406 bound to ASN A 15
Poly-Saccharide residues NAG A 402 through MAN A 406 bound to ASN A 15
Poly-Saccharide residues NAG A 402 through MAN A 406 bound to ASN A 15
Poly-Saccharide residues NAG A 402 through MAN A 406 bound to ASN A 15
Poly-Saccharide residues NAG A 402 through MAN A 406 bound to ASN A 15
Poly-Saccharide residues NAG A 1504 through NAG A 1505
Poly-Saccharide residues NAG A 1502 through NAG A 1503
Poly-Saccharide residues NAG A 1505 through NAG A 1506
Poly-Saccharide residues NAG A 1503 through NAG A 1504
Poly-Saccharide residues NAG A 1501 through NAG A 1502
Poly-Saccharide residues NAG A 1507 through NAG A 1508
Poly-Saccharide residues NAG B 2004 through MAN B 2008 bound to ASN B 320
Poly-Saccharide residues NAG B 2009 through NAG B 2010 bound to ASN B 371
Poly-Saccharide residues NAG D 506 through MAN D 509 bound to ASN D 320
Poly-Saccharide residues NAG B 2004 through MAN B 2008 bound to ASN B 320
Poly-Saccharide residues NAG D 510 through NAG D 511 bound to ASN D 371
Poly-Saccharide residues NAG D 506 through MAN D 509 bound to ASN D 320
Poly-Saccharide residues NAG A 1501 through MAN A 1506 bound to ASN A 161
Ligand residues NLE B 18 through GLU B 19 bound to SER B 17
Poly-Saccharide residues NAG A 1501 through MAN A 1506 bound to ASN A 161
Poly-Saccharide residues NAG A 1507 through FUC A 1510 bound to ASN A 166
Poly-Saccharide residues NAG A 1512 through MAN A 1515 bound to ASN A 151
Ligand residues NLE B 18 through GLU B 19 bound to SER B 17
Poly-Saccharide residues NAG B 1001 through NAG B 1002 bound to ASN B 600
Poly-Saccharide residues NAG A 1001 through NAG A 1002 bound to ASN A 600
Poly-Saccharide residues NAG A 1001 through NAG A 1002 bound to ASN A 600
Poly-Saccharide residues NAG B 1001 through NAG B 1002 bound to ASN B 600
Poly-Saccharide residues NAG A 906 through NAG A 907 bound to ASN A 224
Poly-Saccharide residues NAG A 902 through NAG A 903 bound to ASN A 389
Poly-Saccharide residues NAG C 902 through NAG C 903 bound to ASN C 389
Poly-Saccharide residues NAG C 906 through NAG C 907 bound to ASN C 224
Poly-Saccharide residues NAG B 901 through NAG B 902 bound to ASN B 688
Poly-Saccharide residues NAG D 901 through NAG D 902 bound to ASN D 688
Poly-Saccharide residues NAG G 624 through NAG G 625 bound to ASN G 384
Poly-Saccharide residues NAG G 617 through NAG G 618 bound to ASN G 331
Poly-Saccharide residues NAG G 621 through BMA G 623 bound to ASN G 301
Poly-Saccharide residues NAG G 629 through NAG G 630 bound to ASN G 443
Poly-Saccharide residues NAG G 607 through MAN G 611 bound to ASN G 262
Poly-Saccharide residues NAG G 604 through BMA G 606 bound to ASN G 241
Poly-Saccharide residues NAG G 602 through NAG G 603 bound to ASN G 234
Poly-Saccharide residues NAG G 615 through NAG G 616 bound to ASN G 295
Poly-Saccharide residues NAG G 613 through NAG G 614 bound to ASN G 276
Poly-Saccharide residues NAG G 629 through NAG G 630 bound to ASN G 443
Poly-Saccharide residues NAG G 617 through NAG G 618 bound to ASN G 331
Poly-Saccharide residues NAG G 624 through NAG G 625
Poly-Saccharide residues NAG G 613 through NAG G 614 bound to ASN G 276
Poly-Saccharide residues NAG G 607 through MAN G 612 bound to ASN G 262
Poly-Saccharide residues NAG G 604 through BMA G 606 bound to ASN G 241
Poly-Saccharide residues NAG G 602 through NAG G 603 bound to ASN G 234
Poly-Saccharide residues NAG G 621 through BMA G 623 bound to ASN G 301
Poly-Saccharide residues NAG G 615 through NAG G 616 bound to ASN G 295
Poly-Saccharide residues NAG A 502 through MAN A 508 bound to ASN A 149
Poly-Saccharide residues NAG B 502 through MAN B 508 bound to ASN B 149
Poly-Saccharide residues NAG C 502 through MAN C 508 bound to ASN C 149
Poly-Saccharide residues NAG B 502 through MAN B 508 bound to ASN B 149
Poly-Saccharide residues NAG C 502 through MAN C 508 bound to ASN C 149
Poly-Saccharide residues NAG E 502 through MAN E 508 bound to ASN E 149
Poly-Saccharide residues NAG D 502 through MAN D 508 bound to ASN D 149
Poly-Saccharide residues NAG E 502 through MAN E 508 bound to ASN E 149
Poly-Saccharide residues NAG D 502 through MAN D 508 bound to ASN D 149
Poly-Saccharide residues NAG A 502 through MAN A 508 bound to ASN A 149
Poly-Saccharide residues NAG C 502 through MAN C 508 bound to ASN C 149
Poly-Saccharide residues NAG B 502 through MAN B 508 bound to ASN B 149
Poly-Saccharide residues NAG E 502 through MAN E 508 bound to ASN E 149
Poly-Saccharide residues NAG D 502 through MAN D 508 bound to ASN D 149
Poly-Saccharide residues CYS A 1645 through NAG A 2705
Poly-Saccharide residues MAN A 2714 through MAN A 2715
Poly-Saccharide residues NAG A 2709 through MAN A 2711 bound to ASN A 1766
Ligand residues LYR B 255 through VAL B 256 bound to SER B 254
Ligand residues LYR C 255 through VAL C 256 bound to SER C 254
Ligand residues LYR A 255 through VAL A 256 bound to SER A 254
Ligand residues LYR D 255 through VAL D 256 bound to SER D 254
Ligand residues LYR E 255 through VAL E 256 bound to SER E 254
Poly-Saccharide residues NAG A 1102 through NAG A 1103 bound to ASN A 596
Poly-Saccharide residues NAG B 1102 through NAG B 1103 bound to ASN B 596
Poly-Saccharide residues NAG A 1102 through NAG A 1103 bound to ASN A 596
Poly-Saccharide residues NAG B 1102 through NAG B 1103 bound to ASN B 596
Ligand residues LHV C 76 through GLY C 77 bound to THR C 75
Ligand residues LHV C 76 through DAL C 77 bound to THR C 75
Poly-Saccharide residues NAG B 1511 through MAN B 1515 bound to ASN B 1180
Poly-Saccharide residues NAG B 1506 through MAN B 1510 bound to ASN B 1089
Poly-Saccharide residues NAG B 1501 through MAN B 1505 bound to ASN B 1069
Poly-Saccharide residues NAG A 1511 through MAN A 1515 bound to ASN A 1180
Poly-Saccharide residues NAG A 1506 through MAN A 1510 bound to ASN A 1089
Poly-Saccharide residues NAG A 1501 through MAN A 1505 bound to ASN A 1069
Poly-Saccharide residues NAG A 803 through MAN A 806 bound to ASN A 257
Poly-Saccharide residues NAG B 804 through BMA B 806 bound to ASN B 257
Poly-Saccharide residues NAG B 802 through NAG B 803 bound to ASN B 119
Poly-Saccharide residues NAG B 807 through NAG B 808 bound to ASN B 342
Poly-Saccharide residues NAG A 803 through MAN A 806 bound to ASN A 257
Poly-Saccharide residues NAG A 807 through NAG A 808 bound to ASN A 342
Poly-Saccharide residues ARG B 30 through BOG B 604
Poly-Saccharide residues NAG A 815 through NAG A 816 bound to ASN A 562
Poly-Saccharide residues NAG A 811 through NAG A 812 bound to ASN A 573
Poly-Saccharide residues NAG A 813 through NAG A 814 bound to ASN A 530
Poly-Saccharide residues NAG A 808 through NAG A 809 bound to ASN A 435
Poly-Saccharide residues NAG A 803 through BMA A 807 bound to ASN A 55
Poly-Saccharide residues NAG A 801 through NAG A 802 bound to ASN A 45
Poly-Saccharide residues NAG A 801 through NAG A 802 bound to ASN A 45
Poly-Saccharide residues NAG A 403 through NAG A 404 bound to ASN A 93
Poly-Saccharide residues PHE A 290 through MAN A 703 bound to ASN A 278
Poly-Saccharide residues NAG H 301 through MAN H 304 bound to ASN H 79
Poly-Saccharide residues NAG H 301 through MAN H 304 bound to ASN H 79
Poly-Saccharide residues NAG C 903 through NAG C 904 bound to ASN C 276
Poly-Saccharide residues NAG C 901 through NAG C 902 bound to ASN C 203
Poly-Saccharide residues NAG A 901 through NAG A 902 bound to ASN A 276
Poly-Saccharide residues NAG D 1001 through NAG D 1002 bound to ASN D 336
Poly-Saccharide residues NAG A 507 through M6D A 520 bound to ASN A 325
Poly-Saccharide residues NAG A 505 through NAG A 506 bound to ASN A 206
Poly-Saccharide residues NAG A 501 through MAN A 504 bound to ASN A 68
Poly-Saccharide residues NAG B 508 through MAN B 511 bound to ASN B 325
Poly-Saccharide residues NAG B 501 through MAN B 505 bound to ASN B 68
Poly-Saccharide residues NAG A 513 through MAN A 517 bound to ASN A 412
Poly-Saccharide residues NAG A 507 through M6D A 520 bound to ASN A 325
Poly-Saccharide residues NAG B 512 through MAN B 516 bound to ASN B 412
Poly-Saccharide residues NAG A 501 through MAN A 504 bound to ASN A 68
Poly-Saccharide residues NAG B 508 through MAN B 511 bound to ASN B 325
Poly-Saccharide residues NAG B 501 through MAN B 505 bound to ASN B 68
Poly-Saccharide residues NAG B 506 through NAG B 507 bound to ASN B 206
Poly-Saccharide residues NAG D 902 through NAG D 903 bound to ASN D 235
Poly-Saccharide residues NAG C 907 through NAG C 908 bound to ASN C 345
Poly-Saccharide residues NAG C 905 through NAG C 906 bound to ASN C 231
Poly-Saccharide residues NAG C 902 through BMA C 904 bound to ASN C 45
Poly-Saccharide residues NAG B 902 through NAG B 903 bound to ASN B 235
Poly-Saccharide residues NAG A 907 through NAG A 908 bound to ASN A 345
Poly-Saccharide residues NAG A 905 through NAG A 906 bound to ASN A 231
Poly-Saccharide residues NAG A 902 through BMA A 904 bound to ASN A 45
Poly-Saccharide residues NAG D 2000 through NAG D 2001 bound to ASN D 1017
Poly-Saccharide residues NAG A 2000 through NAG A 2001 bound to ASN A 1017
Poly-Saccharide residues NAG B 2000 through NAG B 2001 bound to ASN B 1017
Poly-Saccharide residues NAG C 2000 through NAG C 2001 bound to ASN C 1017
Poly-Saccharide residues NAG A 1609 through NAG A 1610 bound to ASN A 312
Poly-Saccharide residues NAG A 1601 through BMA A 1605 bound to ASN A 330
Poly-Saccharide residues NAG A 1611 through NAG A 1612 bound to ASN A 308
Poly-Saccharide residues NAG A 1614 through BMA A 1618 bound to ASN A 330
Poly-Saccharide residues NAG A 1614 through BMA A 1618 bound to ASN A 330
Poly-Saccharide residues NAG B 701 through MAN B 707 bound to ASN B 278
Poly-Saccharide residues NAG B 701 through MAN B 707 bound to ASN B 278
Poly-Saccharide residues NAG C 701 through MAN C 705 bound to ASN C 278
Poly-Saccharide residues NAG D 701 through MAN D 708 bound to ASN D 278
Poly-Saccharide residues NAG A 701 through MAN A 705 bound to ASN A 278
Poly-Saccharide residues NAG D 701 through MAN D 708 bound to ASN D 278
Poly-Saccharide residues NAG A 503 through BMA A 505 bound to ASN A 164
Poly-Saccharide residues NAG A 506 through NAG A 507 bound to ASN A 148
Poly-Saccharide residues NAG A 501 through NAG A 502 bound to ASN A 82
Poly-Saccharide residues NAG C 501 through BMA C 503 bound to ASN C 164
Poly-Saccharide residues NAG C 504 through NAG C 505 bound to ASN C 82
Poly-Saccharide residues NAG C 506 through NAG C 507 bound to ASN C 148
Poly-Saccharide residues NAG B 503 through NAG B 504 bound to ASN B 82
Poly-Saccharide residues NAG B 500 through BMA B 502
Poly-Saccharide residues NAG B 505 through NAG B 506 bound to ASN B 148
Poly-Saccharide residues NAG E 501 through BMA E 503 bound to ASN E 164
Poly-Saccharide residues NAG E 504 through NAG E 505 bound to ASN E 82
Poly-Saccharide residues TYR E 213 through NAG E 507 bound to ASN E 148
Poly-Saccharide residues NAG D 505 through NAG D 506 bound to ASN D 148
Poly-Saccharide residues NAG D 501 through BMA D 503 bound to ASN D 164
Poly-Saccharide residues NAG A 1013 through NAG A 1014 bound to ASN A 448
Poly-Saccharide residues NAG A 1026 through NAG A 1027 bound to ASN A 363
Poly-Saccharide residues NAG A 1019 through BMA A 1021 bound to ASN A 386
Poly-Saccharide residues NAG A 1024 through NAG A 1025 bound to ASN A 160
Poly-Saccharide residues NAG A 1003 through NAG A 1004 bound to ASN A 156
Poly-Saccharide residues NAG A 1016 through NAG A 1017 bound to ASN A 88
Poly-Saccharide residues NAG A 1007 through MAN A 1012 bound to ASN A 262
Poly-Saccharide residues NAG A 1005 through NAG A 1006 bound to ASN A 197
Poly-Saccharide residues NAG A 1001 through NAG A 1002 bound to ASN A 301
Poly-Saccharide residues NAG C 618 through NAG C 619 bound to ASN C 160
Poly-Saccharide residues NAG C 604 through NAG C 605 bound to ASN C 156
Poly-Saccharide residues NAG C 606 through NAG C 607 bound to ASN C 197
Poly-Saccharide residues NAG C 616 through NAG C 617 bound to ASN C 276
Poly-Saccharide residues NAG C 622 through MAN C 625 bound to ASN C 262
Poly-Saccharide residues NAG C 602 through NAG C 603 bound to ASN C 301
Poly-Saccharide residues NAG C 608 through NAG C 609 bound to ASN C 448
Poly-Saccharide residues NAG C 620 through NAG C 621 bound to ASN C 363
Poly-Saccharide residues NAG C 613 through NAG C 614 bound to ASN C 386
Poly-Saccharide residues MAN B 803 through NAG B 813 bound to ASN B 611
Poly-Saccharide residues NAG B 814 through FUC B 823 bound to ASN B 637
Poly-Saccharide residues NAG E 1013 through NAG E 1014 bound to ASN E 448
Poly-Saccharide residues NAG E 1026 through NAG E 1027 bound to ASN E 363
Poly-Saccharide residues NAG E 1018 through BMA E 1020 bound to ASN E 386
Poly-Saccharide residues NAG E 1022 through NAG E 1023 bound to ASN E 276
Poly-Saccharide residues NAG E 1006 through MAN E 1012 bound to ASN E 262
Poly-Saccharide residues NAG E 1004 through NAG E 1005 bound to ASN E 197
Poly-Saccharide residues NAG E 1024 through NAG E 1025 bound to ASN E 160
Poly-Saccharide residues NAG E 1002 through NAG E 1003 bound to ASN E 156
Poly-Saccharide residues MAN B 803 through NAG B 813 bound to ASN B 611
Poly-Saccharide residues NAG D 1002 through NAG D 1003 bound to ASN D 611
Poly-Saccharide residues NAG F 1011 through FUC F 1020 bound to ASN F 637
Poly-Saccharide residues MAN F 1001 through MAN F 1010 bound to ASN F 611
Poly-Saccharide residues MAN B 803 through NAG B 813 bound to ASN B 611
Poly-Saccharide residues NAG B 814 through FUC B 823 bound to ASN B 637
Poly-Saccharide residues NAG F 1011 through FUC F 1020 bound to ASN F 637
Poly-Saccharide residues MAN F 1001 through MAN F 1010 bound to ASN F 611
Poly-Saccharide residues NAG B 814 through FUC B 823 bound to ASN B 637
Poly-Saccharide residues NAG F 1011 through FUC F 1020 bound to ASN F 637
Poly-Saccharide residues NAG A 1001 through NAG A 1002 bound to ASN A 497
Poly-Saccharide residues NAG A 1005 through MAN A 1008 bound to ASN A 578
Poly-Saccharide residues NAG C 401 through MAN C 404 bound to ASN C 110
Poly-Saccharide residues NAG A 401 through MAN A 407 bound to ASN A 110
Poly-Saccharide residues NAG C 401 through MAN C 404 bound to ASN C 110
Poly-Saccharide residues NAG A 401 through MAN A 407 bound to ASN A 110
Poly-Saccharide residues NAG C 401 through MAN C 404 bound to ASN C 110
Poly-Saccharide residues NAG B 501 through BMA B 503 bound to ASN B 149
Poly-Saccharide residues NAG B 504 through NAG B 505 bound to ASN B 80
Poly-Saccharide residues NAG E 501 through BMA E 503 bound to ASN E 149
Poly-Saccharide residues NAG E 504 through NAG E 505 bound to ASN E 80
Poly-Saccharide residues NAG A 401 through MAN A 407 bound to ASN A 110
Poly-Saccharide residues NAG A 401 through MAN A 407 bound to ASN A 110
Poly-Saccharide residues NAG C 401 through MAN C 404 bound to ASN C 110
Poly-Saccharide residues NAG A 401 through MAN A 407 bound to ASN A 110
Poly-Saccharide residues NAG C 401 through MAN C 404 bound to ASN C 110
Poly-Saccharide residues NAG B 402 through BMA B 404 bound to ASN B 149
Poly-Saccharide residues NAG B 405 through NAG B 406 bound to ASN B 80
Poly-Saccharide residues NAG C 401 through MAN C 404 bound to ASN C 110
Poly-Saccharide residues NAG A 401 through MAN A 407 bound to ASN A 110
Poly-Saccharide residues NAG A 401 through MAN A 407 bound to ASN A 110
Poly-Saccharide residues NAG E 404 through NAG E 405 bound to ASN E 80
Poly-Saccharide residues NAG E 401 through BMA E 403 bound to ASN E 149
Poly-Saccharide residues NAG A 401 through MAN A 407 bound to ASN A 110
Poly-Saccharide residues NAG A 401 through NDG A 402 bound to ASN A 236
Poly-Saccharide residues NAG A 403 through NAG A 404 bound to ASN A 93
Poly-Saccharide residues NAG A 602 through FUC A 604 bound to ASN A 445
Poly-Saccharide residues NAG C 601 through FUC C 605 bound to ASN C 445
Poly-Saccharide residues NAG B 601 through MAN B 607 bound to ASN B 445
Poly-Saccharide residues NAG C 601 through FUC C 605 bound to ASN C 445
Poly-Saccharide residues NAG B 601 through MAN B 607 bound to ASN B 445
Poly-Saccharide residues NAG A 602 through FUC A 604 bound to ASN A 445
Poly-Saccharide residues NAG D 601 through FUC D 606 bound to ASN D 378
Poly-Saccharide residues NAG E 504 through NAG E 505 bound to ASN E 148
Poly-Saccharide residues NAG E 502 through NAG E 503 bound to ASN E 164
Poly-Saccharide residues NAG D 502 through NAG D 503 bound to ASN D 164
Poly-Saccharide residues NAG D 504 through NAG D 505 bound to ASN D 148
Poly-Saccharide residues NAG C 504 through NAG C 505 bound to ASN C 148
Poly-Saccharide residues NAG C 502 through NAG C 503 bound to ASN C 164
Poly-Saccharide residues NAG B 504 through NAG B 505 bound to ASN B 148
Poly-Saccharide residues NAG B 502 through NAG B 503 bound to ASN B 164
Poly-Saccharide residues NAG A 502 through NAG A 503 bound to ASN A 164
Poly-Saccharide residues NAG A 504 through NAG A 505 bound to ASN A 148
Poly-Saccharide residues BMA A 503 through NAG A 505 bound to ASN A 164
Poly-Saccharide residues NAG A 506 through NAG A 507 bound to ASN A 148
Poly-Saccharide residues NAG A 501 through NAG A 502 bound to ASN A 82
Poly-Saccharide residues NAG C 506 through NAG C 507 bound to ASN C 148
Poly-Saccharide residues BMA C 503 through NAG C 505 bound to ASN C 164
Poly-Saccharide residues NAG C 501 through NAG C 502 bound to ASN C 82
Poly-Saccharide residues BMA B 503 through NAG B 505 bound to ASN B 164
Poly-Saccharide residues NAG B 501 through NAG B 502 bound to ASN B 82
Poly-Saccharide residues NAG B 506 through NAG B 507 bound to ASN B 148
Poly-Saccharide residues NAG E 507 through NAG E 508 bound to ASN E 148
Poly-Saccharide residues BMA E 504 through NAG E 506 bound to ASN E 164
Poly-Saccharide residues NAG E 502 through NAG E 503 bound to ASN E 82
Poly-Saccharide residues NAG D 502 through NAG D 503 bound to ASN D 82
Poly-Saccharide residues NAG D 507 through NAG D 508 bound to ASN D 148
Poly-Saccharide residues BMA D 504 through NAG D 506 bound to ASN D 164
Poly-Saccharide residues NAG D 504 through NAG D 505 bound to ASN D 148
Poly-Saccharide residues NAG D 502 through NAG D 503 bound to ASN D 164
Poly-Saccharide residues NAG E 905 through NAG E 906 bound to ASN E 148
Poly-Saccharide residues NAG E 903 through NAG E 904 bound to ASN E 164
Poly-Saccharide residues NAG A 502 through NAG A 503 bound to ASN A 164
Poly-Saccharide residues NAG A 504 through NAG A 505 bound to ASN A 148
Poly-Saccharide residues NAG B 502 through NAG B 503 bound to ASN B 164
Poly-Saccharide residues NAG B 504 through NAG B 505 bound to ASN B 148
Poly-Saccharide residues NAG C 504 through NAG C 505 bound to ASN C 148
Poly-Saccharide residues NAG C 502 through NAG C 503 bound to ASN C 164
Poly-Saccharide residues NAG E 905 through NAG E 906 bound to ASN E 148
Poly-Saccharide residues NAG E 903 through NAG E 904 bound to ASN E 164
Poly-Saccharide residues NAG D 905 through NAG D 906 bound to ASN D 148
Poly-Saccharide residues NAG D 903 through NAG D 904 bound to ASN D 164
Poly-Saccharide residues NAG A 502 through NAG A 503 bound to ASN A 164
Poly-Saccharide residues NAG A 504 through NAG A 505 bound to ASN A 148
Poly-Saccharide residues NAG C 504 through NAG C 505 bound to ASN C 148
Poly-Saccharide residues NAG C 502 through NAG C 503 bound to ASN C 164
Poly-Saccharide residues NAG B 502 through NAG B 503 bound to ASN B 164
Poly-Saccharide residues NAG B 504 through NAG B 505 bound to ASN B 148
Poly-Saccharide residues NAG D 1300 through MAN D 1309 bound to ASN D 732
Poly-Saccharide residues NAG C 1300 through MAN C 1309 bound to ASN C 732
Poly-Saccharide residues NAG B 1300 through MAN B 1309 bound to ASN B 732
Poly-Saccharide residues NAG A 1300 through MAN A 1309 bound to ASN A 732
Poly-Saccharide residues NAG B 706 through NAG B 707 bound to ASN B 389
Poly-Saccharide residues NAG B 704 through NAG B 705 bound to ASN B 360
Poly-Saccharide residues NAG B 702 through NAG B 703 bound to ASN B 191
Poly-Saccharide residues NAG B 708 through BMA B 710 bound to ASN B 414
Poly-Saccharide residues NAG A 1005 through MAN A 1010 bound to ASN A 266
Poly-Saccharide residues NAG A 1003 through NAG A 1004 bound to ASN A 260
Poly-Saccharide residues NAG A 1001 through NAG A 1002 bound to ASN A 44
Poly-Saccharide residues NAG B 704 through NAG B 705 bound to ASN B 360
Poly-Saccharide residues NAG A 1012 through NAG A 1013 bound to ASN A 585
Poly-Saccharide residues NAG B 702 through NAG B 703 bound to ASN B 191
Poly-Saccharide residues BMA A 1613 through NAG A 1615 bound to ASN A 312
Poly-Saccharide residues BMA A 1616 through NAG A 1618 bound to ASN A 308
Poly-Saccharide residues NAG A 1619 through NAG A 1620 bound to ASN A 300
Poly-Saccharide residues NAG A 1607 through NAG A 1609 bound to ASN A 1034
Poly-Saccharide residues NAG A 1610 through NAG A 1612 bound to ASN A 1015
Poly-Saccharide residues NAG A 1601 through BMA A 1605 bound to ASN A 330
Poly-Saccharide residues NAG A 1603 through NAG A 1604 bound to ASN A 1034
Poly-Saccharide residues NAG A 1603 through NAG A 1604 bound to ASN A 1034
Poly-Saccharide residues NAG A 1601 through NAG A 1602 bound to ASN A 330
Poly-Saccharide residues NAG A 506 through NAG A 507 bound to ASN A 205
Poly-Saccharide residues NAG A 501 through MAN A 505 bound to ASN A 114
Poly-Saccharide residues ARG C 196 through MAN C 506 bound to ASN C 149
Poly-Saccharide residues NAG C 507 through BMA C 509 bound to ASN C 80
Poly-Saccharide residues ARG B 196 through MAN B 506 bound to ASN B 149
Poly-Saccharide residues NAG B 507 through BMA B 509 bound to ASN B 80
Poly-Saccharide residues ARG E 196 through MAN E 506 bound to ASN E 149
Poly-Saccharide residues NAG E 507 through BMA E 509 bound to ASN E 80
Poly-Saccharide residues ARG D 196 through MAN D 506 bound to ASN D 149
Poly-Saccharide residues NAG D 507 through BMA D 509 bound to ASN D 80
Poly-Saccharide residues ARG D 196 through MAN D 506 bound to ASN D 149
Poly-Saccharide residues ARG C 196 through MAN C 506 bound to ASN C 149
Poly-Saccharide residues ARG E 196 through MAN E 506 bound to ASN E 149
Poly-Saccharide residues NAG A 1603 through NAG A 1604 bound to ASN A 1034
Poly-Saccharide residues NAG A 1603 through NAG A 1604 bound to ASN A 1034
Poly-Saccharide residues NAG A 1601 through NAG A 1602 bound to ASN A 330
Poly-Saccharide residues NAG A 1601 through NAG A 1602 bound to ASN A 330
Poly-Saccharide residues NAG A 1603 through NAG A 1604 bound to ASN A 1034
Poly-Saccharide residues NAG D 1001 through NAG D 1002 bound to ASN D 336
Poly-Saccharide residues NAG D 1003 through NAG D 1004 bound to ASN D 681
Poly-Saccharide residues NAG C 1005 through NAG C 1006 bound to ASN C 276
Poly-Saccharide residues NAG C 1003 through NAG C 1004 bound to ASN C 203
Poly-Saccharide residues NAG C 1001 through NAG C 1002 bound to ASN C 61
Poly-Saccharide residues NAG A 1001 through NAG A 1002 bound to ASN A 61
Poly-Saccharide residues NAG A 1005 through NAG A 1006 bound to ASN A 276
Poly-Saccharide residues NAG A 1003 through NAG A 1004 bound to ASN A 203
Poly-Saccharide residues NAG B 401 through NAG B 402 bound to ASN B 187
Poly-Saccharide residues NAG A 401 through NAG A 402 bound to ASN A 187
Poly-Saccharide residues NAG A 1904 through NAG A 1905 bound to ASN A 1205
Poly-Saccharide residues NAG A 1901 through BMA A 1903 bound to ASN A 362
Poly-Saccharide residues NAG A 1906 through NAG A 1907
Poly-Saccharide residues LMT A 1302 through PX4 A 1307
Poly-Saccharide residues NAG D 502 through MAN D 506 bound to ASN D 111
Poly-Saccharide residues NAG E 502 through NAG E 503 bound to ASN E 80
Poly-Saccharide residues NAG E 504 through MAN E 509 bound to ASN E 149
Poly-Saccharide residues NAG D 502 through MAN D 506 bound to ASN D 111
Poly-Saccharide residues NAG A 503 through MAN A 509 bound to ASN A 111
Poly-Saccharide residues NAG D 502 through MAN D 506 bound to ASN D 111
Poly-Saccharide residues NAG A 503 through MAN A 509 bound to ASN A 111
Poly-Saccharide residues NAG C 3000 through NAG C 3001 bound to ASN C 208
Poly-Saccharide residues NAG A 503 through MAN A 509 bound to ASN A 111
Poly-Saccharide residues NAG B 503 through MAN B 508 bound to ASN B 149
Poly-Saccharide residues NAG B 501 through NAG B 502 bound to ASN B 80
Poly-Saccharide residues NAG D 501 through MAN D 505 bound to ASN D 111
Poly-Saccharide residues NAG A 501 through MAN A 507 bound to ASN A 111
Poly-Saccharide residues NAG E 501 through NAG E 502 bound to ASN E 80
Poly-Saccharide residues NAG E 503 through MAN E 508 bound to ASN E 149
Poly-Saccharide residues NAG D 501 through MAN D 505 bound to ASN D 111
Poly-Saccharide residues NAG A 501 through MAN A 507 bound to ASN A 111
Poly-Saccharide residues NAG D 501 through MAN D 505 bound to ASN D 111
Poly-Saccharide residues NAG B 501 through MAN B 506 bound to ASN B 149
Poly-Saccharide residues NAG B 507 through NAG B 508 bound to ASN B 80
Poly-Saccharide residues NAG C 3000 through NAG C 3001 bound to ASN C 208
Poly-Saccharide residues NAG A 501 through MAN A 507 bound to ASN A 111
Poly-Saccharide residues NAG B 503 through NAG B 504 bound to ASN B 80
Poly-Saccharide residues NAG B 505 through MAN B 510 bound to ASN B 149
Poly-Saccharide residues NAG A 502 through MAN A 508 bound to ASN A 111
Poly-Saccharide residues NAG C 3000 through NAG C 3001 bound to ASN C 208
Poly-Saccharide residues NAG A 502 through MAN A 508 bound to ASN A 111
Poly-Saccharide residues NAG D 2003 through MAN D 2007 bound to ASN D 111
Poly-Saccharide residues NAG A 502 through MAN A 508 bound to ASN A 111
Poly-Saccharide residues NAG D 2003 through MAN D 2007 bound to ASN D 111
Poly-Saccharide residues NAG E 503 through NAG E 504 bound to ASN E 80
Poly-Saccharide residues NAG E 505 through MAN E 510 bound to ASN E 149
Poly-Saccharide residues NAG D 2003 through MAN D 2007 bound to ASN D 111
Poly-Saccharide residues NAG A 503 through MAN A 509 bound to ASN A 111
Poly-Saccharide residues NAG D 503 through MAN D 507 bound to ASN D 111
Poly-Saccharide residues NAG C 3000 through NAG C 3001 bound to ASN C 208
Poly-Saccharide residues NAG A 503 through MAN A 509 bound to ASN A 111
Poly-Saccharide residues NAG B 503 through MAN B 508 bound to ASN B 149
Poly-Saccharide residues NAG B 501 through NAG B 502 bound to ASN B 80
Poly-Saccharide residues NAG E 502 through NAG E 503 bound to ASN E 80
Poly-Saccharide residues NAG E 504 through MAN E 509 bound to ASN E 149
Poly-Saccharide residues NAG D 503 through MAN D 507 bound to ASN D 111
Poly-Saccharide residues NAG D 503 through MAN D 507 bound to ASN D 111
Poly-Saccharide residues NAG A 503 through MAN A 509 bound to ASN A 111
Poly-Saccharide residues NAG D 502 through MAN D 506 bound to ASN D 111
Poly-Saccharide residues NAG A 502 through MAN A 510 bound to ASN A 111
Poly-Saccharide residues NAG C 502 through NAG C 503 bound to ASN C 208
Poly-Saccharide residues NAG A 502 through MAN A 510 bound to ASN A 111
Poly-Saccharide residues NAG B 503 through MAN B 508 bound to ASN B 149
Poly-Saccharide residues NAG B 501 through NAG B 502 bound to ASN B 80
Poly-Saccharide residues NAG E 501 through NAG E 502 bound to ASN E 80
Poly-Saccharide residues NAG D 502 through MAN D 506 bound to ASN D 111
Poly-Saccharide residues NAG E 503 through MAN E 508 bound to ASN E 149
Poly-Saccharide residues NAG D 502 through MAN D 506 bound to ASN D 111
Poly-Saccharide residues NAG A 502 through MAN A 510 bound to ASN A 111
Poly-Saccharide residues NAG A 801 through NAG A 802 bound to ASN A 45
Poly-Saccharide residues NAG A 808 through NAG A 809 bound to ASN A 435
Poly-Saccharide residues NAG A 803 through BMA A 807 bound to ASN A 55
Poly-Saccharide residues NAG A 811 through NAG A 812 bound to ASN A 573
Poly-Saccharide residues NAG A 813 through NAG A 814 bound to ASN A 530
Poly-Saccharide residues NAG A 815 through NAG A 816 bound to ASN A 562
Poly-Saccharide residues NAG A 801 through NAG A 802 bound to ASN A 45
Poly-Saccharide residues TYR A 21 through DMU A 310
Poly-Saccharide residues BGC A 903 through GAL A 919
Poly-Saccharide residues BGC A 903 through GAL A 919
Poly-Saccharide residues NAG H 701 through NAG H 702 bound to ASN H 563
Poly-Saccharide residues NAG D 701 through NAG D 702 bound to ASN D 563
Poly-Saccharide residues NAG F 701 through NAG F 702 bound to ASN F 563
Poly-Saccharide residues NAG F 701 through NAG F 702 bound to ASN F 563
Poly-Saccharide residues NAG H 701 through NAG H 702 bound to ASN H 563
Poly-Saccharide residues NAG A 1318 through NAG A 1319
Poly-Saccharide residues NAG A 1310 through NAG A 1311 bound to ASN A 598
Poly-Saccharide residues NAG A 1306 through BMA A 1308 bound to ASN A 557
Poly-Saccharide residues NAG A 1301 through NAG A 1302 bound to ASN A 222
Poly-Saccharide residues NAG A 1304 through NAG A 1305 bound to ASN A 524
Poly-Saccharide residues NAG A 1312 through MAN A 1315 bound to ASN A 478
Poly-Saccharide residues NAG D 701 through NAG D 702 bound to ASN D 563
Ligand residues PPN B 16 through GLY B 17 bound to THR B 15
Ligand residues PPN B 16 through GLY B 17 bound to THR B 15
Poly-Saccharide residues NAG A 502 through NAG A 503
Poly-Saccharide residues BMA A 504 through NAG A 506
Poly-Saccharide residues NAG A 507 through NAG A 508
Poly-Saccharide residues NAG B 506 through NAG B 507
Poly-Saccharide residues NAG B 503 through BMA B 505 bound to ASN B 164
Poly-Saccharide residues NAG B 508 through NAG B 509
Poly-Saccharide residues NAG C 506 through NAG C 507
Poly-Saccharide residues BMA C 501 through NAG C 503
Poly-Saccharide residues NAG C 504 through NAG C 505
Poly-Saccharide residues BMA D 502 through NAG D 504
Poly-Saccharide residues NAG D 505 through NAG D 506 bound to ASN D 82
Poly-Saccharide residues NAG D 507 through NAG D 508
Poly-Saccharide residues NAG E 505 through NAG E 506
Poly-Saccharide residues NAG E 507 through NAG E 508
Poly-Saccharide residues BMA E 502 through NAG E 504
Poly-Saccharide residues NAG C 504 through NAG C 505
Poly-Saccharide residues NAG C 506 through NAG C 507 bound to ASN C 148
Poly-Saccharide residues BMA C 501 through NAG C 503
Poly-Saccharide residues NAG B 501 through BMA B 503 bound to ASN B 164
Poly-Saccharide residues NAG B 504 through NAG B 505 bound to ASN B 82
Poly-Saccharide residues NAG B 506 through NAG B 507
Poly-Saccharide residues BMA A 503 through NAG A 505
Poly-Saccharide residues NAG A 506 through NAG A 507 bound to ASN A 148
Poly-Saccharide residues NAG A 501 through NAG A 502 bound to ASN A 82
Poly-Saccharide residues NAG B 506 through NAG B 507
Poly-Saccharide residues NAG E 506 through NAG E 507 bound to ASN E 148
Poly-Saccharide residues NAG E 504 through NAG E 505 bound to ASN E 82
Poly-Saccharide residues BMA E 501 through NAG E 503
Poly-Saccharide residues NAG D 506 through NAG D 507
Poly-Saccharide residues NAG D 504 through NAG D 505 bound to ASN D 82
Poly-Saccharide residues BMA D 501 through NAG D 503 bound to ASN D 164
len(membrane_total_site):
1873
alltime = 
0:01:21.868390
