1abi
1tpw
1tpw
1tpu
1tpu
1tph
1tph
1tpl
1tpl
1tpc
1tpc
1tpb
1tpb
1tpv
1tpv
1arw
1arw
1arw
1arg
1arg
1arg
1arg
1arh
1arh
1arh
1arh
1arx
1arx
1arx
1arv
1arv
1arv
1arp
1arp
1arp
1aru
1aru
1aru
1ary
1ary
1ary
1ari
1ari
1ari
1ari
5l05
5l05
4m6g
1af4
1afb
1afb
1afb
1afb
1afb
1afb
1afb
1afb
1afb
1afd
1afd
1afd
1afd
1afd
1afd
1afd
1afd
1afa
1afa
1afa
1afa
1afa
1afa
1afa
1afa
1afa
2dfp
1emy
1emd
1srx
2srt
2srt
2srt
1srp
1thc
1thc
1tha
1tha
1thx
185l
1cdn
1cdn
1cdo
1cdo
1cdp
1cdp
1tus
1tur
1bvi
1bvi
1pbx
1pbx
2lfb
1lfh
1lfi
1lfi
1lfi
1lfi
1ctn
1ivc
1ivf
1ivg
1ivd
1ive
1rsc
1rsc
1rsc
1rsc
1rsc
1rsc
1rsc
1rsc
1rsc
1rsc
1rsc
1rsc
1rsc
1rsc
1rsc
1rsc
1rsc
1rsc
1rsc
1rsc
1rsc
1rsc
1rsc
1rsc
2dln
2dln
2dlf
2dnj
1dnk
2cut
1cuw
1cuw
1cus
1ncg
1nci
1nch
1kbp
1kbp
1kbp
1kbp
1asl
1asl
1asl
1asl
1asd
1asc
1asg
1asb
1asn
1asn
1asn
1asn
1asa
1asf
1ase
1asm
1asm
1asm
1asm
1ylv
1fbf
1fbf
1fbf
1fbf
1fbd
1fbd
1fbd
1fbd
1fbd
1fbd
1fbd
1fbe
1fbe
1fbe
1fbe
1fbe
1fbe
1fbe
1fba
1fba
1fba
1fba
4jky
4jky
4jky
4jky
4l7y
4l7y
4l7y
4l7y
4l7y
4l7y
1rbr
1rbf
1rbf
1rbc
1rbc
1rbg
1rbg
1rbe
1rbe
1rbt
1rbh
1rbh
1rbd
1rbd
1rbs
1rbv
1rbl
1rbl
1rbl
1rbl
1rbl
1rbl
1rbl
1rbl
1rbl
1rbl
1rbl
1rbl
1rbl
1rbl
1rbl
1rbl
1rbl
1rbl
1rbl
1rbl
1rbl
1rbl
1rbl
1rbl
1rbl
1rbl
1rbl
1rbl
1rbl
1rbl
1rbl
1rbl
1rbl
1rbl
1rbl
1rbu
1rbi
1rbi
1gph
1gph
1gph
1gph
1gph
1gph
1gph
1gph
1gph
1gph
1gph
1gph
1gph
1gph
1gph
1gph
4gpd
3m8b
3m8b
3m8b
3m8b
3m8b
3m8b
3m8b
3m8b
3m8b
3m8b
3m8b
3m8d
3m8d
3m8d
3m8d
3m8d
3m8d
3m8d
3m8d
3m8d
3m8d
1htb
1htb
1htb
1htb
3htc
4htc
1rtm
1rtm
1rtm
1rtm
1rtm
1rtm
1rtm
1rtm
1rtm
1rta
1rtp
1rtp
1rtp
1rtp
1rtp
1rtp
1k22
1k21
2hoh
2hoh
5hoh
5hoh
3hoh
3hoh
4hoh
4hoh
3nos
3nos
2not
2not
4nos
4nos
1nox
1pvd
1pvd
1pvd
1pvd
1vfr
1vfr
1mhu
1mhu
1mhu
1mhu
2mhu
2mhu
2mhu
1mrt
1mrt
1mrt
1mrt
1mrb
1mrb
1mrb
1mrb
2mrt
2mrt
2mrt
2mrb
2mrb
2mrb
2scp
2scp
2scp
2scp
2scp
2scp
1sce
1sce
1scb
1sca
1ldy
1brp
5syl
5syx
1lem
1lem
2let
1len
1len
1len
1len
1len
1len
1led
1led
1led
1lec
1lec
1lec
1les
1les
1les
1les
1les
1les
1isb
1isb
1isc
1isc
1isa
1isa
1bbd
1bbd
1bbd
1bbd
1bbd
1bbd
1bbi
1bbi
2bbi
2bbi
2bbk
2bbk
1bbs
1bbs
1bsr
1bsr
1bsr
1bsr
1cel
1cel
1cel
1cel
1dyr
1put
1ffe
1ffd
1ffb
1ffc
1ffa
2snv
1tox
1tox
1ddn
1ddn
1ddn
1ddn
1ddn
1ddn
1ddn
1ddn
1ddo
1ddo
1ddo
1ddo
1ddo
1ddo
1ddo
1ddo
1rga
1rga
1rga
1rga
1onc
1xso
1xso
1hqa
1hqa
3tmn
3tmn
3tmn
3tmn
2acr
1aco
7acn
1acb
1acb
2acq
2acs
1acj
8acn
2acu
1acl
1b0u
5vcb
5vcb
5vcb
5vcb
5vcb
5vcb
5vcb
5vcb
5vcb
5vcb
5vcb
5vcb
5vcb
5vcb
5vcb
5vcb
5vcb
5vcb
5vcb
5vcb
5vcb
5vcb
5vcb
5vcb
5vcb
5vcb
5vcb
5vcb
5vcb
5vcb
5vcb
5vcb
5vcb
5vcb
5vcb
5vcb
1fxd
2pna
2pnb
1bfk
1bfx
1bfu
3lz2
1lz1
1lz1
1spd
1spd
1spd
1spd
1tlm
1tlm
1b49
1b49
1b4p
1var
1var
2vao
2vao
1vao
1vao
1hcg
7cpa
7cpa
1cpc
8cpa
8cpa
6cpa
1cpy
1cpy
1cpy
1cpy
5cpv
5cpv
4cpv
4cpv
1fkb
1fks
1fkg
1fkh
1fkt
1fkr
1fki
1fki
1fkw
1fkf
1rck
1rcl
2hgt
1hgt
1qi2
1qi2
3qi1
1qi5
1qi4
1qi3
1qi0
1qi0
1lpb
1lpa
1lph
1lph
1lph
1sdy
1sdy
1sdy
1sdy
3sdp
3sdp
1llp
2cwg
2cwg
2cwg
2cwg
2cwg
3w0n
3w0n
4jrc
4jrc
1yat
1lmt
1hdz
1hdz
1hdz
1hdz
1hdz
1hdz
1hdx
1hdx
1hdx
1hdx
1hdx
1hdx
1hdx
1hdx
1hdy
1hdy
1hdy
1hdy
1hdy
1hdy
1hdy
1hdy
1hda
1hda
1hda
1hda
1mmo
1mmo
1adb
1adb
1adb
1adb
6adh
6adh
6adh
6adh
1adc
1adc
1adc
1adc
1crl
1crx
1crx
1pyd
1pyd
1pyd
1pyd
1buq
1buq
1kfs
2kfn
2kfz
1mea
1med
186l
1nnb
1nnb
1nna
1nna
4nzy
4nzy
4nzy
4nzy
4nzy
4nzy
4nzy
4nzy
4nzy
4nzy
4nzy
4nzy
4nzy
4nzy
4nzy
4nzy
4nzy
4nzy
4nzy
4nzy
4nzy
4nzy
4nzy
4nzy
4nzy
4nzy
4nzy
4nzy
1ap5
1a7v
1a7v
1a7x
1a7x
1azb
1azb
1azb
1azb
1azb
1azb
1azc
1azc
1azc
1azc
1azc
1azc
1azw
1b3q
2cmd
1cmf
1cmf
1cmg
1cmg
1tnq
1tnq
1tnx
1tnx
1tnx
1tnx
1tnw
1tnw
1tnw
1tnw
1tnp
1tnp
1hny
2hnt
2hnt
2hnt
1eta
1eta
1pek
5pep
1pea
1hbp
1lbt
1lbt
1slb
1slb
1slb
1slb
1slb
1slb
1slb
1slb
1slb
1slb
1slb
1slb
1sla
1sla
1sla
1sla
1sla
1sla
1slc
1slc
1slc
1slc
1slc
1slc
1slc
1slc
1slc
1slc
1slc
1slc
2ech
3eca
3eca
3eca
3eca
1btl
1btg
1btg
1omt
1omu
1ciz
1ciu
1ciu
1ciu
2ci2
8hvp
8hvp
1hvu
1hvu
1hvu
1hvu
3hvp
1rhl
1rhl
1rwy
1rwy
1rwy
1rwy
1rwy
1rwy
3qfv
3qfv
3qfv
3qfv
3qfv
3qfv
3qfv
1nrq
1nrp
1nrn
1nro
1nrs
1d6o
1d6o
1fca
3u69
3u69
3u69
3u69
3u69
3u69
3u69
1icn
3icb
3icb
1icm
1aqa
1aqh
4oip
4oip
4oip
4oin
4oin
4oin
4oin
4oir
4oir
4oir
4oir
4oiq
4oiq
4oiq
2sar
2sar
1sac
1sac
1sac
1sac
1sac
1sac
1sac
1sac
1sac
1sac
2sas
2sas
2sas
1cao
1can
2cam
2cam
5u06
5u06
5u06
5u06
5u06
5u06
5u06
5u06
5u06
5u06
5u06
5u06
5u06
5u06
5u06
5u06
5u06
5u06
5u06
5u06
5u06
5u06
5u06
5u06
5u06
5u06
5u06
5u06
5u06
5u06
5u06
5u06
5u06
5u06
5u06
5u06
5u06
5u06
5u06
5u06
5u06
5u06
5u06
5u06
5u06
5u06
5u06
5u06
5u06
5u06
5u06
5u06
5u06
5u06
5u06
5u06
5u06
2sim
2sil
1sip
1utg
1chc
1chc
1chn
1bcu
1bcf
1bcf
1bcf
1bcf
1bcf
1bcf
1bcf
1bcf
1bcf
1bcf
1bcf
1bcf
1bcf
1bcf
1bcf
1bcf
1bcf
1bcf
1bcf
1bcf
1bcf
1bcf
1bcf
1bcf
1bg9
1bg9
1ami
1am6
1amj
1amy
1amy
4p9v
4p9z
1msb
1msb
1msb
1msb
1tyr
1tyr
1bdq
1bdq
1bdl
1bdl
1det
1deg
1deg
1deg
1deg
1deh
1deh
1deh
1deh
1de7
1de7
1sup
5suu
5suu
5suu
5suu
5suu
5suu
5suu
5suu
5suu
5suu
5suu
5suu
1osa
1osa
1osa
1osa
4osy
4osy
4osy
4osy
4osy
4osy
4osy
4osy
1jcv
1jcv
4ozb
4ozb
4ozb
4ozb
4ozb
4ozb
4ozb
4ozb
4ozb
4ozb
2oz9
2oz9
2oz9
2oz9
1cfb
1coa
1cob
1cob
1dhy
1tew
2gsp
2gsp
1gsp
1gsp
5gsp
5gsp
4gsp
4gsp
7gsp
7gsp
6gsp
6gsp
3gsp
3gsp
1gsq
1be8
1ben
1ben
1ben
1nhb
1mak
1mak
1mak
1mat
1maj
1maj
1maj
188l
1qhz
1qhz
1gbg
3gbp
3gbp
1pop
1poe
1poe
1poe
1poe
1poa
1poa
1pod
1pod
1pob
1pob
1pob
1pob
1poc
1pov
1rdg
3er5
1erh
2er0
4er2
1eri
1eri
1eri
1er8
4er4
1erg
1b5f
1b5d
1b5d
1mbl
1mbl
2liv
2lig
2lig
2lig
2lig
1hld
1hld
1hld
1hld
1hld
1hld
1hld
1hld
1hlm
2hlc
2hlc
2hlp
2hlp
2hlp
2hlp
1hwt
1hwt
1hwt
1hwt
1hwt
1hwt
1rav
1rav
1ray
1aia
1aia
1aia
1aia
1aic
1aic
1aic
1aic
1ain
1ain
1ain
1ain
1ain
1ain
1aib
1aib
1aib
1aib
3gn4
3gn4
1aac
3aat
1aaw
2aae
2aae
2aad
2aad
2aad
2aad
2aad
2aad
1trh
1try
4try
4try
1trn
1trn
1gar
1gar
1d7i
1d7i
1d7j
1d7j
1d7h
1d7h
1clb
1clb
4cln
4cln
4cln
4cln
1glq
1glq
1glq
1glq
1glq
1glq
2glr
2glr
2glr
2glr
2glr
2glr
1glf
1glf
1glf
1glf
1glp
1glp
1glp
1glp
1glp
1glp
1gle
1gle
1gle
1glu
1glu
1glu
1glu
1bks
2hhm
2hhm
9est
1esb
1est
1esa
1esd
1inp
1nlk
1nlr
2mta
2mta
2mta
2mta
1dsb
1dsb
183l
1boc
1boc
1bod
1bod
1cge
1cgp
1cgp
1cgp
1cgp
1cgf
1cgf
1drj
2dri
1dra
1dra
1dra
1dra
1dra
1dra
1dra
1dra
1drs
1drb
1drb
1drb
1drb
1drb
1drb
1drb
1drb
1drk
1rrl
1rrl
1rrh
1csh
1csh
1csi
1csi
1csr
1csr
1css
1css
1anj
1anj
1ang
1ang
1ani
1ani
1hii
1hii
1hii
1hii
1hii
1hii
1hii
1hii
1hii
1hii
1hih
1hih
1hih
1hih
1hih
1hih
1hih
1hih
1hih
1hih
1ew8
1ew8
1ew8
1ew8
1ew9
1ew9
1ew9
1ew9
4bp2
1bpx
1bpz
1bpy
1wht
1wht
1whs
1whs
1k1i
1k1j
1k1p
1k1n
1k1m
1k1o
1k1l
1nbv
1nbv
1nbv
1nbv
1nbv
3tz4
3tz4
3tz4
3tz4
182l
1dtp
1nes
1pdc
1pda
1a3h
1cbv
1cbv
1cbv
1cbv
1cbv
1akp
2mcm
1frp
1frp
1frp
1frp
1frp
1frp
1gcd
1gcb
1gca
1gca
1ksp
3wbe
3wbe
1yrg
1yrg
2rln
2rln
1kdu
1kdu
2kdh
117e
117e
117e
117e
117e
117e
1wab
1tih
1tin
1avd
1avd
1avp
1ave
1ave
1imc
1imc
1imd
1imd
1ima
1ima
1imb
1imb
1lna
1lnd
1lnd
1lne
1lnc
1lnf
1igm
1igm
1igm
1igm
1igm
1igm
1uco
1mda
1mda
1mda
1mda
7mdh
7mdh
7mdh
7mdh
7mdh
7mdh
7mdh
7mdh
7mdh
7mdh
7mdh
1ofv
1udg
1vhh
1sos
1sos
1sos
1sos
1sos
1sos
1sos
1sos
1sos
1sos
1sos
1sos
1sos
1sos
1sos
1sos
1sos
1sos
1sos
1sos
3sod
3sod
3sod
3sod
3sod
3sod
3sod
3sod
1ttf
1ttg
1ttp
1ttq
1krp
1dct
1dct
1dct
1dct
1nit
1nis
1elg
1elf
1hyt
1hyt
1hyl
1hyl
1eau
1eas
1eat
1hag
2hap
2hap
1har
1hah
3hat
181l
1tsv
1tsz
1tsy
1tsx
1tsw
1npx
1npc
1npc
1npc
1npc
1npc
1a9p
1a9p
3rn3
1rnr
1rnr
1rnc
1rnc
1rnc
1rnd
1rnd
1rnd
1rnu
2rn2
1rnv
1hsx
1hsw
1ypa
1ypc
1ypb
187l
3uo9
3uo9
3uo9
3uo9
3uo9
3uo9
3uo9
3uo9
3uo9
3uo9
3uo9
3uo9
3uo9
3uo9
1atp
1atp
1ril
1dks
1dks
1dkt
3pte
1dox
1doy
1a6v
1a6v
1a6v
1a6v
1a6v
1a6v
1a6v
1a6v
1a61
1pmc
1ahy
1ahy
1ahy
1ahy
1ahg
1ahg
1ahg
1ahg
1ahz
1ahz
1ahv
1ahv
1ahe
1ahe
1ahe
1ahe
1ahu
1ahu
1ahf
1ahf
1ahf
1ahf
1ahx
1ahx
1ahx
1ahx
1agy
1agi
1agi
1dih
1dit
2ebn
6ebx
6ebx
6ebx
6ebx
6ebx
6ebx
1sbi
1sbi
1sbi
1ums
1ums
1ums
3hud
3hud
3hud
3hud
3hud
3hud
184l
1aus
1aus
1aus
1aus
1aus
1aus
1ppc
1ppc
1g0f
1g0e
1bam
1lct
1lcf
1lcf
1lcf
1lcf
1lcp
1lcp
1bib
1bib
1bi6
2bi6
1bia
1bia
1bip
4n8y
4n8y
1tcs
1tcs
1tcs
1tcs
1tcc
1tcc
1tcb
1tcb
1tca
1sgp
1sgp
1sgq
1sgq
1sgr
1sgr
2pah
2pah
2pas
2pas
1par
1par
3pat
3pat
9pap
2lhb
1ysc
1ysc
1ysc
1ysc
1bhm
1bhm
5kt8
5kt8
4gkj
1hml
1hml
1goa
1gob
1goc
1cxf
1cxf
1cxf
1cxf
1cxf
1cxf
1cxu
1cxi
1cxi
1cxi
1cxi
1cxi
1cxi
1pla
1plb
1tf6
1law
1lav
1lau
1lab
2lal
2lal
2lal
2lal
2lal
2lal
1lac
1aye
1aye
1aye
1aye
1aye
1ord
1ord
1vlz
1vlz
1ala
1ala
1ala
2gmf
2gmf
len(total_site)
114859
alltime = 
0:01:42.698122
