/home/BiodataTest/updb/pdb/ur/pdb1ur7.ent
/home/BiodataTest/updb/pdb/ro/pdb1rog.ent
/home/BiodataTest/updb/pdb/ro/pdb1roh.ent
/home/BiodataTest/updb/pdb/ro/pdb1roi.ent
/home/BiodataTest/updb/pdb/ro/pdb1roj.ent
/home/BiodataTest/updb/pdb/ro/pdb1rok.ent
/home/BiodataTest/updb/pdb/ro/pdb1rol.ent
/home/BiodataTest/updb/pdb/g1/pdb2g1x.ent
/home/BiodataTest/updb/pdb/uo/pdb1uo7.ent
/home/BiodataTest/updb/pdb/uo/pdb1uo8.ent
/home/BiodataTest/updb/pdb/uo/pdb1uoa.ent
/home/BiodataTest/updb/pdb/uo/pdb1uoi.ent
/home/BiodataTest/updb/pdb/bo/pdb2bom.ent
/home/BiodataTest/updb/pdb/mm/pdb1mmh.ent
/home/BiodataTest/updb/pdb/up/pdb1upe.ent
/home/BiodataTest/updb/pdb/oe/pdb1oea.ent
/home/BiodataTest/updb/pdb/r7/pdb1r7n.ent
/home/BiodataTest/updb/pdb/xj/pdb1xjp.ent
/home/BiodataTest/updb/pdb/ol/pdb1olf.ent
/home/BiodataTest/updb/pdb/ol/pdb1olj.ent
/home/BiodataTest/updb/pdb/gv/pdb2gvt.ent
/home/BiodataTest/updb/pdb/ol/pdb1ole.ent
/home/BiodataTest/updb/pdb/ol/pdb1ol3.ent
/home/BiodataTest/updb/pdb/ol/pdb1ol4.ent
/home/BiodataTest/updb/pdb/ol/pdb1ol8.ent
/home/BiodataTest/updb/pdb/ol/pdb1ol9.ent
/home/BiodataTest/updb/pdb/y5/pdb1y5p.ent
/home/BiodataTest/updb/pdb/y5/pdb1y5t.ent
/home/BiodataTest/updb/pdb/y6/pdb1y6c.ent
/home/BiodataTest/updb/pdb/lk/pdb1lk1.ent
/home/BiodataTest/updb/pdb/ol/pdb1olk.ent
/home/BiodataTest/updb/pdb/gv/pdb2gvt.ent
/home/BiodataTest/updb/pdb/ol/pdb1ole.ent
/home/BiodataTest/updb/pdb/ol/pdb1olf.ent
/home/BiodataTest/updb/pdb/as/pdb2asg.ent
/home/BiodataTest/updb/pdb/ol/pdb1olj.ent
/home/BiodataTest/updb/pdb/lk/pdb1lk1.ent
/home/BiodataTest/updb/pdb/ol/pdb1olk.ent
/home/BiodataTest/updb/pdb/lk/pdb1lk1.ent
/home/BiodataTest/updb/pdb/ol/pdb1olk.ent
/home/BiodataTest/updb/pdb/df/pdb2df9.ent
/home/BiodataTest/updb/pdb/lk/pdb1lk1.ent
/home/BiodataTest/updb/pdb/ol/pdb1olk.ent
/home/BiodataTest/updb/pdb/lu/pdb1lub.ent
/home/BiodataTest/updb/pdb/am/pdb2amk.ent
/home/BiodataTest/updb/pdb/m1/pdb1m1i.ent
/home/BiodataTest/updb/pdb/f7/pdb2f75.ent
/home/BiodataTest/updb/pdb/cv/pdb2cva.ent
/home/BiodataTest/updb/pdb/m1/pdb1m1v.ent
/home/BiodataTest/updb/pdb/aw/pdb1awk.ent
/home/BiodataTest/updb/pdb/ff/pdb2ff9.ent
/home/BiodataTest/updb/pdb/cd/pdb2cdw.ent
/home/BiodataTest/updb/pdb/ym/pdb1ym6.ent
/home/BiodataTest/updb/pdb/ym/pdb1ymj.ent
/home/BiodataTest/updb/pdb/zv/pdb1zv0.ent
/home/BiodataTest/updb/pdb/g2/pdb2g2a.ent
/home/BiodataTest/updb/pdb/ac/pdb2ac6.ent
/home/BiodataTest/updb/pdb/ah/pdb2ah3.ent
/home/BiodataTest/updb/pdb/h8/pdb1h8q.ent
/home/BiodataTest/updb/pdb/h8/pdb1h8r.ent
/home/BiodataTest/updb/pdb/s6/pdb1s6e.ent
/home/BiodataTest/updb/pdb/fq/pdb1fqu.ent
/home/BiodataTest/updb/pdb/u5/pdb1u5n.ent
/home/BiodataTest/updb/pdb/wl/pdb5wlp.ent
/home/BiodataTest/updb/pdb/j7/pdb1j7f.ent
/home/BiodataTest/updb/pdb/uv/pdb1uv1.ent
/home/BiodataTest/updb/pdb/uv/pdb1uv2.ent
/home/BiodataTest/updb/pdb/ip/pdb2ipd.ent
/home/BiodataTest/updb/pdb/ba/pdb1bac.ent
/home/BiodataTest/updb/pdb/ba/pdb1bad.ent
/home/BiodataTest/updb/pdb/sr/pdb1sr1.ent
/home/BiodataTest/updb/pdb/ip/pdb2ipe.ent
/home/BiodataTest/updb/pdb/ue/pdb1uee.ent
/home/BiodataTest/updb/pdb/wj/pdb5wj8.ent
/home/BiodataTest/updb/pdb/wj/pdb5wjm.ent
/home/BiodataTest/updb/pdb/fe/pdb6fe0.ent
/home/BiodataTest/updb/pdb/fe/pdb6fe1.ent
/home/BiodataTest/updb/pdb/fe/pdb6fe2.ent
/home/BiodataTest/updb/pdb/g9/pdb6g98.ent
/home/BiodataTest/updb/pdb/g9/pdb6g9u.ent
/home/BiodataTest/updb/pdb/yo/pdb1yo9.ent
/home/BiodataTest/updb/pdb/pb/pdb1pb2.ent
/home/BiodataTest/updb/pdb/y5/pdb1y5d.ent
/home/BiodataTest/updb/pdb/ka/pdb1kad.ent
/home/BiodataTest/updb/pdb/kp/pdb1kp1.ent
/home/BiodataTest/updb/pdb/nd/pdb1nd8.ent
/home/BiodataTest/updb/pdb/ne/pdb1ne0.ent
/home/BiodataTest/updb/pdb/op/pdb1opn.ent
/home/BiodataTest/updb/pdb/op/pdb1opt.ent
/home/BiodataTest/updb/pdb/op/pdb1opw.ent
/home/BiodataTest/updb/pdb/kj/pdb1kjc.ent
/home/BiodataTest/updb/pdb/s8/pdb1s8b.ent
/home/BiodataTest/updb/pdb/cd/pdb1cda.ent
/home/BiodataTest/updb/pdb/op/pdb1opn.ent
/home/BiodataTest/updb/pdb/op/pdb1opt.ent
/home/BiodataTest/updb/pdb/op/pdb1opw.ent
/home/BiodataTest/updb/pdb/av/pdb2avz.ent
/home/BiodataTest/updb/pdb/nb/pdb1nbd.ent
/home/BiodataTest/updb/pdb/z0/pdb1z0y.ent
/home/BiodataTest/updb/pdb/zy/pdb1zyy.ent
/home/BiodataTest/updb/pdb/gp/pdb5gpn.ent
/home/BiodataTest/updb/pdb/xt/pdb5xth.ent
/home/BiodataTest/updb/pdb/xt/pdb5xti.ent
/home/BiodataTest/updb/pdb/j4/pdb5j4z.ent
/home/BiodataTest/updb/pdb/j7/pdb5j7y.ent
/home/BiodataTest/updb/pdb/gp/pdb5gpn.ent
/home/BiodataTest/updb/pdb/xt/pdb5xth.ent
/home/BiodataTest/updb/pdb/xt/pdb5xti.ent
/home/BiodataTest/updb/pdb/zy/pdb1zyy.ent
/home/BiodataTest/updb/pdb/j4/pdb5j4z.ent
/home/BiodataTest/updb/pdb/j7/pdb5j7y.ent
/home/BiodataTest/updb/pdb/xt/pdb5xth.ent
/home/BiodataTest/updb/pdb/xt/pdb5xti.ent
/home/BiodataTest/updb/pdb/ll/pdb1llk.ent
/home/BiodataTest/updb/pdb/ph/pdb2phv.ent
/home/BiodataTest/updb/pdb/j4/pdb5j4z.ent
/home/BiodataTest/updb/pdb/j7/pdb5j7y.ent
/home/BiodataTest/updb/pdb/gp/pdb5gpn.ent
/home/BiodataTest/updb/pdb/xt/pdb5xth.ent
/home/BiodataTest/updb/pdb/xt/pdb5xti.ent
/home/BiodataTest/updb/pdb/gp/pdb5gpn.ent
/home/BiodataTest/updb/pdb/xt/pdb5xth.ent
/home/BiodataTest/updb/pdb/xt/pdb5xti.ent
/home/BiodataTest/updb/pdb/gp/pdb5gpn.ent
/home/BiodataTest/updb/pdb/xt/pdb5xth.ent
/home/BiodataTest/updb/pdb/xt/pdb5xti.ent
/home/BiodataTest/updb/pdb/gp/pdb5gpn.ent
/home/BiodataTest/updb/pdb/xt/pdb5xth.ent
/home/BiodataTest/updb/pdb/xt/pdb5xti.ent
/home/BiodataTest/updb/pdb/gp/pdb5gpn.ent
/home/BiodataTest/updb/pdb/xt/pdb5xth.ent
/home/BiodataTest/updb/pdb/xt/pdb5xti.ent
/home/BiodataTest/updb/pdb/go/pdb1gop.ent
/home/BiodataTest/updb/pdb/az/pdb1az7.ent
/home/BiodataTest/updb/pdb/gp/pdb5gpn.ent
/home/BiodataTest/updb/pdb/xt/pdb5xth.ent
/home/BiodataTest/updb/pdb/xt/pdb5xti.ent
/home/BiodataTest/updb/pdb/gp/pdb5gpn.ent
/home/BiodataTest/updb/pdb/xt/pdb5xth.ent
/home/BiodataTest/updb/pdb/xt/pdb5xti.ent
/home/BiodataTest/updb/pdb/tx/pdb1txh.ent
/home/BiodataTest/updb/pdb/xi/pdb1xir.ent
/home/BiodataTest/updb/pdb/gp/pdb5gpn.ent
/home/BiodataTest/updb/pdb/xt/pdb5xth.ent
/home/BiodataTest/updb/pdb/xt/pdb5xti.ent
/home/BiodataTest/updb/pdb/zy/pdb1zyy.ent
/home/BiodataTest/updb/pdb/aw/pdb1awm.ent
/home/BiodataTest/updb/pdb/gp/pdb5gpn.ent
/home/BiodataTest/updb/pdb/ll/pdb1lly.ent
/home/BiodataTest/updb/pdb/xt/pdb5xth.ent
/home/BiodataTest/updb/pdb/xt/pdb5xti.ent
/home/BiodataTest/updb/pdb/j4/pdb5j4z.ent
/home/BiodataTest/updb/pdb/j7/pdb5j7y.ent
/home/BiodataTest/updb/pdb/j8/pdb5j8k.ent
/home/BiodataTest/updb/pdb/jx/pdb1jx8.ent
/home/BiodataTest/updb/pdb/ad/pdb2ad0.ent
/home/BiodataTest/updb/pdb/ad/pdb2ad0.ent
/home/BiodataTest/updb/pdb/or/pdb1orz.ent
/home/BiodataTest/updb/pdb/pb/pdb1pb4.ent
/home/BiodataTest/updb/pdb/nb/pdb1nbn.ent
/home/BiodataTest/updb/pdb/nb/pdb1nbn.ent
/home/BiodataTest/updb/pdb/oz/pdb1oz5.ent
/home/BiodataTest/updb/pdb/i1/pdb1i15.ent
/home/BiodataTest/updb/pdb/dn/pdb1dnq.ent
/home/BiodataTest/updb/pdb/dn/pdb1dnr.ent
/home/BiodataTest/updb/pdb/ex/pdb2exp.ent
/home/BiodataTest/updb/pdb/ex/pdb2exq.ent
/home/BiodataTest/updb/pdb/nj/pdb1njv.ent
/home/BiodataTest/updb/pdb/op/pdb1opn.ent
/home/BiodataTest/updb/pdb/op/pdb1opt.ent
/home/BiodataTest/updb/pdb/op/pdb1opw.ent
/home/BiodataTest/updb/pdb/if/pdb1if3.ent
/home/BiodataTest/updb/pdb/ob/pdb1obe.ent
/home/BiodataTest/updb/pdb/i8/pdb2i8j.ent
/home/BiodataTest/updb/pdb/ov/pdb1ovc.ent
/home/BiodataTest/updb/pdb/j1/pdb2j1h.ent
/home/BiodataTest/updb/pdb/b6/pdb2b62.ent
/home/BiodataTest/updb/pdb/hl/pdb1hli.ent
/home/BiodataTest/updb/pdb/kj/pdb1kje.ent
/home/BiodataTest/updb/pdb/hl/pdb1hlj.ent
/home/BiodataTest/updb/pdb/al/pdb1als.ent
/home/BiodataTest/updb/pdb/al/pdb1alt.ent
/home/BiodataTest/updb/pdb/fr/pdb2frt.ent
/home/BiodataTest/updb/pdb/qc/pdb1qct.ent
/home/BiodataTest/updb/pdb/f2/pdb6f2d.ent
/home/BiodataTest/updb/pdb/f2/pdb6f2d.ent
/home/BiodataTest/updb/pdb/xu/pdb1xun.ent
/home/BiodataTest/updb/pdb/v6/pdb4v6m.ent
/home/BiodataTest/updb/pdb/ot/pdb5ott.ent
/home/BiodataTest/updb/pdb/ot/pdb5otu.ent
/home/BiodataTest/updb/pdb/ot/pdb5otv.ent
/home/BiodataTest/updb/pdb/ot/pdb5otw.ent
/home/BiodataTest/updb/pdb/ot/pdb5otx.ent
/home/BiodataTest/updb/pdb/ms/pdb1msr.ent
/home/BiodataTest/updb/pdb/k1/pdb1k14.ent
/home/BiodataTest/updb/pdb/k1/pdb1k13.ent
/home/BiodataTest/updb/pdb/k1/pdb1k15.ent
/home/BiodataTest/updb/pdb/s8/pdb1s8m.ent
/home/BiodataTest/updb/pdb/su/pdb1suk.ent
/home/BiodataTest/updb/pdb/yg/pdb1yg1.ent
/home/BiodataTest/updb/pdb/yg/pdb1yg7.ent
/home/BiodataTest/updb/pdb/aw/pdb1awl.ent
/home/BiodataTest/updb/pdb/fh/pdb2fhu.ent
/home/BiodataTest/updb/pdb/fh/pdb2fhv.ent
/home/BiodataTest/updb/pdb/tx/pdb1tx1.ent
/home/BiodataTest/updb/pdb/ff/pdb2ffo.ent
/home/BiodataTest/updb/pdb/c4/pdb1c42.ent
/home/BiodataTest/updb/pdb/ij/pdb1ij4.ent
/home/BiodataTest/updb/pdb/ou/pdb1ou3.ent
/home/BiodataTest/updb/pdb/il/pdb1ilm.ent
/home/BiodataTest/updb/pdb/il/pdb1iln.ent
/home/BiodataTest/updb/pdb/il/pdb1ilm.ent
/home/BiodataTest/updb/pdb/il/pdb1iln.ent
/home/BiodataTest/updb/pdb/il/pdb1ill.ent
/home/BiodataTest/updb/pdb/il/pdb1ilm.ent
/home/BiodataTest/updb/pdb/il/pdb1iln.ent
/home/BiodataTest/updb/pdb/it/pdb1ite.ent
/home/BiodataTest/updb/pdb/it/pdb1ite.ent
/home/BiodataTest/updb/pdb/n2/pdb1n2q.ent
/home/BiodataTest/updb/pdb/n2/pdb1n2q.ent
/home/BiodataTest/updb/pdb/jx/pdb1jx5.ent
/home/BiodataTest/updb/pdb/rn/pdb1rn0.ent
/home/BiodataTest/updb/pdb/uv/pdb1uv9.ent
/home/BiodataTest/updb/pdb/pq/pdb1pqb.ent
/home/BiodataTest/updb/pdb/ij/pdb1ij4.ent
/home/BiodataTest/updb/pdb/a8/pdb1a8x.ent
/home/BiodataTest/updb/pdb/k1/pdb1k11.ent
/home/BiodataTest/updb/pdb/lh/pdb1lha.ent
/home/BiodataTest/updb/pdb/jx/pdb1jx3.ent
/home/BiodataTest/updb/pdb/rn/pdb1rn0.ent
/home/BiodataTest/updb/pdb/in/pdb2ini.ent
/home/BiodataTest/updb/pdb/lh/pdb1lh9.ent
/home/BiodataTest/updb/pdb/af/pdb2afl.ent
/home/BiodataTest/updb/pdb/s3/pdb1s33.ent
/home/BiodataTest/updb/pdb/qz/pdb1qzj.ent
/home/BiodataTest/updb/pdb/qz/pdb1qzk.ent
/home/BiodataTest/updb/pdb/r0/pdb1r01.ent
/home/BiodataTest/updb/pdb/m2/pdb1m2u.ent
/home/BiodataTest/updb/pdb/lr/pdb1lrx.ent
/home/BiodataTest/updb/pdb/v9/pdb4v9g.ent
/home/BiodataTest/updb/pdb/nw/pdb1nw0.ent
/home/BiodataTest/updb/pdb/v9/pdb4v9g.ent
/home/BiodataTest/updb/pdb/nw/pdb1nw0.ent
/home/BiodataTest/updb/pdb/lp/pdb1lpx.ent
/home/BiodataTest/updb/pdb/lu/pdb1lut.ent
/home/BiodataTest/updb/pdb/xu/pdb1xul.ent
/home/BiodataTest/updb/pdb/kj/pdb1kjb.ent
/home/BiodataTest/updb/pdb/kj/pdb1kja.ent
/home/BiodataTest/updb/pdb/kj/pdb1kjd.ent
/home/BiodataTest/updb/pdb/iq/pdb2iqp.ent
/home/BiodataTest/updb/pdb/iq/pdb2iqr.ent
/home/BiodataTest/updb/pdb/iq/pdb2iqs.ent
/home/BiodataTest/updb/pdb/iq/pdb2iqu.ent
/home/BiodataTest/updb/pdb/iq/pdb2iqv.ent
/home/BiodataTest/updb/pdb/iq/pdb2iqw.ent
/home/BiodataTest/updb/pdb/bm/pdb2bmn.ent
/home/BiodataTest/updb/pdb/hr/pdb1hr4.ent
/home/BiodataTest/updb/pdb/ia/pdb1iaf.ent
/home/BiodataTest/updb/pdb/ux/pdb1ux3.ent
/home/BiodataTest/updb/pdb/ya/pdb5ya5.ent
/home/BiodataTest/updb/pdb/wp/pdb5wp9.ent
/home/BiodataTest/updb/pdb/j9/pdb3j9w.ent
/home/BiodataTest/updb/pdb/iq/pdb2iq4.ent
/home/BiodataTest/updb/pdb/q7/pdb1q70.ent
/home/BiodataTest/updb/pdb/ky/pdb1kyk.ent
/home/BiodataTest/updb/pdb/ky/pdb1kyl.ent
/home/BiodataTest/updb/pdb/ky/pdb1kym.ent
/home/BiodataTest/updb/pdb/n2/pdb1n2p.ent
/home/BiodataTest/updb/pdb/xt/pdb5xth.ent
/home/BiodataTest/updb/pdb/xt/pdb5xti.ent
/home/BiodataTest/updb/pdb/xt/pdb5xth.ent
/home/BiodataTest/updb/pdb/xt/pdb5xti.ent
/home/BiodataTest/updb/pdb/xt/pdb5xth.ent
/home/BiodataTest/updb/pdb/xt/pdb5xti.ent
/home/BiodataTest/updb/pdb/xt/pdb5xth.ent
/home/BiodataTest/updb/pdb/xt/pdb5xti.ent
/home/BiodataTest/updb/pdb/xt/pdb5xth.ent
/home/BiodataTest/updb/pdb/xt/pdb5xti.ent
/home/BiodataTest/updb/pdb/xt/pdb5xth.ent
/home/BiodataTest/updb/pdb/xt/pdb5xti.ent
/home/BiodataTest/updb/pdb/xt/pdb5xth.ent
/home/BiodataTest/updb/pdb/xt/pdb5xti.ent
/home/BiodataTest/updb/pdb/xt/pdb5xth.ent
/home/BiodataTest/updb/pdb/xt/pdb5xti.ent
/home/BiodataTest/updb/pdb/xt/pdb5xth.ent
/home/BiodataTest/updb/pdb/xt/pdb5xti.ent
/home/BiodataTest/updb/pdb/xt/pdb5xth.ent
/home/BiodataTest/updb/pdb/xt/pdb5xti.ent
/home/BiodataTest/updb/pdb/xt/pdb5xth.ent
/home/BiodataTest/updb/pdb/xt/pdb5xti.ent
/home/BiodataTest/updb/pdb/xt/pdb5xth.ent
/home/BiodataTest/updb/pdb/xt/pdb5xti.ent
/home/BiodataTest/updb/pdb/xt/pdb5xth.ent
/home/BiodataTest/updb/pdb/xt/pdb5xti.ent
/home/BiodataTest/updb/pdb/dl/pdb1dl9.ent
/home/BiodataTest/updb/pdb/qv/pdb1qvd.ent
/home/BiodataTest/updb/pdb/s1/pdb1s11.ent
/home/BiodataTest/updb/pdb/s2/pdb1s2s.ent
/home/BiodataTest/updb/pdb/ip/pdb2ipv.ent
/home/BiodataTest/updb/pdb/uf/pdb1ufd.ent
/home/BiodataTest/updb/pdb/f1/pdb2f1u.ent
/home/BiodataTest/updb/pdb/ii/pdb2iil.ent
/home/BiodataTest/updb/pdb/ik/pdb2ik3.ent
/home/BiodataTest/updb/pdb/ik/pdb2ik5.ent
/home/BiodataTest/updb/pdb/he/pdb2he6.ent
/home/BiodataTest/updb/pdb/gp/pdb5gpn.ent
/home/BiodataTest/updb/pdb/gu/pdb5gup.ent
/home/BiodataTest/updb/pdb/gp/pdb5gpn.ent
/home/BiodataTest/updb/pdb/gu/pdb5gup.ent
/home/BiodataTest/updb/pdb/gp/pdb5gpn.ent
/home/BiodataTest/updb/pdb/gu/pdb5gup.ent
/home/BiodataTest/updb/pdb/gp/pdb5gpn.ent
/home/BiodataTest/updb/pdb/gu/pdb5gup.ent
/home/BiodataTest/updb/pdb/wz/pdb4wz7.ent
/home/BiodataTest/updb/pdb/gp/pdb5gpn.ent
/home/BiodataTest/updb/pdb/gu/pdb5gup.ent
/home/BiodataTest/updb/pdb/gp/pdb5gpn.ent
/home/BiodataTest/updb/pdb/gu/pdb5gup.ent
/home/BiodataTest/updb/pdb/gp/pdb5gpn.ent
/home/BiodataTest/updb/pdb/gu/pdb5gup.ent
/home/BiodataTest/updb/pdb/wz/pdb4wz7.ent
/home/BiodataTest/updb/pdb/jb/pdb3jbu.ent
/home/BiodataTest/updb/pdb/oz/pdb1ozc.ent
/home/BiodataTest/updb/pdb/iq/pdb2iqm.ent
/home/BiodataTest/updb/pdb/a0/pdb2a0d.ent
/home/BiodataTest/updb/pdb/iq/pdb2iqn.ent
/home/BiodataTest/updb/pdb/kp/pdb1kpn.ent
/home/BiodataTest/updb/pdb/bo/pdb1boj.ent
/home/BiodataTest/updb/pdb/bo/pdb1bok.ent
/home/BiodataTest/updb/pdb/n3/pdb1n3m.ent
/home/BiodataTest/updb/pdb/ov/pdb1ov0.ent
/home/BiodataTest/updb/pdb/ov/pdb1ov1.ent
/home/BiodataTest/updb/pdb/iq/pdb2iqk.ent
/home/BiodataTest/updb/pdb/au/pdb2aul.ent
/home/BiodataTest/updb/pdb/kp/pdb1kpw.ent
/home/BiodataTest/updb/pdb/kp/pdb1kpx.ent
/home/BiodataTest/updb/pdb/ft/pdb6ftg.ent
/home/BiodataTest/updb/pdb/ft/pdb6fti.ent
/home/BiodataTest/updb/pdb/ft/pdb6ftj.ent
/home/BiodataTest/updb/pdb/zc/pdb1zc7.ent
/home/BiodataTest/updb/pdb/dd/pdb1ddd.ent
/home/BiodataTest/updb/pdb/y3/pdb1y36.ent
/home/BiodataTest/updb/pdb/z8/pdb1z8e.ent
/home/BiodataTest/updb/pdb/b6/pdb2b6q.ent
/home/BiodataTest/updb/pdb/b6/pdb2b6r.ent
/home/BiodataTest/updb/pdb/b6/pdb2b6s.ent
/home/BiodataTest/updb/pdb/t7/pdb1t78.ent
/home/BiodataTest/updb/pdb/vz/pdb1vz1.ent
/home/BiodataTest/updb/pdb/y9/pdb1y9c.ent
/home/BiodataTest/updb/pdb/b6/pdb2b6u.ent
/home/BiodataTest/updb/pdb/b6/pdb2b6v.ent
/home/BiodataTest/updb/pdb/lr/pdb1lrc.ent
/home/BiodataTest/updb/pdb/lw/pdb1lwp.ent
/home/BiodataTest/updb/pdb/dj/pdb1djj.ent
/home/BiodataTest/updb/pdb/le/pdb5ler.ent
/home/BiodataTest/updb/pdb/lf/pdb5lfb.ent
/home/BiodataTest/updb/pdb/le/pdb5leg.ent
/home/BiodataTest/updb/pdb/j1/pdb2j1i.ent
/home/BiodataTest/updb/pdb/hy/pdb2hyl.ent
/home/BiodataTest/updb/pdb/i8/pdb2i84.ent
/home/BiodataTest/updb/pdb/g0/pdb2g05.ent
/home/BiodataTest/updb/pdb/g2/pdb2g2g.ent
/home/BiodataTest/updb/pdb/k9/pdb1k9n.ent
/home/BiodataTest/updb/pdb/kc/pdb1kch.ent
/home/BiodataTest/updb/pdb/pl/pdb1pln.ent
/home/BiodataTest/updb/pdb/ps/pdb1psl.ent
/home/BiodataTest/updb/pdb/xn/pdb1xnu.ent
/home/BiodataTest/updb/pdb/tc/pdb5tcr.ent
/home/BiodataTest/updb/pdb/tc/pdb5tcr.ent
/home/BiodataTest/updb/pdb/an/pdb1an3.ent
/home/BiodataTest/updb/pdb/y8/pdb1y8s.ent
/home/BiodataTest/updb/pdb/yo/pdb1yo9.ent
/home/BiodataTest/updb/pdb/zf/pdb5zf0.ent
/home/BiodataTest/updb/pdb/yo/pdb1yo9.ent
/home/BiodataTest/updb/pdb/zf/pdb5zf0.ent
/home/BiodataTest/updb/pdb/yo/pdb1yo9.ent
/home/BiodataTest/updb/pdb/yo/pdb1yo9.ent
/home/BiodataTest/updb/pdb/yo/pdb1yo9.ent
/home/BiodataTest/updb/pdb/zf/pdb5zf0.ent
/home/BiodataTest/updb/pdb/yo/pdb1yo9.ent
/home/BiodataTest/updb/pdb/zf/pdb5zf0.ent
/home/BiodataTest/updb/pdb/yo/pdb1yo9.ent
/home/BiodataTest/updb/pdb/zf/pdb5zf0.ent
/home/BiodataTest/updb/pdb/yo/pdb1yo9.ent
/home/BiodataTest/updb/pdb/zf/pdb5zf0.ent
/home/BiodataTest/updb/pdb/zf/pdb5zf0.ent
/home/BiodataTest/updb/pdb/v6/pdb4v62.ent
/home/BiodataTest/updb/pdb/v8/pdb4v82.ent
/home/BiodataTest/updb/pdb/yu/pdb4yuu.ent
/home/BiodataTest/updb/pdb/do/pdb1dop.ent
/home/BiodataTest/updb/pdb/yu/pdb4yuu.ent
/home/BiodataTest/updb/pdb/v6/pdb4v62.ent
/home/BiodataTest/updb/pdb/v8/pdb4v82.ent
/home/BiodataTest/updb/pdb/yu/pdb4yuu.ent
/home/BiodataTest/updb/pdb/v6/pdb4v62.ent
/home/BiodataTest/updb/pdb/v8/pdb4v82.ent
/home/BiodataTest/updb/pdb/yu/pdb4yuu.ent
/home/BiodataTest/updb/pdb/do/pdb1dop.ent
/home/BiodataTest/updb/pdb/v6/pdb4v62.ent
/home/BiodataTest/updb/pdb/v8/pdb4v82.ent
/home/BiodataTest/updb/pdb/yu/pdb4yuu.ent
/home/BiodataTest/updb/pdb/v6/pdb4v62.ent
/home/BiodataTest/updb/pdb/v8/pdb4v82.ent
/home/BiodataTest/updb/pdb/yu/pdb4yuu.ent
/home/BiodataTest/updb/pdb/v6/pdb4v62.ent
/home/BiodataTest/updb/pdb/v8/pdb4v82.ent
/home/BiodataTest/updb/pdb/yu/pdb4yuu.ent
/home/BiodataTest/updb/pdb/v6/pdb4v62.ent
/home/BiodataTest/updb/pdb/v8/pdb4v82.ent
/home/BiodataTest/updb/pdb/yu/pdb4yuu.ent
/home/BiodataTest/updb/pdb/v6/pdb4v62.ent
/home/BiodataTest/updb/pdb/v8/pdb4v82.ent
/home/BiodataTest/updb/pdb/yu/pdb4yuu.ent
/home/BiodataTest/updb/pdb/v6/pdb4v62.ent
/home/BiodataTest/updb/pdb/v8/pdb4v82.ent
/home/BiodataTest/updb/pdb/yu/pdb4yuu.ent
/home/BiodataTest/updb/pdb/v6/pdb4v62.ent
/home/BiodataTest/updb/pdb/v8/pdb4v82.ent
/home/BiodataTest/updb/pdb/yu/pdb4yuu.ent
/home/BiodataTest/updb/pdb/v6/pdb4v62.ent
/home/BiodataTest/updb/pdb/v8/pdb4v82.ent
/home/BiodataTest/updb/pdb/v6/pdb4v62.ent
/home/BiodataTest/updb/pdb/v8/pdb4v82.ent
/home/BiodataTest/updb/pdb/au/pdb2aui.ent
/home/BiodataTest/updb/pdb/av/pdb2avl.ent
/home/BiodataTest/updb/pdb/yu/pdb4yuu.ent
/home/BiodataTest/updb/pdb/v6/pdb4v62.ent
/home/BiodataTest/updb/pdb/v8/pdb4v82.ent
/home/BiodataTest/updb/pdb/v6/pdb4v62.ent
/home/BiodataTest/updb/pdb/v8/pdb4v82.ent
/home/BiodataTest/updb/pdb/v6/pdb4v62.ent
/home/BiodataTest/updb/pdb/v8/pdb4v82.ent
/home/BiodataTest/updb/pdb/b0/pdb2b0x.ent
/home/BiodataTest/updb/pdb/et/pdb1et2.ent
/home/BiodataTest/updb/pdb/et/pdb1et3.ent
/home/BiodataTest/updb/pdb/gp/pdb5gpn.ent
/home/BiodataTest/updb/pdb/xt/pdb5xth.ent
/home/BiodataTest/updb/pdb/xt/pdb5xti.ent
/home/BiodataTest/updb/pdb/o5/pdb1o5s.ent
/home/BiodataTest/updb/pdb/p7/pdb1p76.ent
/home/BiodataTest/updb/pdb/p9/pdb1p9t.ent
/home/BiodataTest/updb/pdb/pa/pdb1pa5.ent
/home/BiodataTest/updb/pdb/pu/pdb1puk.ent
/home/BiodataTest/updb/pdb/q1/pdb1q1x.ent
/home/BiodataTest/updb/pdb/sx/pdb1sxf.ent
/home/BiodataTest/updb/pdb/aj/pdb2aj5.ent
/home/BiodataTest/updb/pdb/g1/pdb2g1f.ent
/home/BiodataTest/updb/pdb/p7/pdb1p76.ent
/home/BiodataTest/updb/pdb/p9/pdb1p9t.ent
/home/BiodataTest/updb/pdb/pa/pdb1pa5.ent
/home/BiodataTest/updb/pdb/pu/pdb1puk.ent
/home/BiodataTest/updb/pdb/q1/pdb1q1x.ent
/home/BiodataTest/updb/pdb/aj/pdb2aj5.ent
/home/BiodataTest/updb/pdb/pw/pdb1pwi.ent
/home/BiodataTest/updb/pdb/bj/pdb2bjp.ent
/home/BiodataTest/updb/pdb/v9/pdb4v9g.ent
/home/BiodataTest/updb/pdb/cl/pdb1clt.ent
/home/BiodataTest/updb/pdb/v9/pdb4v9g.ent
/home/BiodataTest/updb/pdb/cl/pdb1clt.ent
/home/BiodataTest/updb/pdb/v9/pdb4v9g.ent
/home/BiodataTest/updb/pdb/xp/pdb1xpd.ent
/home/BiodataTest/updb/pdb/ft/pdb6ftg.ent
/home/BiodataTest/updb/pdb/ft/pdb6fti.ent
/home/BiodataTest/updb/pdb/ft/pdb6ftj.ent
/home/BiodataTest/updb/pdb/j8/pdb3j8h.ent
/home/BiodataTest/updb/pdb/gk/pdb5gky.ent
/home/BiodataTest/updb/pdb/gk/pdb5gkz.ent
/home/BiodataTest/updb/pdb/gl/pdb5gl0.ent
/home/BiodataTest/updb/pdb/gl/pdb5gl1.ent
/home/BiodataTest/updb/pdb/t1/pdb5t15.ent
/home/BiodataTest/updb/pdb/t9/pdb5t9m.ent
/home/BiodataTest/updb/pdb/t9/pdb5t9n.ent
/home/BiodataTest/updb/pdb/t9/pdb5t9r.ent
/home/BiodataTest/updb/pdb/t9/pdb5t9s.ent
/home/BiodataTest/updb/pdb/t9/pdb5t9v.ent
/home/BiodataTest/updb/pdb/ta/pdb5ta3.ent
/home/BiodataTest/updb/pdb/ta/pdb5tal.ent
/home/BiodataTest/updb/pdb/ta/pdb5tam.ent
/home/BiodataTest/updb/pdb/ta/pdb5tan.ent
/home/BiodataTest/updb/pdb/ta/pdb5tap.ent
/home/BiodataTest/updb/pdb/ta/pdb5taq.ent
/home/BiodataTest/updb/pdb/ta/pdb5tas.ent
/home/BiodataTest/updb/pdb/ta/pdb5tat.ent
/home/BiodataTest/updb/pdb/ta/pdb5tau.ent
/home/BiodataTest/updb/pdb/ta/pdb5tav.ent
/home/BiodataTest/updb/pdb/ta/pdb5taw.ent
/home/BiodataTest/updb/pdb/ta/pdb5tax.ent
/home/BiodataTest/updb/pdb/ta/pdb5tay.ent
/home/BiodataTest/updb/pdb/ta/pdb5taz.ent
/home/BiodataTest/updb/pdb/tb/pdb5tb0.ent
/home/BiodataTest/updb/pdb/tb/pdb5tb1.ent
/home/BiodataTest/updb/pdb/tb/pdb5tb2.ent
/home/BiodataTest/updb/pdb/tb/pdb5tb3.ent
/home/BiodataTest/updb/pdb/tb/pdb5tb4.ent
/home/BiodataTest/updb/pdb/zt/pdb1zti.ent
/home/BiodataTest/updb/pdb/ft/pdb6ftg.ent
/home/BiodataTest/updb/pdb/ft/pdb6fti.ent
/home/BiodataTest/updb/pdb/ft/pdb6ftj.ent
/home/BiodataTest/updb/pdb/ft/pdb6ftg.ent
/home/BiodataTest/updb/pdb/ft/pdb6fti.ent
/home/BiodataTest/updb/pdb/ft/pdb6ftj.ent
/home/BiodataTest/updb/pdb/ft/pdb6ftg.ent
/home/BiodataTest/updb/pdb/ft/pdb6fti.ent
/home/BiodataTest/updb/pdb/ft/pdb6ftj.ent
/home/BiodataTest/updb/pdb/or/pdb1orz.ent
/home/BiodataTest/updb/pdb/pb/pdb1pb4.ent
/home/BiodataTest/updb/pdb/v6/pdb4v6m.ent
/home/BiodataTest/updb/pdb/nc/pdb5nco.ent
/home/BiodataTest/updb/pdb/v4/pdb4v4n.ent
/home/BiodataTest/updb/pdb/v7/pdb4v7i.ent
/home/BiodataTest/updb/pdb/nc/pdb5nco.ent
/home/BiodataTest/updb/pdb/v4/pdb4v4n.ent
/home/BiodataTest/updb/pdb/v7/pdb4v7i.ent
/home/BiodataTest/updb/pdb/v6/pdb4v6m.ent
/home/BiodataTest/updb/pdb/nc/pdb5nco.ent
/home/BiodataTest/updb/pdb/v4/pdb4v4n.ent
/home/BiodataTest/updb/pdb/v7/pdb4v7i.ent
/home/BiodataTest/updb/pdb/dz/pdb2dzf.ent
/home/BiodataTest/updb/pdb/ie/pdb2ie9.ent
/home/BiodataTest/updb/pdb/if/pdb2ifl.ent
/home/BiodataTest/updb/pdb/ig/pdb2ig5.ent
/home/BiodataTest/updb/pdb/ar/pdb6ar0.ent
/home/BiodataTest/updb/pdb/ar/pdb6ar2.ent
/home/BiodataTest/updb/pdb/q4/pdb1q4z.ent
/home/BiodataTest/updb/pdb/t7/pdb1t7g.ent
/home/BiodataTest/updb/pdb/u4/pdb1u4k.ent
/home/BiodataTest/updb/pdb/xj/pdb1xjp.ent
/home/BiodataTest/updb/pdb/fm/pdb2fmv.ent
/home/BiodataTest/updb/pdb/i9/pdb2i92.ent
/home/BiodataTest/updb/pdb/ft/pdb6ftg.ent
/home/BiodataTest/updb/pdb/ft/pdb6fti.ent
/home/BiodataTest/updb/pdb/ft/pdb6ftj.ent
/home/BiodataTest/updb/pdb/bu/pdb2bu0.ent
/home/BiodataTest/updb/pdb/gf/pdb2gfz.ent
/home/BiodataTest/updb/pdb/lb/pdb1lbn.ent
/home/BiodataTest/updb/pdb/fm/pdb2fmw.ent
/home/BiodataTest/updb/pdb/nl/pdb1nl8.ent
/home/BiodataTest/updb/pdb/tb/pdb1tbi.ent
/home/BiodataTest/updb/pdb/p9/pdb1p95.ent
/home/BiodataTest/updb/pdb/z1/pdb5z14.ent
/home/BiodataTest/updb/pdb/z1/pdb5z15.ent
/home/BiodataTest/updb/pdb/v4/pdb4v46.ent
/home/BiodataTest/updb/pdb/bz/pdb1bzi.ent
/home/BiodataTest/updb/pdb/cd/pdb1cdf.ent
/home/BiodataTest/updb/pdb/bz/pdb1bzi.ent
/home/BiodataTest/updb/pdb/v4/pdb4v46.ent
/home/BiodataTest/updb/pdb/xu/pdb1xum.ent
/home/BiodataTest/updb/pdb/i8/pdb2i8m.ent
/home/BiodataTest/updb/pdb/gp/pdb5gpn.ent
/home/BiodataTest/updb/pdb/xt/pdb5xth.ent
/home/BiodataTest/updb/pdb/xt/pdb5xti.ent
/home/BiodataTest/updb/pdb/hn/pdb2hn3.ent
/home/BiodataTest/updb/pdb/hn/pdb2hnj.ent
/home/BiodataTest/updb/pdb/hy/pdb2hyc.ent
/home/BiodataTest/updb/pdb/bu/pdb2bu0.ent
/home/BiodataTest/updb/pdb/yu/pdb4yuu.ent
/home/BiodataTest/updb/pdb/v6/pdb4v62.ent
/home/BiodataTest/updb/pdb/v8/pdb4v82.ent
10113
12895
