0  0.3245283488573838
1  0.23320801706964311
2  0.3284677546203496
3  0.32846775462034966
4  0.14484284419930193
5  0.09270815751986283
6  0.17813083884659464
7  0.3284677546203509
8  0.0
9  0.011418454388639573
10  0.026343622206896847
11  0.3104007777106907
12  0.30515637882582886
13  0.2860555637278095
14  0.32805854795001627
15  0.037260916234782025
16  0.32512133907946994
17  0.22878293963580482
18  0.3046230175985162
19  0.3284677546203502
20  0.24594083902417627
21  0.32783240189952345
22  0.2518980075937069
23  0.3155020431443512
24  0.3284677546203496
25  0.14923796128632388
26  0.06625016388997719
27  0.060167409859877626
28  0.13869296815845084
29  0.003830546002407256
30  0.14971271516291387
31  0.0
32  0.0
33  0.0
34  0.23778010776985992
35  0.28984471563978587
36  0.2884781188104136
37  0.3097317907030248
38  0.27106891436496294
39  0.2664954638172228
40  0.3050401326174991
41  0.3017119579760072
42  0.3177646164953352
43  0.30931871443067877
44  0.3005478459058667
45  0.2982487826159971
46  0.3222994986373368
47  0.26906652635755357
48  0.3268442402590113
49  0.32846775462035155
50  0.328265713139879
51  0.32846775462035155
52  0.3284677546203528
53  0.32846775462035155
54  0.3086841798075807
55  0.32384849937978344
56  0.32369205469129575
57  0.32110216857600904
58  0.2640284335899786
59  0.28165741754632245
60  0.25756461902607075
61  0.3212755065031586
62  0.2150531439553347
63  0.31586021205254305
64  0.0
65  0.3284677546203496
66  0.3284677546203496
67  0.32846775462035155
68  0.32783240189952406
69  0.3247308408789821
70  0.32706964809060673
71  0.0
72  0.0
73  0.06050606802710716
74  0.05530173623288704
75  0.3040896498886432
76  0.3284677546203509
77  0.3117150446044491
78  0.3101831018001245
79  0.32783240189952323
80  0.32405806118764474
81  0.08573984486730482
82  0.32691693779190495
83  0.052239039858261366
84  0.26804994514320546
85  0.08390445018806837
86  0.11050614499711267
87  0.08717135299575968
88  0.0
89  0.32830369814422594
90  0.21313832422654982
91  0.055642017136431056
92  0.04550699398470102
93  0.09786509617567181
94  0.04550699398470069
95  0.19068894535973777
96  0.28046943480328107
97  0.2948275015640204
98  0.30381748445439216
99  0.31120422278600124
100  0.3198412221757555
101  0.29845256687837624
102  0.3270696480906051
103  0.32846775462035216
104  0.30135697954108853
105  0.32846775462035216
106  0.3284677546203509
107  0.19728551574140674
108  0.0
109  0.31797735424752743
110  0.24924008608358666
111  0.02008963657751686
112  0.32846775462034994
113  0.3242361937158528
114  0.23116362573890892
115  0.0
116  0.0
117  0.0
118  0.32846775462034966
119  0.3003150422866903
120  0.31386043616096665
121  0.27895437986656774
122  0.32791111993619043
123  0.29566352848759414
124  0.24064546221386143
125  0.3117393506919533
126  0.0
127  0.00581789527906107
128  0.05068528039159674
129  0.29400293000512384
130  0.27295543596193134
131  0.23320801706964311
132  0.3264342953697793
133  0.2961187178115422
134  0.0
135  0.31192049233946256
136  0.0
137  0.3284677546203502
138  0.28633993275147585
139  0.32846775462034966
140  0.2369040552677143
141  0.25156790989897193
142  0.32846775462035155
143  0.2968730312544039
144  0.0269968575917859
145  0.0026280117988964472
146  0.32846775462035216
147  0.3284677546203528
148  0.3270696480906074
149  0.02008963657751694
150  0.32664730708343265
151  0.3032994332227519
152  0.23390750992728696
153  0.3284677546203502
154  0.02008963657751694
155  0.0
156  0.3284677546203496
157  0.23897185700090892
158  0.1719475908698757
159  0.3220855362418466
160  0.3284677546203495
161  0.32846775462035155
162  0.2269286708171154
163  0.25194560429670293
164  0.25838129906745244
165  0.28807973665965697
166  0.3017953341483039
167  0.3228775175763328
168  0.32765440564643056
169  0.0
170  0.25156790989897065
171  0.3284677546203495
172  0.3246634063593031
173  0.28701676305440044
174  0.2718642473043795
175  0.3266543448900049
176  0.052561765555400944
177  0.2709695484295484
178  0.2769936649750126
179  0.3104007777106894
180  0.2567868639761233
181  0.2774252056402499
182  0.3094379297288135
183  0.0
184  0.32846775462034977
185  0.16435126266136948
186  0.3044154786168374
187  0.3039501069630214
188  0.3284677546203502
189  0.31973507896119086
190  0.29774621777840143
191  0.3281310492150609
192  0.32332977155225795
193  0.3284677546203502
194  0.310493238486852
195  0.3119204923394632
196  0.3284677546203502
197  0.2575646190260733
198  0.32746423017192183
199  0.32783240189952345
200  0.30018014763191425
201  0.2878544760707014
202  0.31174986923115733
203  0.30026297846961814
204  0.3284677546203509
205  0.3277312976125952
206  0.32846775462035155
207  0.3280194653971134
208  0.32503403827921634
209  0.32846775462035216
210  0.32846775462035155
211  0.14397979248731044
212  0.32846775462035216
213  0.3280585479500169
214  0.32846775462035216
215  0.05208338692134119
216  0.1638883883862736
217  0.3284677546203496
218  0.3284677546203509
219  0.32846775462035155
220  0.30774551404487693
221  0.32846775462035155
222  0.32648006026326265
223  0.32846775462034966
224  0.274119057848018
225  0.3252028977238437
226  0.318343927338694
227  0.26806737598684033
228  0.32846064097667005
229  0.3284677546203502
230  0.30024316538684953
231  0.32614724232521264
232  0.3064476894803885
233  0.2933340933994102
234  0.25119396162377167
235  0.2884724021697505
236  0.2936843798961085
237  0.3073807380464832
238  0.18815726358911822
239  0.3256570763069298
240  0.0
241  0.217877302459007
242  0.3257132598972605
243  0.0
244  0.0
245  0.0
246  0.29396419484668396
247  0.2674743857647524
248  0.3139969927952743
249  0.3278802769203262
250  0.3283802217623982
251  0.2533733493812197
252  0.3220855362418466
253  0.3284677546203495
254  0.32846775462035155
255  0.20483767238037712
256  0.2864559248748716
257  0.2828133639936096
258  0.30565918555045923
259  0.30131775784348447
260  0.3284677546203509
261  0.3102896398594733
262  0.31508435054739786
263  0.3284677546203502
264  0.3231398761832509
265  0.31386530451442324
266  0.3284677546203502
267  0.309882006779822
268  0.30648971256663365
269  0.2926416577416135
270  0.29198829874870297
271  0.2506181950940997
272  0.28145844609780696
273  0.3283802217623982
274  0.3227614997036833
275  0.28849805964501934
276  0.32846775462035155
277  0.3275994016921795
278  0.3276430058176431
279  0.312832456207484
280  0.3124744079255127
281  0.2584185880362776
282  0.3283241822680193
283  0.32846712101365144
284  0.22650567499804988
285  0.3284671210136527
286  0.23300710292593102
287  0.3201486917047905
288  0.3284677546203496
289  0.3284677546203496
290  0.3284677546203496
291  0.2966618380995136
292  0.30294967658775485
293  0.31356650886280174
294  0.3284677546203509
295  0.32144209183964734
296  0.3146411303311359
297  0.32846775462035155
298  0.3283036981442266
299  0.3260296834882819
300  0.32846775462035155
301  0.13779339124585985
302  0.3247484213726467
303  0.3046230175985162
304  0.2838780919187841
305  0.3284677546203498
306  0.3178930617253191
307  0.07505363525782803
308  0.29724060393838864
309  0.3283959518058688
310  0.31835498449478483
311  0.0
312  0.0
313  0.30024280423907534
314  0.24002631142965455
315  0.32846775462035155
316  0.26884312528395465
317  0.2357804994643127
318  0.02286080247700211
319  0.24989874593227637
320  0.32653436200724784
321  0.25466417974078576
322  0.25466417974078576
323  0.2922591514107382
324  0.22480941511754973
325  0.18630793104450957
326  0.14562889762701564
327  0.1347923647525421
328  0.1777251786830754
329  0.23612545474655564
330  0.2825677724221897
331  0.2754075183598041
332  0.30127217767580006
333  0.2670584825808551
334  0.2904611501448286
335  0.21342322953237147
336  0.1454150444033403
337  0.1764920020177633
338  0.3178930617253193
339  0.30008411952569847
340  0.3284677546203509
341  0.32813104921506153
342  0.32295112029861267
343  0.24883564871946445
344  0.3131249261029195
345  0.31261822215932805
346  0.3197350789611902
347  0.3284671210136508
348  0.3242646677208206
349  0.32653436200724595
350  0.3247484213726465
351  0.2953510892227494/usr/local/lib/python3.4/dist-packages/sklearn/feature_selection/univariate_selection.py:113: UserWarning: Features [  8  31  32  33  64  71  72 108 115 116 117 126 134 136 155 169 183 240
 243 244 245 311 312 352 473 474 503 504 516] are constant.
  UserWarning)
/usr/local/lib/python3.4/dist-packages/sklearn/feature_selection/univariate_selection.py:114: RuntimeWarning: invalid value encountered in true_divide
  f = msb / msw

352  0.0
353  0.27947927083601626
354  0.32783240189952345
355  0.32783240189952345
356  0.24442751238165825
357  0.2661024761289616
358  0.3284677546203509
359  0.31821770781441716
360  0.32846775462035155
361  0.32846775462035155
362  0.32783240189952306
363  0.0392501858069043
364  0.31973507896119213
365  0.32829093648757807
366  0.3284677546203502
367  0.3284677546203502
368  0.3284677546203502
369  0.2872778488553944
370  0.3198412221757568
371  0.30373092369337856
372  0.2950200208586395
373  0.3284677546203502
374  0.31984122217575744
375  0.3284677546203509
376  0.3284677546203502
377  0.3130571237740005
378  0.30398766487769
379  0.038792069276996986
380  0.2956633283806366
381  0.24836380874372613
382  0.23523548480670384
383  0.3085641097498753
384  0.30551280801539316
385  0.32166435840672863
386  0.3142707545096013
387  0.2958488628701981
388  0.27768862763290325
389  0.3284677546203496
390  0.3284677546203496
391  0.3284677546203496
392  0.045160006556070595
393  0.1555368111095895
394  0.0056983578952697015
395  0.0056983578952697015
396  0.3028785786907116
397  0.2950542614692433
398  0.020264095247340755
399  0.2670282948731821
400  0.31059296668938136
401  0.22302523013162945
402  0.2940970409953145
403  0.3077368352832011
404  0.3088042874948586
405  0.2765610226751124
406  0.32360360427716645
407  0.32653436200724606
408  0.3262049125320883
409  0.3115975940727036
410  0.31283245620748285
411  0.3236242827463637
412  0.32503706717018305
413  0.3090092557459082
414  0.32846775462034966
415  0.3170087488291912
416  0.2695794146110185
417  0.3252314420884672
418  0.31155882310162597
419  0.3269704597832868
420  0.3267681072424401
421  0.29660048414339923
422  0.02286080247700203
423  0.2693715412473634
424  0.32846775462035155
425  0.3154551129117558
426  0.3284058792376683
427  0.3281035746246029
428  0.3279950792224569
429  0.3284677546203509
430  0.32846775462035216
431  0.3256570763069298
432  0.3152585979757965
433  0.2395902354481461
434  0.28279709183321716
435  0.16715880366835428
436  0.31083915196262424
437  0.25069955697079993
438  0.32846775462035155
439  0.32706964809060546
440  0.30595793902393986
441  0.3284677546203495
442  0.2971195161007177
443  0.113791645275434
444  0.32791638646889437
445  0.045210969673540886
446  0.03145697623609169
447  0.026375695626933437
448  0.026375695626933437
449  0.028442295574823213
450  0.04741247922146698
451  0.06154956288837049
452  0.2091754484348041
453  0.32846775462034966
454  0.3269169377919043
455  0.2904659560733749
456  0.3020557777487461
457  0.3233504384514119
458  0.31714029088386436
459  0.2771412099783639
460  0.3283958358788494
461  0.3283958358788501
462  0.29986597279502064
463  0.3283958358788494
464  0.32773129761259456
465  0.3280219243418109
466  0.3279277171837616
467  0.2912824366277828
468  0.31508435054739914
469  0.3200938974771623
470  0.3270690144839079
471  0.3284677546203509
472  0.14649957997560614
473  0.0
474  0.0
475  0.30398766487769
476  0.32846775462035216
477  0.32550065875506606
478  0.32846775462035216
479  0.3101504261722891
480  0.3284677546203509
481  0.32293619281808916
482  0.09439122924983742
483  0.28855993502770194
484  0.3284677546203502
485  0.32846775462035155
486  0.32846775462034966
487  0.3284677546203502
488  0.32667094769152605
489  0.25841858803627776
490  0.3280897945426229
491  0.32384849937978344
492  0.3284677546203496
493  0.32438742977189255
494  0.3269704597832868
495  0.3284677546203496
496  0.32846775462035216
497  0.3284677546203509
498  0.32846775462034966
499  0.32512133907946833
500  0.32507984032951215
501  0.04822080028115655
502  0.3284677546203528
503  0.0
504  0.0
505  0.3284677546203502
506  0.3284058792376677
507  0.3284677546203496
508  0.3284058792376677
509  0.3085641097498764
510  0.32846775462034966
511  0.3284677546203502
512  0.32846775462035155
513  0.3284677546203509
514  0.3278324018995231
515  0.29114681478572285
516  0.0
517  0.32846775462035155
518  0.32846775462035216
519  0.3265343620072485
520  0.32846775462035216
521  0.3046438442528164
522  0.32846775462035216
523  0.31171064858390746
524  0.3284677546203496
525  0.2333517777442653
526  0.30415255572930794
527  0.15118201391454505
528  0.07737795838001625
529  0.3284677546203496
530  0.3284677546203496
531  0.2436538180059432
532  0.25075709634087745
533  0.16646143321012677
534  0.18848464438436405
535  0.30066874604743005
536  0.10775875847844375
537  0.20875956998122502
538  0.15718965217554562
539  0.09715590193847333
540  0.3254569558794776
541  0.24797209781379767
542  0.2543023189409035
543  0.02417739548649184
544  0.052083386921341034
545  0.08892658111665566
546  0.0506852803915969
547  0.02008963657751686
548  0.3254896039441248
549  0.02008963657751686
550  0.1494339318740954
551  0.17267975703068475
552  0.24746569042294222
