0  0.14692777333188564
1  0.06000299989202802
2  0.02890884398365379
3  0.05505002024504909
4  0.2137469151383176
5  0.04974806963315176
6  0.04302835645334531
7  0.06856664233824801
8  0.1558458897531627
9  0.18864475610622405
10  0.1745987553561944
11  0.050202890654237234
12  0.1643257765070773
13  0.05612114617910514
14  0.08831024531073269
15  0.09511508408986818
16  0.15826272801922853
17  0.05903203425740916
18  0.08061146083797023
19  0.20244689013086142
20  0.00018126587718619188
21  0.0005447011711998515
22  3.087643877863412e-05
23  0.3357053415550225
24  0.23436134274458967
25  0.341053214342591
26  0.34105321434258973
27  0.15887569329966938
28  0.09374906804088942
29  0.1869388367746345
30  0.34105321434258956
31  0.0
32  0.009519055176361074
33  0.03024001764173226
34  0.321703847438012
35  0.31604070250274136
36  0.2910588186713707
37  0.34064448584712514
38  0.031147757222016688
39  0.33623859560836095
40  0.24067101004019278
41  0.31786691710592957
42  0.341053214342591
43  0.2611409299180281
44  0.3405483701147515
45  0.2629232054844279
46  0.3274292802114914
47  0.34105321434258973
48  0.15430720698462785
49  0.07278567867641177
50  0.06608512750059284
51  0.15706471394106297
52  0.004598688249710649
53  0.14750068692374063
54  0.0
55  0.0
56  0.0
57  0.24397946256538317
58  0.306242377528618
59  0.29927964500538307
60  0.32287931942398407
61  0.285494675000366
62  0.2873322097249478
63  0.31177007909156673
64  0.314109528985373
65  0.32906766963110906
66  0.32042144849094517
67  0.3136717325758661
68  0.30575665901249727
69  0.3367553908428174
70  0.2802870771351607
71  0.3401655184760273
72  0.3410532143425898
73  0.34075994044257674
74  0.34105321434259034
75  0.34105321434259034
76  0.34105321434259034
77  0.3214194029139212
78  0.33622696585661654
79  0.3384860811906161
80  0.3367567829185924
81  0.27606216485325535
82  0.29549874229167755
83  0.2789215058192007
84  0.33386276271750026
85  0.22306219200884708
86  0.3294472343945326
87  0.0
88  0.3410532143425899
89  0.34105321434259034
90  0.3410532143425899
91  0.340548370114753
92  0.33693187657058415
93  0.33973382692367154
94  0.0
95  0.0
96  0.06782505482034644
97  0.04755791055336702
98  0.3155775432316791
99  0.34105321434259034
100  0.324947008649327
101  0.3247423130389848
102  0.3405483701147517
103  0.33646717938049125
104  0.08965234255183739
105  0.3387824525008205
106  0.06537701356529367
107  0.2864321168252675
108  0.09918624986035474
109  0.11138810957540479
110  0.08188359659849731
111  0.0004823258799562167
112  0.34066024158515545
113  0.22573796637965382
114  0.05344528738303049
115  0.04627499080581932
116  0.09734702402159948
117  0.04627499080581948
118  0.20170016442019123
119  0.28737292141524273
120  0.3046953741149376
121  0.31177485087945406
122  0.3221173964932506
123  0.33305970474790475
124  0.31210109581777756
125  0.3397338269236717
126  0.3410532143425899
127  0.31081059053263427
128  0.34105321434259034
129  0.34105321434258995
130  0.19931293447583706
131  0.0
132  0.32969939434099044
133  0.25608972481143966
134  0.026347711519106875
135  0.34105321434259034
136  0.3376133797627909
137  0.2327142523394793
138  0.0
139  0.0
140  0.0
141  0.341053214342591
142  0.3118471100482927
143  0.3236692686456426
144  0.29298403621677177
145  0.3407244337766002
146  0.30213360282090324
147  0.2482538963493748
148  0.3262363072388622
149  0.0
150  0.005651435257286628
151  0.05296351091117019
152  0.30724171040847814
153  0.2837871091338314
154  0.23436134274458967
155  0.33922898269583407
156  0.31591061009951715
157  0.0
158  0.3257125025167762
159  0.0
160  0.3410532143425916
161  0.3014692264441256
162  0.3410532143425916
163  0.23177607195804334
164  0.2594987097627171
165  0.341053214342591
166  0.30796992193159056
167  0.03025537629396968
168  0.0020881163125220648
169  0.34105321434258995
170  0.34105321434258973
171  0.3397338269236718
172  0.026347711519106795
173  0.3397746938703058
174  0.3170845992030313
175  0.23367035889629464
176  0.34105321434258995
177  0.026347711519106795
178  0.0
179  0.34105321434258973
180  0.25512418822576494
181  0.1873164792019691
182  0.3359039747256804
183  0.34105321434259034
184  0.3410532143425899
185  0.22938810235969712
186  0.25733129616846445
187  0.26181756749570967
188  0.30197553021852386
189  0.30728917437164055
190  0.33686851582264926
191  0.341035022428918
192  0.0
193  0.2594987097627171
194  0.34105321434258973
195  0.3368416385264932
196  0.30017156396381967
197  0.28480120497680433
198  0.337622068713676
199  0.06493858152700492
200  0.28140814451303964
201  0.2921042226029113
202  0.32170384743801217
203  0.2673847891558881
204  0.2797330627666751
205  0.3258831898042127
206  0.0
207  0.3410532143425898
208  0.16401562106602768
209  0.3118441221022675
210  0.3112461127316348
211  0.341053214342591
212  0.3316026830910997
213  0.31324759277258046
214  0.3406047700586942
215  0.33602026854415296
216  0.34105321434259034
217  0.32613271663637877
218  0.3257125025167766
219  0.341053214342591
220  0.27892150581919944
221  0.3398514418588697
222  0.3405483701147517
223  0.3163649943245512
224  0.29968898441315683
225  0.3249825548606255
226  0.30760466900518874
227  0.341053214342591
228  0.3404352988777608
229  0.3410532143425916
230  0.3407317668403274
231  0.33794445043310717
232  0.34105321434259034
233  0.34105321434259034
234  0.14089555112482158
235  0.3410532143425903
236  0.3406444858471245
237  0.3410532143425898
238  0.06464676228887568
239  0.17293207263615548
240  0.34105321434258995
241  0.341053214342591
242  0.34105321434258995
243  0.32129151666932765
244  0.34105321434259006
245  0.3397422024060153
246  0.3410532143425923
247  0.2840768563123864
248  0.33663614672933534
249  0.33186353831908916
250  0.2884779617611581
251  0.3410524036254864
252  0.3410532143425899
253  0.3163886001869064
254  0.33958395659365764
255  0.32055332014353594
256  0.3036163503444474
257  0.2564311181129083
258  0.30768887050688215
259  0.30428748001659417
260  0.3150814678149855
261  0.1956194875649266
262  0.33914323366214166
263  0.0
264  0.2275835295497017
265  0.33820352725263314
266  0.0
267  0.0
268  0.0
269  0.3120462364567675
270  0.28794470770782093
271  0.3257490643848458
272  0.34011196594357124
273  0.34101331240798116
274  0.263583192514661
275  0.3359039747256804
276  0.34105321434259034
277  0.3410532143425898
278  0.21165842138434457
279  0.2960563796913288
280  0.2913699365838569
281  0.32195094579743455
282  0.3164868517090418
283  0.34105321434258973
284  0.32398177692810803
285  0.32383541454082976
286  0.34105321434259034
287  0.3334768187818014
288  0.3220584896688338
289  0.341053214342591
290  0.3201633564473625
291  0.3214439334669026
292  0.3063192617570813
293  0.3090763104230934
294  0.2601747836742736
295  0.2954939536793304
296  0.3410133124079801
297  0.3350400658208133
298  0.30700063818563933
299  0.34105321434259006
300  0.3388857672176305
301  0.34075288347571353
302  0.32773796772450375
303  0.32376931894636035
304  0.26182291862708296
305  0.3410158547309953
306  0.3410464701930098
307  0.22756881055583092
308  0.34104647019301026
309  0.22526858150759216
310  0.32991231745176397
311  0.341053214342591
312  0.34105321434259034
313  0.341053214342591
314  0.3129310937989603
315  0.3183854330634135
316  0.3264598136686657
317  0.3410532143425898
318  0.3346087620090506
319  0.32927723489440835
320  0.34105321434258973
321  0.34066024158515457
322  0.33801713595052396
323  0.34105321434258995
324  0.14923049065650623
325  0.3376242338332378
326  0.3178669171059283
327  0.30377349644790685
328  0.3410532143425896
329  0.3303993226246045
330  0.07206769474538609
331  0.3092341072886084
332  0.3409982689655874
333  0.33240317516904255
334  0.0
335  0.0
336  0.3176342725147239
337  0.2484565711329446
338  0.34105321434258995
339  0.2873582424035597
340  0.25609413965070305
341  0.01828733422256086
342  0.2691111174898688
343  0.33946383776763994
344  0.26183328306885256
345  0.26183328306885256
346  0.3100986079025784
347  0.23916055667173575
348  0.19933797590352884
349  0.1447383037533688
350  0.13164063943809537
351  0.18299895955611564
352  0.260366133295741
353  0.29378189709619523
354  0.289340856067146
355  0.3101274951220872
356  0.28238545374269
357  0.3068676932217159
358  0.2122247497938657
359  0.14479532855572178
360  0.1816333889534306
361  0.3303993226246032
362  0.306983357925457
363  0.34105321434259034
364  0.34060477005869233
365  0.3349608156498444
366  0.25461401444164145
367  0.32172169335408085
368  0.32715000198558414
369  0.3316026830911003
370  0.34104647019301093
371  0.3342094356430974
372  0.3394638377676406
373  0.33762423383323714
374  0.3045107873625696
375  0.0
376  0.2955307379795249
377  0.34054837011475364
378  0.34054837011475364
379  0.25864207827426267
380  0.27509446847153207
381  0.341053214342591
382  0.3321720088813418
383  0.34105321434259034
384  0.34105321434259006
385  0.34054837011475164
386  0.04249671625192529
387  0.3316026830910984
388  0.3410407575235223
389  0.34105321434259034
390  0.3410532143425899
391  0.3410532143425898
392  0.3020258389727976
393  0.33305970474790436
394  0.3161851044929721
395  0.31173184457871184
396  0.34105321434259034
397  0.3330597047479045
398  0.34105321434259034
399  0.341053214342591
400  0.32526437993185026
401  0.3173620728780901
402  0.04028250136132555
403  0.3087330357198639
404  0.25594122247527673
405  0.24449643691794787
406  0.3234388656896103
407  0.3124521322997702
408  0.33533424103110565
409  0.3254233887061733
410  0.30985068907396907
411  0.2947478699881079
412  0.3410532143425899
413  0.34105321434259034
414  0.3410532143425899
415  0.048758914729700405
416  0.1619412493162939
417  0.0050047799680922505
418  0.0050047799680922505
419  0.3167286089662092
420  0.30438099865815116
421  0.02639771045303428
422  0.2795069698301034
423  0.3260198523742019
424  0.23313566994234639
425  0.3017501674347076
426  0.31957271334768506
427  0.3184640657105577
428  0.2831656021131498
429  0.33579458093888387
430  0.3394638377676406
431  0.3386157849070907
432  0.32123183921014464
433  0.32773796772450436
434  0.3385095811944147
435  0.33826767133882396
436  0.3196473904874304
437  0.3410532143425899
438  0.3295248068193479
439  0.2714256631381827
440  0.3367601147397346
441  0.3238751947941851
442  0.33985704791377414
443  0.339774653829303
444  0.31212119546148565
445  0.018287334222560982
446  0.28103069538864994
447  0.34105321434258973
448  0.3293021709576599
449  0.34032508008673706
450  0.340629898272577
451  0.3403711611343874
452  0.341053214342591
453  0.34105321434259034
454  0.33914323366214116
455  0.3256437386201278
456  0.2395105823614996
457  0.2921194646086189
458  0.18308716864097616
459  0.3247005585313053
460  0.25733126263775685
461  0.3410532143425916
462  0.3397338269236721
463  0.31734105531354634
464  0.34105321434258973
465  0.30626072026534834
466  0.12263124928545999
467  0.34078595424112373
468  0.04546304961192921
469  0.030299653942579125
470  0.027304425215677507
471  0.027304425215677507
472  0.031166236638268178
473  0.04896692892244623
474  0.06480851486227313
475  0.22687491153222505
476  0.34105321434259034
477  0.3387824525008205
478  0.3072088181959145
479  0.3133755168704114
480  0.338161361917399
481  0.325580977251887
482  0.28793392634095033
483  0.34086248592185275
484  0.3408624859218515
485  0.3127138876678944
486  0.3408624859218521
487  0.34043529887776147
488  0.34049450755426786
489  0.34069582697607387
490  0.3070604386876112
491  0.3238354145408308
492  0.3324658004431597
493  0.33972708277409164
494  0.341053214342591
495  0.1517495234096587
496  0.0
497  0.0
498  0.3173620728780901
499  0.34105321434259034
500  0.3371928251167159
501  0.34105321434259034
502  0.32344948949206637
503  0.34105321434259034
504  0.33562545613465655
505  0.09026359094916357
506  0.307728772441492
507  0.341053214342591
508  0.3410532143425899
509  0.3410532143425916
510  0.34105321434259034
511  0.3397995949639768
512  0.26182291862708357
513  0.34073784120630146
514  0.33622696585661654
515  0.34105321434259034
516  0.33709988975498817
517  0.33985704791377414
518  0.34105321434259034
519  0.3410532143425899
520  0.34105321434259034
521  0.34105321434258973
522  0.33623859560836095
523  0.3377803578251239
524  0.050001406300217766
525  0.34105321434258995
526  0.0
527  0.0
528  0.3410532143425899
529  0.34032508008673584
530  0.341053214342591
531  0.34032508008673706
532  0.3234388656896099
533  0.341053214342591
534  0.34105321434259034
535  0.3410532143425894
536  0.34105321434258973
537  0.34054837011475236
538  0.30111503169649956
539  0.0
540  0.34105321434258973
541  0.34105321434259034
542  0.3394638377676401
543  0.34105321434259034
544  0.32041935034512614
545  0.341053214342591
546  0.328496791916659
547  0.34105321434258995
548  0.2336460321362571
549  0.3129498855981581
550  0.15376336246967226
551  0.06391289155641486
552  0.3410532143425923
553  0.341053214342591
554  0.25681319224304866
555  0.2637026243698508
556  0.1816602281716394
557  0.20302145228668111
558  0.314766128158818
559  0.11581220319101063
560  0.21423637590284156
561  0.17873805728393255
562  0.11058062214808957
563  0.33673493082604833
564  0.26204390494944857
565  0.2575553185332883
566  0.030633099668501695
567  0.06464676228887568
568  0.10053744383287408
569  0.06332737486995758
570  0.026347711519106875
571  0.3379115169255462
572  0.026347711519106875
573  0.15154968089082624
574  0.1894196397402848
575  0.26091551924435846
576  0.023731056745978862
577  0.035586926284514965
578  0.0050047799680922505
579  0.0014586812929590857
580  0.05296351091117019
581  1.6017132519074588e-16
582  9.918579738387439e-05
583  0.11487420264092385
584  0.02328016187176263
585  0.026347711519106875
586  1.2002735670216851e-05
587  0.038221129875419535
588  0.0008957328581867014
589  0.0015539386366010374
590  0.009101241300857318
591  0.018287334222560982
592  2.3864944453823143e-06
593  0.008034282036062875
594  0.0009646957064868395
595  0.007085310699602849

