!
1
2
3
446
4
(array([    39,     47,     48, ..., 137048, 137049, 137050]),)
train_pos2729
train_neg134677
KFold(n_splits=10, random_state=6, shuffle=True)
KFold(n_splits=10, random_state=6, shuffle=True)
./DTP_data/ten_fold_data_0.3_lenth5/1/tenfold_1_train_pos_0.npy
./DTP_data/ten_fold_data_0.3_lenth5/1/tenfold_1_test_pos_0.npy
./DTP_data/ten_fold_data_0.3_lenth5/2/tenfold_2_train_pos_0.npy
./DTP_data/ten_fold_data_0.3_lenth5/2/tenfold_2_test_pos_0.npy
./DTP_data/ten_fold_data_0.3_lenth5/3/tenfold_3_train_pos_0.npy
./DTP_data/ten_fold_data_0.3_lenth5/3/tenfold_3_test_pos_0.npy
./DTP_data/ten_fold_data_0.3_lenth5/4/tenfold_4_train_pos_0.npy
./DTP_data/ten_fold_data_0.3_lenth5/4/tenfold_4_test_pos_0.npy
./DTP_data/ten_fold_data_0.3_lenth5/5/tenfold_5_train_pos_0.npy
./DTP_data/ten_fold_data_0.3_lenth5/5/tenfold_5_test_pos_0.npy
./DTP_data/ten_fold_data_0.3_lenth5/6/tenfold_6_train_pos_0.npy
./DTP_data/ten_fold_data_0.3_lenth5/6/tenfold_6_test_pos_0.npy
./DTP_data/ten_fold_data_0.3_lenth5/7/tenfold_7_train_pos_0.npy
./DTP_data/ten_fold_data_0.3_lenth5/7/tenfold_7_test_pos_0.npy
./DTP_data/ten_fold_data_0.3_lenth5/8/tenfold_8_train_pos_0.npy
./DTP_data/ten_fold_data_0.3_lenth5/8/tenfold_8_test_pos_0.npy
./DTP_data/ten_fold_data_0.3_lenth5/9/tenfold_9_train_pos_0.npy
./DTP_data/ten_fold_data_0.3_lenth5/9/tenfold_9_test_pos_0.npy
./DTP_data/ten_fold_data_0.3_lenth5/10/tenfold_10_train_pos_0.npy
./DTP_data/ten_fold_data_0.3_lenth5/10/tenfold_10_test_pos_0.npy
pos_done~~~~~~~~~~~~~~
kf_neg
j = 1
./DTP_data/ten_fold_data_0.3_lenth5/1/tenfold_1_train_neg_0.npy
./DTP_data/ten_fold_data_0.3_lenth5/1/tenfold_1_train_neg_1.npy
./DTP_data/ten_fold_data_0.3_lenth5/1/tenfold_1_train_neg_2.npy
./DTP_data/ten_fold_data_0.3_lenth5/1/tenfold_1_train_neg_3.npy
./DTP_data/ten_fold_data_0.3_lenth5/1/tenfold_1_train_neg_4.npy
./DTP_data/ten_fold_data_0.3_lenth5/1/tenfold_1_train_neg_5.npy
./DTP_data/ten_fold_data_0.3_lenth5/1/tenfold_1_train_neg_6.npy
./DTP_data/ten_fold_data_0.3_lenth5/1/tenfold_1_train_neg_7.npy
./DTP_data/ten_fold_data_0.3_lenth5/1/tenfold_1_train_neg_8.npy
./DTP_data/ten_fold_data_0.3_lenth5/1/tenfold_1_train_neg_9.npy
./DTP_data/ten_fold_data_0.3_lenth5/1/tenfold_1_train_neg_10.npy
./DTP_data/ten_fold_data_0.3_lenth5/1/tenfold_1_train_neg_11.npy
./DTP_data/ten_fold_data_0.3_lenth5/1/tenfold_1_train_neg_12.npy
./DTP_data/ten_fold_data_0.3_lenth5/1/tenfold_1_train_neg_13.npy
./DTP_data/ten_fold_data_0.3_lenth5/1/tenfold_1_train_neg_14.npy
./DTP_data/ten_fold_data_0.3_lenth5/1/tenfold_1_train_neg_15.npy
./DTP_data/ten_fold_data_0.3_lenth5/1/tenfold_1_train_neg_16.npy
./DTP_data/ten_fold_data_0.3_lenth5/1/tenfold_1_train_neg_17.npy
./DTP_data/ten_fold_data_0.3_lenth5/1/tenfold_1_train_neg_18.npy
./DTP_data/ten_fold_data_0.3_lenth5/1/tenfold_1_train_neg_19.npy
./DTP_data/ten_fold_data_0.3_lenth5/1/tenfold_1_train_neg_20.npy
./DTP_data/ten_fold_data_0.3_lenth5/1/tenfold_1_train_neg_21.npy
./DTP_data/ten_fold_data_0.3_lenth5/1/tenfold_1_train_neg_22.npy
./DTP_data/ten_fold_data_0.3_lenth5/1/tenfold_1_train_neg_23.npy
./DTP_data/ten_fold_data_0.3_lenth5/1/tenfold_1_train_neg_24.npy
./DTP_data/ten_fold_data_0.3_lenth5/1/tenfold_1_train_neg_25.npy
./DTP_data/ten_fold_data_0.3_lenth5/1/tenfold_1_train_neg_26.npy
./DTP_data/ten_fold_data_0.3_lenth5/1/tenfold_1_train_neg_27.npy
./DTP_data/ten_fold_data_0.3_lenth5/1/tenfold_1_train_neg_28.npy
./DTP_data/ten_fold_data_0.3_lenth5/1/tenfold_1_train_neg_29.npy
./DTP_data/ten_fold_data_0.3_lenth5/1/tenfold_1_train_neg_30.npy
./DTP_data/ten_fold_data_0.3_lenth5/1/tenfold_1_train_neg_31.npy
./DTP_data/ten_fold_data_0.3_lenth5/1/tenfold_1_train_neg_32.npy
./DTP_data/ten_fold_data_0.3_lenth5/1/tenfold_1_train_neg_33.npy
./DTP_data/ten_fold_data_0.3_lenth5/1/tenfold_1_train_neg_34.npy
./DTP_data/ten_fold_data_0.3_lenth5/1/tenfold_1_train_neg_35.npy
./DTP_data/ten_fold_data_0.3_lenth5/1/tenfold_1_train_neg_36.npy
./DTP_data/ten_fold_data_0.3_lenth5/1/tenfold_1_train_neg_37.npy
./DTP_data/ten_fold_data_0.3_lenth5/1/tenfold_1_train_neg_38.npy
./DTP_data/ten_fold_data_0.3_lenth5/1/tenfold_1_train_neg_39.npy
./DTP_data/ten_fold_data_0.3_lenth5/1/tenfold_1_train_neg_40.npy
./DTP_data/ten_fold_data_0.3_lenth5/1/tenfold_1_train_neg_41.npy
./DTP_data/ten_fold_data_0.3_lenth5/1/tenfold_1_train_neg_42.npy
./DTP_data/ten_fold_data_0.3_lenth5/1/tenfold_1_train_neg_43.npy
./DTP_data/ten_fold_data_0.3_lenth5/1/tenfold_1_train_neg_44.npy
./DTP_data/ten_fold_data_0.3_lenth5/1/tenfold_1_train_neg_45.npy
./DTP_data/ten_fold_data_0.3_lenth5/1/tenfold_1_train_neg_46.npy
./DTP_data/ten_fold_data_0.3_lenth5/1/tenfold_1_train_neg_47.npy
./DTP_data/ten_fold_data_0.3_lenth5/1/tenfold_1_train_neg_48.npy
./DTP_data/ten_fold_data_0.3_lenth5/1/tenfold_1_test_neg_0.npy
./DTP_data/ten_fold_data_0.3_lenth5/1/tenfold_1_test_neg_1.npy
./DTP_data/ten_fold_data_0.3_lenth5/1/tenfold_1_test_neg_2.npy
./DTP_data/ten_fold_data_0.3_lenth5/1/tenfold_1_test_neg_3.npy
./DTP_data/ten_fold_data_0.3_lenth5/1/tenfold_1_test_neg_4.npy
./DTP_data/ten_fold_data_0.3_lenth5/1/tenfold_1_test_neg_5.npy
./DTP_data/ten_fold_data_0.3_lenth5/1/tenfold_1_test_neg_6.npy
./DTP_data/ten_fold_data_0.3_lenth5/1/tenfold_1_test_neg_7.npy
./DTP_data/ten_fold_data_0.3_lenth5/1/tenfold_1_test_neg_8.npy
./DTP_data/ten_fold_data_0.3_lenth5/1/tenfold_1_test_neg_9.npy
./DTP_data/ten_fold_data_0.3_lenth5/1/tenfold_1_test_neg_10.npy
./DTP_data/ten_fold_data_0.3_lenth5/1/tenfold_1_test_neg_11.npy
./DTP_data/ten_fold_data_0.3_lenth5/1/tenfold_1_test_neg_12.npy
./DTP_data/ten_fold_data_0.3_lenth5/1/tenfold_1_test_neg_13.npy
./DTP_data/ten_fold_data_0.3_lenth5/1/tenfold_1_test_neg_14.npy
./DTP_data/ten_fold_data_0.3_lenth5/1/tenfold_1_test_neg_15.npy
./DTP_data/ten_fold_data_0.3_lenth5/1/tenfold_1_test_neg_16.npy
./DTP_data/ten_fold_data_0.3_lenth5/1/tenfold_1_test_neg_17.npy
./DTP_data/ten_fold_data_0.3_lenth5/1/tenfold_1_test_neg_18.npy
./DTP_data/ten_fold_data_0.3_lenth5/1/tenfold_1_test_neg_19.npy
./DTP_data/ten_fold_data_0.3_lenth5/1/tenfold_1_test_neg_20.npy
./DTP_data/ten_fold_data_0.3_lenth5/1/tenfold_1_test_neg_21.npy
./DTP_data/ten_fold_data_0.3_lenth5/1/tenfold_1_test_neg_22.npy
./DTP_data/ten_fold_data_0.3_lenth5/1/tenfold_1_test_neg_23.npy
./DTP_data/ten_fold_data_0.3_lenth5/1/tenfold_1_test_neg_24.npy
./DTP_data/ten_fold_data_0.3_lenth5/1/tenfold_1_test_neg_25.npy
./DTP_data/ten_fold_data_0.3_lenth5/1/tenfold_1_test_neg_26.npy
./DTP_data/ten_fold_data_0.3_lenth5/1/tenfold_1_test_neg_27.npy
./DTP_data/ten_fold_data_0.3_lenth5/1/tenfold_1_test_neg_28.npy
./DTP_data/ten_fold_data_0.3_lenth5/1/tenfold_1_test_neg_29.npy
./DTP_data/ten_fold_data_0.3_lenth5/1/tenfold_1_test_neg_30.npy
./DTP_data/ten_fold_data_0.3_lenth5/1/tenfold_1_test_neg_31.npy
./DTP_data/ten_fold_data_0.3_lenth5/1/tenfold_1_test_neg_32.npy
./DTP_data/ten_fold_data_0.3_lenth5/1/tenfold_1_test_neg_33.npy
./DTP_data/ten_fold_data_0.3_lenth5/1/tenfold_1_test_neg_34.npy
./DTP_data/ten_fold_data_0.3_lenth5/1/tenfold_1_test_neg_35.npy
./DTP_data/ten_fold_data_0.3_lenth5/1/tenfold_1_test_neg_36.npy
./DTP_data/ten_fold_data_0.3_lenth5/1/tenfold_1_test_neg_37.npy
./DTP_data/ten_fold_data_0.3_lenth5/1/tenfold_1_test_neg_38.npy
./DTP_data/ten_fold_data_0.3_lenth5/1/tenfold_1_test_neg_39.npy
./DTP_data/ten_fold_data_0.3_lenth5/1/tenfold_1_test_neg_40.npy
./DTP_data/ten_fold_data_0.3_lenth5/1/tenfold_1_test_neg_41.npy
./DTP_data/ten_fold_data_0.3_lenth5/1/tenfold_1_test_neg_42.npy
./DTP_data/ten_fold_data_0.3_lenth5/1/tenfold_1_test_neg_43.npy
./DTP_data/ten_fold_data_0.3_lenth5/1/tenfold_1_test_neg_44.npy
./DTP_data/ten_fold_data_0.3_lenth5/1/tenfold_1_test_neg_45.npy
./DTP_data/ten_fold_data_0.3_lenth5/1/tenfold_1_test_neg_46.npy
./DTP_data/ten_fold_data_0.3_lenth5/1/tenfold_1_test_neg_47.npy
./DTP_data/ten_fold_data_0.3_lenth5/1/tenfold_1_test_neg_48.npy
kf_neg
j = 2
./DTP_data/ten_fold_data_0.3_lenth5/2/tenfold_2_train_neg_0.npy
./DTP_data/ten_fold_data_0.3_lenth5/2/tenfold_2_train_neg_1.npy
./DTP_data/ten_fold_data_0.3_lenth5/2/tenfold_2_train_neg_2.npy
./DTP_data/ten_fold_data_0.3_lenth5/2/tenfold_2_train_neg_3.npy
./DTP_data/ten_fold_data_0.3_lenth5/2/tenfold_2_train_neg_4.npy
./DTP_data/ten_fold_data_0.3_lenth5/2/tenfold_2_train_neg_5.npy
./DTP_data/ten_fold_data_0.3_lenth5/2/tenfold_2_train_neg_6.npy
./DTP_data/ten_fold_data_0.3_lenth5/2/tenfold_2_train_neg_7.npy
./DTP_data/ten_fold_data_0.3_lenth5/2/tenfold_2_train_neg_8.npy
./DTP_data/ten_fold_data_0.3_lenth5/2/tenfold_2_train_neg_9.npy
./DTP_data/ten_fold_data_0.3_lenth5/2/tenfold_2_train_neg_10.npy
./DTP_data/ten_fold_data_0.3_lenth5/2/tenfold_2_train_neg_11.npy
./DTP_data/ten_fold_data_0.3_lenth5/2/tenfold_2_train_neg_12.npy
./DTP_data/ten_fold_data_0.3_lenth5/2/tenfold_2_train_neg_13.npy
./DTP_data/ten_fold_data_0.3_lenth5/2/tenfold_2_train_neg_14.npy
./DTP_data/ten_fold_data_0.3_lenth5/2/tenfold_2_train_neg_15.npy
./DTP_data/ten_fold_data_0.3_lenth5/2/tenfold_2_train_neg_16.npy
./DTP_data/ten_fold_data_0.3_lenth5/2/tenfold_2_train_neg_17.npy
./DTP_data/ten_fold_data_0.3_lenth5/2/tenfold_2_train_neg_18.npy
./DTP_data/ten_fold_data_0.3_lenth5/2/tenfold_2_train_neg_19.npy
./DTP_data/ten_fold_data_0.3_lenth5/2/tenfold_2_train_neg_20.npy
./DTP_data/ten_fold_data_0.3_lenth5/2/tenfold_2_train_neg_21.npy
./DTP_data/ten_fold_data_0.3_lenth5/2/tenfold_2_train_neg_22.npy
./DTP_data/ten_fold_data_0.3_lenth5/2/tenfold_2_train_neg_23.npy
./DTP_data/ten_fold_data_0.3_lenth5/2/tenfold_2_train_neg_24.npy
./DTP_data/ten_fold_data_0.3_lenth5/2/tenfold_2_train_neg_25.npy
./DTP_data/ten_fold_data_0.3_lenth5/2/tenfold_2_train_neg_26.npy
./DTP_data/ten_fold_data_0.3_lenth5/2/tenfold_2_train_neg_27.npy
./DTP_data/ten_fold_data_0.3_lenth5/2/tenfold_2_train_neg_28.npy
./DTP_data/ten_fold_data_0.3_lenth5/2/tenfold_2_train_neg_29.npy
./DTP_data/ten_fold_data_0.3_lenth5/2/tenfold_2_train_neg_30.npy
./DTP_data/ten_fold_data_0.3_lenth5/2/tenfold_2_train_neg_31.npy
./DTP_data/ten_fold_data_0.3_lenth5/2/tenfold_2_train_neg_32.npy
./DTP_data/ten_fold_data_0.3_lenth5/2/tenfold_2_train_neg_33.npy
./DTP_data/ten_fold_data_0.3_lenth5/2/tenfold_2_train_neg_34.npy
./DTP_data/ten_fold_data_0.3_lenth5/2/tenfold_2_train_neg_35.npy
./DTP_data/ten_fold_data_0.3_lenth5/2/tenfold_2_train_neg_36.npy
./DTP_data/ten_fold_data_0.3_lenth5/2/tenfold_2_train_neg_37.npy
./DTP_data/ten_fold_data_0.3_lenth5/2/tenfold_2_train_neg_38.npy
./DTP_data/ten_fold_data_0.3_lenth5/2/tenfold_2_train_neg_39.npy
./DTP_data/ten_fold_data_0.3_lenth5/2/tenfold_2_train_neg_40.npy
./DTP_data/ten_fold_data_0.3_lenth5/2/tenfold_2_train_neg_41.npy
./DTP_data/ten_fold_data_0.3_lenth5/2/tenfold_2_train_neg_42.npy
./DTP_data/ten_fold_data_0.3_lenth5/2/tenfold_2_train_neg_43.npy
./DTP_data/ten_fold_data_0.3_lenth5/2/tenfold_2_train_neg_44.npy
./DTP_data/ten_fold_data_0.3_lenth5/2/tenfold_2_train_neg_45.npy
./DTP_data/ten_fold_data_0.3_lenth5/2/tenfold_2_train_neg_46.npy
./DTP_data/ten_fold_data_0.3_lenth5/2/tenfold_2_train_neg_47.npy
./DTP_data/ten_fold_data_0.3_lenth5/2/tenfold_2_train_neg_48.npy
./DTP_data/ten_fold_data_0.3_lenth5/2/tenfold_2_test_neg_0.npy
./DTP_data/ten_fold_data_0.3_lenth5/2/tenfold_2_test_neg_1.npy
./DTP_data/ten_fold_data_0.3_lenth5/2/tenfold_2_test_neg_2.npy
./DTP_data/ten_fold_data_0.3_lenth5/2/tenfold_2_test_neg_3.npy
./DTP_data/ten_fold_data_0.3_lenth5/2/tenfold_2_test_neg_4.npy
./DTP_data/ten_fold_data_0.3_lenth5/2/tenfold_2_test_neg_5.npy
./DTP_data/ten_fold_data_0.3_lenth5/2/tenfold_2_test_neg_6.npy
./DTP_data/ten_fold_data_0.3_lenth5/2/tenfold_2_test_neg_7.npy
./DTP_data/ten_fold_data_0.3_lenth5/2/tenfold_2_test_neg_8.npy
./DTP_data/ten_fold_data_0.3_lenth5/2/tenfold_2_test_neg_9.npy
./DTP_data/ten_fold_data_0.3_lenth5/2/tenfold_2_test_neg_10.npy
./DTP_data/ten_fold_data_0.3_lenth5/2/tenfold_2_test_neg_11.npy
./DTP_data/ten_fold_data_0.3_lenth5/2/tenfold_2_test_neg_12.npy
./DTP_data/ten_fold_data_0.3_lenth5/2/tenfold_2_test_neg_13.npy
./DTP_data/ten_fold_data_0.3_lenth5/2/tenfold_2_test_neg_14.npy
./DTP_data/ten_fold_data_0.3_lenth5/2/tenfold_2_test_neg_15.npy
./DTP_data/ten_fold_data_0.3_lenth5/2/tenfold_2_test_neg_16.npy
./DTP_data/ten_fold_data_0.3_lenth5/2/tenfold_2_test_neg_17.npy
./DTP_data/ten_fold_data_0.3_lenth5/2/tenfold_2_test_neg_18.npy
./DTP_data/ten_fold_data_0.3_lenth5/2/tenfold_2_test_neg_19.npy
./DTP_data/ten_fold_data_0.3_lenth5/2/tenfold_2_test_neg_20.npy
./DTP_data/ten_fold_data_0.3_lenth5/2/tenfold_2_test_neg_21.npy
./DTP_data/ten_fold_data_0.3_lenth5/2/tenfold_2_test_neg_22.npy
./DTP_data/ten_fold_data_0.3_lenth5/2/tenfold_2_test_neg_23.npy
./DTP_data/ten_fold_data_0.3_lenth5/2/tenfold_2_test_neg_24.npy
./DTP_data/ten_fold_data_0.3_lenth5/2/tenfold_2_test_neg_25.npy
./DTP_data/ten_fold_data_0.3_lenth5/2/tenfold_2_test_neg_26.npy
./DTP_data/ten_fold_data_0.3_lenth5/2/tenfold_2_test_neg_27.npy
./DTP_data/ten_fold_data_0.3_lenth5/2/tenfold_2_test_neg_28.npy
./DTP_data/ten_fold_data_0.3_lenth5/2/tenfold_2_test_neg_29.npy
./DTP_data/ten_fold_data_0.3_lenth5/2/tenfold_2_test_neg_30.npy
./DTP_data/ten_fold_data_0.3_lenth5/2/tenfold_2_test_neg_31.npy
./DTP_data/ten_fold_data_0.3_lenth5/2/tenfold_2_test_neg_32.npy
./DTP_data/ten_fold_data_0.3_lenth5/2/tenfold_2_test_neg_33.npy
./DTP_data/ten_fold_data_0.3_lenth5/2/tenfold_2_test_neg_34.npy
./DTP_data/ten_fold_data_0.3_lenth5/2/tenfold_2_test_neg_35.npy
./DTP_data/ten_fold_data_0.3_lenth5/2/tenfold_2_test_neg_36.npy
./DTP_data/ten_fold_data_0.3_lenth5/2/tenfold_2_test_neg_37.npy
./DTP_data/ten_fold_data_0.3_lenth5/2/tenfold_2_test_neg_38.npy
./DTP_data/ten_fold_data_0.3_lenth5/2/tenfold_2_test_neg_39.npy
./DTP_data/ten_fold_data_0.3_lenth5/2/tenfold_2_test_neg_40.npy
./DTP_data/ten_fold_data_0.3_lenth5/2/tenfold_2_test_neg_41.npy
./DTP_data/ten_fold_data_0.3_lenth5/2/tenfold_2_test_neg_42.npy
./DTP_data/ten_fold_data_0.3_lenth5/2/tenfold_2_test_neg_43.npy
./DTP_data/ten_fold_data_0.3_lenth5/2/tenfold_2_test_neg_44.npy
./DTP_data/ten_fold_data_0.3_lenth5/2/tenfold_2_test_neg_45.npy
./DTP_data/ten_fold_data_0.3_lenth5/2/tenfold_2_test_neg_46.npy
./DTP_data/ten_fold_data_0.3_lenth5/2/tenfold_2_test_neg_47.npy
./DTP_data/ten_fold_data_0.3_lenth5/2/tenfold_2_test_neg_48.npy
kf_neg
j = 3
./DTP_data/ten_fold_data_0.3_lenth5/3/tenfold_3_train_neg_0.npy
./DTP_data/ten_fold_data_0.3_lenth5/3/tenfold_3_train_neg_1.npy
./DTP_data/ten_fold_data_0.3_lenth5/3/tenfold_3_train_neg_2.npy
./DTP_data/ten_fold_data_0.3_lenth5/3/tenfold_3_train_neg_3.npy
./DTP_data/ten_fold_data_0.3_lenth5/3/tenfold_3_train_neg_4.npy
./DTP_data/ten_fold_data_0.3_lenth5/3/tenfold_3_train_neg_5.npy
./DTP_data/ten_fold_data_0.3_lenth5/3/tenfold_3_train_neg_6.npy
./DTP_data/ten_fold_data_0.3_lenth5/3/tenfold_3_train_neg_7.npy
./DTP_data/ten_fold_data_0.3_lenth5/3/tenfold_3_train_neg_8.npy
./DTP_data/ten_fold_data_0.3_lenth5/3/tenfold_3_train_neg_9.npy
./DTP_data/ten_fold_data_0.3_lenth5/3/tenfold_3_train_neg_10.npy
./DTP_data/ten_fold_data_0.3_lenth5/3/tenfold_3_train_neg_11.npy
./DTP_data/ten_fold_data_0.3_lenth5/3/tenfold_3_train_neg_12.npy
./DTP_data/ten_fold_data_0.3_lenth5/3/tenfold_3_train_neg_13.npy
./DTP_data/ten_fold_data_0.3_lenth5/3/tenfold_3_train_neg_14.npy
./DTP_data/ten_fold_data_0.3_lenth5/3/tenfold_3_train_neg_15.npy
./DTP_data/ten_fold_data_0.3_lenth5/3/tenfold_3_train_neg_16.npy
./DTP_data/ten_fold_data_0.3_lenth5/3/tenfold_3_train_neg_17.npy
./DTP_data/ten_fold_data_0.3_lenth5/3/tenfold_3_train_neg_18.npy
./DTP_data/ten_fold_data_0.3_lenth5/3/tenfold_3_train_neg_19.npy
./DTP_data/ten_fold_data_0.3_lenth5/3/tenfold_3_train_neg_20.npy
./DTP_data/ten_fold_data_0.3_lenth5/3/tenfold_3_train_neg_21.npy
./DTP_data/ten_fold_data_0.3_lenth5/3/tenfold_3_train_neg_22.npy
./DTP_data/ten_fold_data_0.3_lenth5/3/tenfold_3_train_neg_23.npy
./DTP_data/ten_fold_data_0.3_lenth5/3/tenfold_3_train_neg_24.npy
./DTP_data/ten_fold_data_0.3_lenth5/3/tenfold_3_train_neg_25.npy
./DTP_data/ten_fold_data_0.3_lenth5/3/tenfold_3_train_neg_26.npy
./DTP_data/ten_fold_data_0.3_lenth5/3/tenfold_3_train_neg_27.npy
./DTP_data/ten_fold_data_0.3_lenth5/3/tenfold_3_train_neg_28.npy
./DTP_data/ten_fold_data_0.3_lenth5/3/tenfold_3_train_neg_29.npy
./DTP_data/ten_fold_data_0.3_lenth5/3/tenfold_3_train_neg_30.npy
./DTP_data/ten_fold_data_0.3_lenth5/3/tenfold_3_train_neg_31.npy
./DTP_data/ten_fold_data_0.3_lenth5/3/tenfold_3_train_neg_32.npy
./DTP_data/ten_fold_data_0.3_lenth5/3/tenfold_3_train_neg_33.npy
./DTP_data/ten_fold_data_0.3_lenth5/3/tenfold_3_train_neg_34.npy
./DTP_data/ten_fold_data_0.3_lenth5/3/tenfold_3_train_neg_35.npy
./DTP_data/ten_fold_data_0.3_lenth5/3/tenfold_3_train_neg_36.npy
./DTP_data/ten_fold_data_0.3_lenth5/3/tenfold_3_train_neg_37.npy
./DTP_data/ten_fold_data_0.3_lenth5/3/tenfold_3_train_neg_38.npy
./DTP_data/ten_fold_data_0.3_lenth5/3/tenfold_3_train_neg_39.npy
./DTP_data/ten_fold_data_0.3_lenth5/3/tenfold_3_train_neg_40.npy
./DTP_data/ten_fold_data_0.3_lenth5/3/tenfold_3_train_neg_41.npy
./DTP_data/ten_fold_data_0.3_lenth5/3/tenfold_3_train_neg_42.npy
./DTP_data/ten_fold_data_0.3_lenth5/3/tenfold_3_train_neg_43.npy
./DTP_data/ten_fold_data_0.3_lenth5/3/tenfold_3_train_neg_44.npy
./DTP_data/ten_fold_data_0.3_lenth5/3/tenfold_3_train_neg_45.npy
./DTP_data/ten_fold_data_0.3_lenth5/3/tenfold_3_train_neg_46.npy
./DTP_data/ten_fold_data_0.3_lenth5/3/tenfold_3_train_neg_47.npy
./DTP_data/ten_fold_data_0.3_lenth5/3/tenfold_3_train_neg_48.npy
./DTP_data/ten_fold_data_0.3_lenth5/3/tenfold_3_test_neg_0.npy
./DTP_data/ten_fold_data_0.3_lenth5/3/tenfold_3_test_neg_1.npy
./DTP_data/ten_fold_data_0.3_lenth5/3/tenfold_3_test_neg_2.npy
./DTP_data/ten_fold_data_0.3_lenth5/3/tenfold_3_test_neg_3.npy
./DTP_data/ten_fold_data_0.3_lenth5/3/tenfold_3_test_neg_4.npy
./DTP_data/ten_fold_data_0.3_lenth5/3/tenfold_3_test_neg_5.npy
./DTP_data/ten_fold_data_0.3_lenth5/3/tenfold_3_test_neg_6.npy
./DTP_data/ten_fold_data_0.3_lenth5/3/tenfold_3_test_neg_7.npy
./DTP_data/ten_fold_data_0.3_lenth5/3/tenfold_3_test_neg_8.npy
./DTP_data/ten_fold_data_0.3_lenth5/3/tenfold_3_test_neg_9.npy
./DTP_data/ten_fold_data_0.3_lenth5/3/tenfold_3_test_neg_10.npy
./DTP_data/ten_fold_data_0.3_lenth5/3/tenfold_3_test_neg_11.npy
./DTP_data/ten_fold_data_0.3_lenth5/3/tenfold_3_test_neg_12.npy
./DTP_data/ten_fold_data_0.3_lenth5/3/tenfold_3_test_neg_13.npy
./DTP_data/ten_fold_data_0.3_lenth5/3/tenfold_3_test_neg_14.npy
./DTP_data/ten_fold_data_0.3_lenth5/3/tenfold_3_test_neg_15.npy
./DTP_data/ten_fold_data_0.3_lenth5/3/tenfold_3_test_neg_16.npy
./DTP_data/ten_fold_data_0.3_lenth5/3/tenfold_3_test_neg_17.npy
./DTP_data/ten_fold_data_0.3_lenth5/3/tenfold_3_test_neg_18.npy
./DTP_data/ten_fold_data_0.3_lenth5/3/tenfold_3_test_neg_19.npy
./DTP_data/ten_fold_data_0.3_lenth5/3/tenfold_3_test_neg_20.npy
./DTP_data/ten_fold_data_0.3_lenth5/3/tenfold_3_test_neg_21.npy
./DTP_data/ten_fold_data_0.3_lenth5/3/tenfold_3_test_neg_22.npy
./DTP_data/ten_fold_data_0.3_lenth5/3/tenfold_3_test_neg_23.npy
./DTP_data/ten_fold_data_0.3_lenth5/3/tenfold_3_test_neg_24.npy
./DTP_data/ten_fold_data_0.3_lenth5/3/tenfold_3_test_neg_25.npy
./DTP_data/ten_fold_data_0.3_lenth5/3/tenfold_3_test_neg_26.npy
./DTP_data/ten_fold_data_0.3_lenth5/3/tenfold_3_test_neg_27.npy
./DTP_data/ten_fold_data_0.3_lenth5/3/tenfold_3_test_neg_28.npy
./DTP_data/ten_fold_data_0.3_lenth5/3/tenfold_3_test_neg_29.npy
./DTP_data/ten_fold_data_0.3_lenth5/3/tenfold_3_test_neg_30.npy
./DTP_data/ten_fold_data_0.3_lenth5/3/tenfold_3_test_neg_31.npy
./DTP_data/ten_fold_data_0.3_lenth5/3/tenfold_3_test_neg_32.npy
./DTP_data/ten_fold_data_0.3_lenth5/3/tenfold_3_test_neg_33.npy
./DTP_data/ten_fold_data_0.3_lenth5/3/tenfold_3_test_neg_34.npy
./DTP_data/ten_fold_data_0.3_lenth5/3/tenfold_3_test_neg_35.npy
./DTP_data/ten_fold_data_0.3_lenth5/3/tenfold_3_test_neg_36.npy
./DTP_data/ten_fold_data_0.3_lenth5/3/tenfold_3_test_neg_37.npy
./DTP_data/ten_fold_data_0.3_lenth5/3/tenfold_3_test_neg_38.npy
./DTP_data/ten_fold_data_0.3_lenth5/3/tenfold_3_test_neg_39.npy
./DTP_data/ten_fold_data_0.3_lenth5/3/tenfold_3_test_neg_40.npy
./DTP_data/ten_fold_data_0.3_lenth5/3/tenfold_3_test_neg_41.npy
./DTP_data/ten_fold_data_0.3_lenth5/3/tenfold_3_test_neg_42.npy
./DTP_data/ten_fold_data_0.3_lenth5/3/tenfold_3_test_neg_43.npy
./DTP_data/ten_fold_data_0.3_lenth5/3/tenfold_3_test_neg_44.npy
./DTP_data/ten_fold_data_0.3_lenth5/3/tenfold_3_test_neg_45.npy
./DTP_data/ten_fold_data_0.3_lenth5/3/tenfold_3_test_neg_46.npy
./DTP_data/ten_fold_data_0.3_lenth5/3/tenfold_3_test_neg_47.npy
./DTP_data/ten_fold_data_0.3_lenth5/3/tenfold_3_test_neg_48.npy
kf_neg
j = 4
./DTP_data/ten_fold_data_0.3_lenth5/4/tenfold_4_train_neg_0.npy
./DTP_data/ten_fold_data_0.3_lenth5/4/tenfold_4_train_neg_1.npy
./DTP_data/ten_fold_data_0.3_lenth5/4/tenfold_4_train_neg_2.npy
./DTP_data/ten_fold_data_0.3_lenth5/4/tenfold_4_train_neg_3.npy
./DTP_data/ten_fold_data_0.3_lenth5/4/tenfold_4_train_neg_4.npy
./DTP_data/ten_fold_data_0.3_lenth5/4/tenfold_4_train_neg_5.npy
./DTP_data/ten_fold_data_0.3_lenth5/4/tenfold_4_train_neg_6.npy
./DTP_data/ten_fold_data_0.3_lenth5/4/tenfold_4_train_neg_7.npy
./DTP_data/ten_fold_data_0.3_lenth5/4/tenfold_4_train_neg_8.npy
./DTP_data/ten_fold_data_0.3_lenth5/4/tenfold_4_train_neg_9.npy
./DTP_data/ten_fold_data_0.3_lenth5/4/tenfold_4_train_neg_10.npy
./DTP_data/ten_fold_data_0.3_lenth5/4/tenfold_4_train_neg_11.npy
./DTP_data/ten_fold_data_0.3_lenth5/4/tenfold_4_train_neg_12.npy
./DTP_data/ten_fold_data_0.3_lenth5/4/tenfold_4_train_neg_13.npy
./DTP_data/ten_fold_data_0.3_lenth5/4/tenfold_4_train_neg_14.npy
./DTP_data/ten_fold_data_0.3_lenth5/4/tenfold_4_train_neg_15.npy
./DTP_data/ten_fold_data_0.3_lenth5/4/tenfold_4_train_neg_16.npy
./DTP_data/ten_fold_data_0.3_lenth5/4/tenfold_4_train_neg_17.npy
./DTP_data/ten_fold_data_0.3_lenth5/4/tenfold_4_train_neg_18.npy
./DTP_data/ten_fold_data_0.3_lenth5/4/tenfold_4_train_neg_19.npy
./DTP_data/ten_fold_data_0.3_lenth5/4/tenfold_4_train_neg_20.npy
./DTP_data/ten_fold_data_0.3_lenth5/4/tenfold_4_train_neg_21.npy
./DTP_data/ten_fold_data_0.3_lenth5/4/tenfold_4_train_neg_22.npy
./DTP_data/ten_fold_data_0.3_lenth5/4/tenfold_4_train_neg_23.npy
./DTP_data/ten_fold_data_0.3_lenth5/4/tenfold_4_train_neg_24.npy
./DTP_data/ten_fold_data_0.3_lenth5/4/tenfold_4_train_neg_25.npy
./DTP_data/ten_fold_data_0.3_lenth5/4/tenfold_4_train_neg_26.npy
./DTP_data/ten_fold_data_0.3_lenth5/4/tenfold_4_train_neg_27.npy
./DTP_data/ten_fold_data_0.3_lenth5/4/tenfold_4_train_neg_28.npy
./DTP_data/ten_fold_data_0.3_lenth5/4/tenfold_4_train_neg_29.npy
./DTP_data/ten_fold_data_0.3_lenth5/4/tenfold_4_train_neg_30.npy
./DTP_data/ten_fold_data_0.3_lenth5/4/tenfold_4_train_neg_31.npy
./DTP_data/ten_fold_data_0.3_lenth5/4/tenfold_4_train_neg_32.npy
./DTP_data/ten_fold_data_0.3_lenth5/4/tenfold_4_train_neg_33.npy
./DTP_data/ten_fold_data_0.3_lenth5/4/tenfold_4_train_neg_34.npy
./DTP_data/ten_fold_data_0.3_lenth5/4/tenfold_4_train_neg_35.npy
./DTP_data/ten_fold_data_0.3_lenth5/4/tenfold_4_train_neg_36.npy
./DTP_data/ten_fold_data_0.3_lenth5/4/tenfold_4_train_neg_37.npy
./DTP_data/ten_fold_data_0.3_lenth5/4/tenfold_4_train_neg_38.npy
./DTP_data/ten_fold_data_0.3_lenth5/4/tenfold_4_train_neg_39.npy
./DTP_data/ten_fold_data_0.3_lenth5/4/tenfold_4_train_neg_40.npy
./DTP_data/ten_fold_data_0.3_lenth5/4/tenfold_4_train_neg_41.npy
./DTP_data/ten_fold_data_0.3_lenth5/4/tenfold_4_train_neg_42.npy
./DTP_data/ten_fold_data_0.3_lenth5/4/tenfold_4_train_neg_43.npy
./DTP_data/ten_fold_data_0.3_lenth5/4/tenfold_4_train_neg_44.npy
./DTP_data/ten_fold_data_0.3_lenth5/4/tenfold_4_train_neg_45.npy
./DTP_data/ten_fold_data_0.3_lenth5/4/tenfold_4_train_neg_46.npy
./DTP_data/ten_fold_data_0.3_lenth5/4/tenfold_4_train_neg_47.npy
./DTP_data/ten_fold_data_0.3_lenth5/4/tenfold_4_train_neg_48.npy
./DTP_data/ten_fold_data_0.3_lenth5/4/tenfold_4_test_neg_0.npy
./DTP_data/ten_fold_data_0.3_lenth5/4/tenfold_4_test_neg_1.npy
./DTP_data/ten_fold_data_0.3_lenth5/4/tenfold_4_test_neg_2.npy
./DTP_data/ten_fold_data_0.3_lenth5/4/tenfold_4_test_neg_3.npy
./DTP_data/ten_fold_data_0.3_lenth5/4/tenfold_4_test_neg_4.npy
./DTP_data/ten_fold_data_0.3_lenth5/4/tenfold_4_test_neg_5.npy
./DTP_data/ten_fold_data_0.3_lenth5/4/tenfold_4_test_neg_6.npy
./DTP_data/ten_fold_data_0.3_lenth5/4/tenfold_4_test_neg_7.npy
./DTP_data/ten_fold_data_0.3_lenth5/4/tenfold_4_test_neg_8.npy
./DTP_data/ten_fold_data_0.3_lenth5/4/tenfold_4_test_neg_9.npy
./DTP_data/ten_fold_data_0.3_lenth5/4/tenfold_4_test_neg_10.npy
./DTP_data/ten_fold_data_0.3_lenth5/4/tenfold_4_test_neg_11.npy
./DTP_data/ten_fold_data_0.3_lenth5/4/tenfold_4_test_neg_12.npy
./DTP_data/ten_fold_data_0.3_lenth5/4/tenfold_4_test_neg_13.npy
./DTP_data/ten_fold_data_0.3_lenth5/4/tenfold_4_test_neg_14.npy
./DTP_data/ten_fold_data_0.3_lenth5/4/tenfold_4_test_neg_15.npy
./DTP_data/ten_fold_data_0.3_lenth5/4/tenfold_4_test_neg_16.npy
./DTP_data/ten_fold_data_0.3_lenth5/4/tenfold_4_test_neg_17.npy
./DTP_data/ten_fold_data_0.3_lenth5/4/tenfold_4_test_neg_18.npy
./DTP_data/ten_fold_data_0.3_lenth5/4/tenfold_4_test_neg_19.npy
./DTP_data/ten_fold_data_0.3_lenth5/4/tenfold_4_test_neg_20.npy
./DTP_data/ten_fold_data_0.3_lenth5/4/tenfold_4_test_neg_21.npy
./DTP_data/ten_fold_data_0.3_lenth5/4/tenfold_4_test_neg_22.npy
./DTP_data/ten_fold_data_0.3_lenth5/4/tenfold_4_test_neg_23.npy
./DTP_data/ten_fold_data_0.3_lenth5/4/tenfold_4_test_neg_24.npy
./DTP_data/ten_fold_data_0.3_lenth5/4/tenfold_4_test_neg_25.npy
./DTP_data/ten_fold_data_0.3_lenth5/4/tenfold_4_test_neg_26.npy
./DTP_data/ten_fold_data_0.3_lenth5/4/tenfold_4_test_neg_27.npy
./DTP_data/ten_fold_data_0.3_lenth5/4/tenfold_4_test_neg_28.npy
./DTP_data/ten_fold_data_0.3_lenth5/4/tenfold_4_test_neg_29.npy
./DTP_data/ten_fold_data_0.3_lenth5/4/tenfold_4_test_neg_30.npy
./DTP_data/ten_fold_data_0.3_lenth5/4/tenfold_4_test_neg_31.npy
./DTP_data/ten_fold_data_0.3_lenth5/4/tenfold_4_test_neg_32.npy
./DTP_data/ten_fold_data_0.3_lenth5/4/tenfold_4_test_neg_33.npy
./DTP_data/ten_fold_data_0.3_lenth5/4/tenfold_4_test_neg_34.npy
./DTP_data/ten_fold_data_0.3_lenth5/4/tenfold_4_test_neg_35.npy
./DTP_data/ten_fold_data_0.3_lenth5/4/tenfold_4_test_neg_36.npy
./DTP_data/ten_fold_data_0.3_lenth5/4/tenfold_4_test_neg_37.npy
./DTP_data/ten_fold_data_0.3_lenth5/4/tenfold_4_test_neg_38.npy
./DTP_data/ten_fold_data_0.3_lenth5/4/tenfold_4_test_neg_39.npy
./DTP_data/ten_fold_data_0.3_lenth5/4/tenfold_4_test_neg_40.npy
./DTP_data/ten_fold_data_0.3_lenth5/4/tenfold_4_test_neg_41.npy
./DTP_data/ten_fold_data_0.3_lenth5/4/tenfold_4_test_neg_42.npy
./DTP_data/ten_fold_data_0.3_lenth5/4/tenfold_4_test_neg_43.npy
./DTP_data/ten_fold_data_0.3_lenth5/4/tenfold_4_test_neg_44.npy
./DTP_data/ten_fold_data_0.3_lenth5/4/tenfold_4_test_neg_45.npy
./DTP_data/ten_fold_data_0.3_lenth5/4/tenfold_4_test_neg_46.npy
./DTP_data/ten_fold_data_0.3_lenth5/4/tenfold_4_test_neg_47.npy
./DTP_data/ten_fold_data_0.3_lenth5/4/tenfold_4_test_neg_48.npy
kf_neg
j = 5
./DTP_data/ten_fold_data_0.3_lenth5/5/tenfold_5_train_neg_0.npy
./DTP_data/ten_fold_data_0.3_lenth5/5/tenfold_5_train_neg_1.npy
./DTP_data/ten_fold_data_0.3_lenth5/5/tenfold_5_train_neg_2.npy
./DTP_data/ten_fold_data_0.3_lenth5/5/tenfold_5_train_neg_3.npy
./DTP_data/ten_fold_data_0.3_lenth5/5/tenfold_5_train_neg_4.npy
./DTP_data/ten_fold_data_0.3_lenth5/5/tenfold_5_train_neg_5.npy
./DTP_data/ten_fold_data_0.3_lenth5/5/tenfold_5_train_neg_6.npy
./DTP_data/ten_fold_data_0.3_lenth5/5/tenfold_5_train_neg_7.npy
./DTP_data/ten_fold_data_0.3_lenth5/5/tenfold_5_train_neg_8.npy
./DTP_data/ten_fold_data_0.3_lenth5/5/tenfold_5_train_neg_9.npy
./DTP_data/ten_fold_data_0.3_lenth5/5/tenfold_5_train_neg_10.npy
./DTP_data/ten_fold_data_0.3_lenth5/5/tenfold_5_train_neg_11.npy
./DTP_data/ten_fold_data_0.3_lenth5/5/tenfold_5_train_neg_12.npy
./DTP_data/ten_fold_data_0.3_lenth5/5/tenfold_5_train_neg_13.npy
./DTP_data/ten_fold_data_0.3_lenth5/5/tenfold_5_train_neg_14.npy
./DTP_data/ten_fold_data_0.3_lenth5/5/tenfold_5_train_neg_15.npy
./DTP_data/ten_fold_data_0.3_lenth5/5/tenfold_5_train_neg_16.npy
./DTP_data/ten_fold_data_0.3_lenth5/5/tenfold_5_train_neg_17.npy
./DTP_data/ten_fold_data_0.3_lenth5/5/tenfold_5_train_neg_18.npy
./DTP_data/ten_fold_data_0.3_lenth5/5/tenfold_5_train_neg_19.npy
./DTP_data/ten_fold_data_0.3_lenth5/5/tenfold_5_train_neg_20.npy
./DTP_data/ten_fold_data_0.3_lenth5/5/tenfold_5_train_neg_21.npy
./DTP_data/ten_fold_data_0.3_lenth5/5/tenfold_5_train_neg_22.npy
./DTP_data/ten_fold_data_0.3_lenth5/5/tenfold_5_train_neg_23.npy
./DTP_data/ten_fold_data_0.3_lenth5/5/tenfold_5_train_neg_24.npy
./DTP_data/ten_fold_data_0.3_lenth5/5/tenfold_5_train_neg_25.npy
./DTP_data/ten_fold_data_0.3_lenth5/5/tenfold_5_train_neg_26.npy
./DTP_data/ten_fold_data_0.3_lenth5/5/tenfold_5_train_neg_27.npy
./DTP_data/ten_fold_data_0.3_lenth5/5/tenfold_5_train_neg_28.npy
./DTP_data/ten_fold_data_0.3_lenth5/5/tenfold_5_train_neg_29.npy
./DTP_data/ten_fold_data_0.3_lenth5/5/tenfold_5_train_neg_30.npy
./DTP_data/ten_fold_data_0.3_lenth5/5/tenfold_5_train_neg_31.npy
./DTP_data/ten_fold_data_0.3_lenth5/5/tenfold_5_train_neg_32.npy
./DTP_data/ten_fold_data_0.3_lenth5/5/tenfold_5_train_neg_33.npy
./DTP_data/ten_fold_data_0.3_lenth5/5/tenfold_5_train_neg_34.npy
./DTP_data/ten_fold_data_0.3_lenth5/5/tenfold_5_train_neg_35.npy
./DTP_data/ten_fold_data_0.3_lenth5/5/tenfold_5_train_neg_36.npy
./DTP_data/ten_fold_data_0.3_lenth5/5/tenfold_5_train_neg_37.npy
./DTP_data/ten_fold_data_0.3_lenth5/5/tenfold_5_train_neg_38.npy
./DTP_data/ten_fold_data_0.3_lenth5/5/tenfold_5_train_neg_39.npy
./DTP_data/ten_fold_data_0.3_lenth5/5/tenfold_5_train_neg_40.npy
./DTP_data/ten_fold_data_0.3_lenth5/5/tenfold_5_train_neg_41.npy
./DTP_data/ten_fold_data_0.3_lenth5/5/tenfold_5_train_neg_42.npy
./DTP_data/ten_fold_data_0.3_lenth5/5/tenfold_5_train_neg_43.npy
./DTP_data/ten_fold_data_0.3_lenth5/5/tenfold_5_train_neg_44.npy
./DTP_data/ten_fold_data_0.3_lenth5/5/tenfold_5_train_neg_45.npy
./DTP_data/ten_fold_data_0.3_lenth5/5/tenfold_5_train_neg_46.npy
./DTP_data/ten_fold_data_0.3_lenth5/5/tenfold_5_train_neg_47.npy
./DTP_data/ten_fold_data_0.3_lenth5/5/tenfold_5_train_neg_48.npy
./DTP_data/ten_fold_data_0.3_lenth5/5/tenfold_5_test_neg_0.npy
./DTP_data/ten_fold_data_0.3_lenth5/5/tenfold_5_test_neg_1.npy
./DTP_data/ten_fold_data_0.3_lenth5/5/tenfold_5_test_neg_2.npy
./DTP_data/ten_fold_data_0.3_lenth5/5/tenfold_5_test_neg_3.npy
./DTP_data/ten_fold_data_0.3_lenth5/5/tenfold_5_test_neg_4.npy
./DTP_data/ten_fold_data_0.3_lenth5/5/tenfold_5_test_neg_5.npy
./DTP_data/ten_fold_data_0.3_lenth5/5/tenfold_5_test_neg_6.npy
./DTP_data/ten_fold_data_0.3_lenth5/5/tenfold_5_test_neg_7.npy
./DTP_data/ten_fold_data_0.3_lenth5/5/tenfold_5_test_neg_8.npy
./DTP_data/ten_fold_data_0.3_lenth5/5/tenfold_5_test_neg_9.npy
./DTP_data/ten_fold_data_0.3_lenth5/5/tenfold_5_test_neg_10.npy
./DTP_data/ten_fold_data_0.3_lenth5/5/tenfold_5_test_neg_11.npy
./DTP_data/ten_fold_data_0.3_lenth5/5/tenfold_5_test_neg_12.npy
./DTP_data/ten_fold_data_0.3_lenth5/5/tenfold_5_test_neg_13.npy
./DTP_data/ten_fold_data_0.3_lenth5/5/tenfold_5_test_neg_14.npy
./DTP_data/ten_fold_data_0.3_lenth5/5/tenfold_5_test_neg_15.npy
./DTP_data/ten_fold_data_0.3_lenth5/5/tenfold_5_test_neg_16.npy
./DTP_data/ten_fold_data_0.3_lenth5/5/tenfold_5_test_neg_17.npy
./DTP_data/ten_fold_data_0.3_lenth5/5/tenfold_5_test_neg_18.npy
./DTP_data/ten_fold_data_0.3_lenth5/5/tenfold_5_test_neg_19.npy
./DTP_data/ten_fold_data_0.3_lenth5/5/tenfold_5_test_neg_20.npy
./DTP_data/ten_fold_data_0.3_lenth5/5/tenfold_5_test_neg_21.npy
./DTP_data/ten_fold_data_0.3_lenth5/5/tenfold_5_test_neg_22.npy
./DTP_data/ten_fold_data_0.3_lenth5/5/tenfold_5_test_neg_23.npy
./DTP_data/ten_fold_data_0.3_lenth5/5/tenfold_5_test_neg_24.npy
./DTP_data/ten_fold_data_0.3_lenth5/5/tenfold_5_test_neg_25.npy
./DTP_data/ten_fold_data_0.3_lenth5/5/tenfold_5_test_neg_26.npy
./DTP_data/ten_fold_data_0.3_lenth5/5/tenfold_5_test_neg_27.npy
./DTP_data/ten_fold_data_0.3_lenth5/5/tenfold_5_test_neg_28.npy
./DTP_data/ten_fold_data_0.3_lenth5/5/tenfold_5_test_neg_29.npy
./DTP_data/ten_fold_data_0.3_lenth5/5/tenfold_5_test_neg_30.npy
./DTP_data/ten_fold_data_0.3_lenth5/5/tenfold_5_test_neg_31.npy
./DTP_data/ten_fold_data_0.3_lenth5/5/tenfold_5_test_neg_32.npy
./DTP_data/ten_fold_data_0.3_lenth5/5/tenfold_5_test_neg_33.npy
./DTP_data/ten_fold_data_0.3_lenth5/5/tenfold_5_test_neg_34.npy
./DTP_data/ten_fold_data_0.3_lenth5/5/tenfold_5_test_neg_35.npy
./DTP_data/ten_fold_data_0.3_lenth5/5/tenfold_5_test_neg_36.npy
./DTP_data/ten_fold_data_0.3_lenth5/5/tenfold_5_test_neg_37.npy
./DTP_data/ten_fold_data_0.3_lenth5/5/tenfold_5_test_neg_38.npy
./DTP_data/ten_fold_data_0.3_lenth5/5/tenfold_5_test_neg_39.npy
./DTP_data/ten_fold_data_0.3_lenth5/5/tenfold_5_test_neg_40.npy
./DTP_data/ten_fold_data_0.3_lenth5/5/tenfold_5_test_neg_41.npy
./DTP_data/ten_fold_data_0.3_lenth5/5/tenfold_5_test_neg_42.npy
./DTP_data/ten_fold_data_0.3_lenth5/5/tenfold_5_test_neg_43.npy
./DTP_data/ten_fold_data_0.3_lenth5/5/tenfold_5_test_neg_44.npy
./DTP_data/ten_fold_data_0.3_lenth5/5/tenfold_5_test_neg_45.npy
./DTP_data/ten_fold_data_0.3_lenth5/5/tenfold_5_test_neg_46.npy
./DTP_data/ten_fold_data_0.3_lenth5/5/tenfold_5_test_neg_47.npy
./DTP_data/ten_fold_data_0.3_lenth5/5/tenfold_5_test_neg_48.npy
kf_neg
j = 6
./DTP_data/ten_fold_data_0.3_lenth5/6/tenfold_6_train_neg_0.npy
./DTP_data/ten_fold_data_0.3_lenth5/6/tenfold_6_train_neg_1.npy
./DTP_data/ten_fold_data_0.3_lenth5/6/tenfold_6_train_neg_2.npy
./DTP_data/ten_fold_data_0.3_lenth5/6/tenfold_6_train_neg_3.npy
./DTP_data/ten_fold_data_0.3_lenth5/6/tenfold_6_train_neg_4.npy
./DTP_data/ten_fold_data_0.3_lenth5/6/tenfold_6_train_neg_5.npy
./DTP_data/ten_fold_data_0.3_lenth5/6/tenfold_6_train_neg_6.npy
./DTP_data/ten_fold_data_0.3_lenth5/6/tenfold_6_train_neg_7.npy
./DTP_data/ten_fold_data_0.3_lenth5/6/tenfold_6_train_neg_8.npy
./DTP_data/ten_fold_data_0.3_lenth5/6/tenfold_6_train_neg_9.npy
./DTP_data/ten_fold_data_0.3_lenth5/6/tenfold_6_train_neg_10.npy
./DTP_data/ten_fold_data_0.3_lenth5/6/tenfold_6_train_neg_11.npy
./DTP_data/ten_fold_data_0.3_lenth5/6/tenfold_6_train_neg_12.npy
./DTP_data/ten_fold_data_0.3_lenth5/6/tenfold_6_train_neg_13.npy
./DTP_data/ten_fold_data_0.3_lenth5/6/tenfold_6_train_neg_14.npy
./DTP_data/ten_fold_data_0.3_lenth5/6/tenfold_6_train_neg_15.npy
./DTP_data/ten_fold_data_0.3_lenth5/6/tenfold_6_train_neg_16.npy
./DTP_data/ten_fold_data_0.3_lenth5/6/tenfold_6_train_neg_17.npy
./DTP_data/ten_fold_data_0.3_lenth5/6/tenfold_6_train_neg_18.npy
./DTP_data/ten_fold_data_0.3_lenth5/6/tenfold_6_train_neg_19.npy
./DTP_data/ten_fold_data_0.3_lenth5/6/tenfold_6_train_neg_20.npy
./DTP_data/ten_fold_data_0.3_lenth5/6/tenfold_6_train_neg_21.npy
./DTP_data/ten_fold_data_0.3_lenth5/6/tenfold_6_train_neg_22.npy
./DTP_data/ten_fold_data_0.3_lenth5/6/tenfold_6_train_neg_23.npy
./DTP_data/ten_fold_data_0.3_lenth5/6/tenfold_6_train_neg_24.npy
./DTP_data/ten_fold_data_0.3_lenth5/6/tenfold_6_train_neg_25.npy
./DTP_data/ten_fold_data_0.3_lenth5/6/tenfold_6_train_neg_26.npy
./DTP_data/ten_fold_data_0.3_lenth5/6/tenfold_6_train_neg_27.npy
./DTP_data/ten_fold_data_0.3_lenth5/6/tenfold_6_train_neg_28.npy
./DTP_data/ten_fold_data_0.3_lenth5/6/tenfold_6_train_neg_29.npy
./DTP_data/ten_fold_data_0.3_lenth5/6/tenfold_6_train_neg_30.npy
./DTP_data/ten_fold_data_0.3_lenth5/6/tenfold_6_train_neg_31.npy
./DTP_data/ten_fold_data_0.3_lenth5/6/tenfold_6_train_neg_32.npy
./DTP_data/ten_fold_data_0.3_lenth5/6/tenfold_6_train_neg_33.npy
./DTP_data/ten_fold_data_0.3_lenth5/6/tenfold_6_train_neg_34.npy
./DTP_data/ten_fold_data_0.3_lenth5/6/tenfold_6_train_neg_35.npy
./DTP_data/ten_fold_data_0.3_lenth5/6/tenfold_6_train_neg_36.npy
./DTP_data/ten_fold_data_0.3_lenth5/6/tenfold_6_train_neg_37.npy
./DTP_data/ten_fold_data_0.3_lenth5/6/tenfold_6_train_neg_38.npy
./DTP_data/ten_fold_data_0.3_lenth5/6/tenfold_6_train_neg_39.npy
./DTP_data/ten_fold_data_0.3_lenth5/6/tenfold_6_train_neg_40.npy
./DTP_data/ten_fold_data_0.3_lenth5/6/tenfold_6_train_neg_41.npy
./DTP_data/ten_fold_data_0.3_lenth5/6/tenfold_6_train_neg_42.npy
./DTP_data/ten_fold_data_0.3_lenth5/6/tenfold_6_train_neg_43.npy
./DTP_data/ten_fold_data_0.3_lenth5/6/tenfold_6_train_neg_44.npy
./DTP_data/ten_fold_data_0.3_lenth5/6/tenfold_6_train_neg_45.npy
./DTP_data/ten_fold_data_0.3_lenth5/6/tenfold_6_train_neg_46.npy
./DTP_data/ten_fold_data_0.3_lenth5/6/tenfold_6_train_neg_47.npy
./DTP_data/ten_fold_data_0.3_lenth5/6/tenfold_6_train_neg_48.npy
./DTP_data/ten_fold_data_0.3_lenth5/6/tenfold_6_test_neg_0.npy
./DTP_data/ten_fold_data_0.3_lenth5/6/tenfold_6_test_neg_1.npy
./DTP_data/ten_fold_data_0.3_lenth5/6/tenfold_6_test_neg_2.npy
./DTP_data/ten_fold_data_0.3_lenth5/6/tenfold_6_test_neg_3.npy
./DTP_data/ten_fold_data_0.3_lenth5/6/tenfold_6_test_neg_4.npy
./DTP_data/ten_fold_data_0.3_lenth5/6/tenfold_6_test_neg_5.npy
./DTP_data/ten_fold_data_0.3_lenth5/6/tenfold_6_test_neg_6.npy
./DTP_data/ten_fold_data_0.3_lenth5/6/tenfold_6_test_neg_7.npy
./DTP_data/ten_fold_data_0.3_lenth5/6/tenfold_6_test_neg_8.npy
./DTP_data/ten_fold_data_0.3_lenth5/6/tenfold_6_test_neg_9.npy
./DTP_data/ten_fold_data_0.3_lenth5/6/tenfold_6_test_neg_10.npy
./DTP_data/ten_fold_data_0.3_lenth5/6/tenfold_6_test_neg_11.npy
./DTP_data/ten_fold_data_0.3_lenth5/6/tenfold_6_test_neg_12.npy
./DTP_data/ten_fold_data_0.3_lenth5/6/tenfold_6_test_neg_13.npy
./DTP_data/ten_fold_data_0.3_lenth5/6/tenfold_6_test_neg_14.npy
./DTP_data/ten_fold_data_0.3_lenth5/6/tenfold_6_test_neg_15.npy
./DTP_data/ten_fold_data_0.3_lenth5/6/tenfold_6_test_neg_16.npy
./DTP_data/ten_fold_data_0.3_lenth5/6/tenfold_6_test_neg_17.npy
./DTP_data/ten_fold_data_0.3_lenth5/6/tenfold_6_test_neg_18.npy
./DTP_data/ten_fold_data_0.3_lenth5/6/tenfold_6_test_neg_19.npy
./DTP_data/ten_fold_data_0.3_lenth5/6/tenfold_6_test_neg_20.npy
./DTP_data/ten_fold_data_0.3_lenth5/6/tenfold_6_test_neg_21.npy
./DTP_data/ten_fold_data_0.3_lenth5/6/tenfold_6_test_neg_22.npy
./DTP_data/ten_fold_data_0.3_lenth5/6/tenfold_6_test_neg_23.npy
./DTP_data/ten_fold_data_0.3_lenth5/6/tenfold_6_test_neg_24.npy
./DTP_data/ten_fold_data_0.3_lenth5/6/tenfold_6_test_neg_25.npy
./DTP_data/ten_fold_data_0.3_lenth5/6/tenfold_6_test_neg_26.npy
./DTP_data/ten_fold_data_0.3_lenth5/6/tenfold_6_test_neg_27.npy
./DTP_data/ten_fold_data_0.3_lenth5/6/tenfold_6_test_neg_28.npy
./DTP_data/ten_fold_data_0.3_lenth5/6/tenfold_6_test_neg_29.npy
./DTP_data/ten_fold_data_0.3_lenth5/6/tenfold_6_test_neg_30.npy
./DTP_data/ten_fold_data_0.3_lenth5/6/tenfold_6_test_neg_31.npy
./DTP_data/ten_fold_data_0.3_lenth5/6/tenfold_6_test_neg_32.npy
./DTP_data/ten_fold_data_0.3_lenth5/6/tenfold_6_test_neg_33.npy
./DTP_data/ten_fold_data_0.3_lenth5/6/tenfold_6_test_neg_34.npy
./DTP_data/ten_fold_data_0.3_lenth5/6/tenfold_6_test_neg_35.npy
./DTP_data/ten_fold_data_0.3_lenth5/6/tenfold_6_test_neg_36.npy
./DTP_data/ten_fold_data_0.3_lenth5/6/tenfold_6_test_neg_37.npy
./DTP_data/ten_fold_data_0.3_lenth5/6/tenfold_6_test_neg_38.npy
./DTP_data/ten_fold_data_0.3_lenth5/6/tenfold_6_test_neg_39.npy
./DTP_data/ten_fold_data_0.3_lenth5/6/tenfold_6_test_neg_40.npy
./DTP_data/ten_fold_data_0.3_lenth5/6/tenfold_6_test_neg_41.npy
./DTP_data/ten_fold_data_0.3_lenth5/6/tenfold_6_test_neg_42.npy
./DTP_data/ten_fold_data_0.3_lenth5/6/tenfold_6_test_neg_43.npy
./DTP_data/ten_fold_data_0.3_lenth5/6/tenfold_6_test_neg_44.npy
./DTP_data/ten_fold_data_0.3_lenth5/6/tenfold_6_test_neg_45.npy
./DTP_data/ten_fold_data_0.3_lenth5/6/tenfold_6_test_neg_46.npy
./DTP_data/ten_fold_data_0.3_lenth5/6/tenfold_6_test_neg_47.npy
./DTP_data/ten_fold_data_0.3_lenth5/6/tenfold_6_test_neg_48.npy
kf_neg
j = 7
./DTP_data/ten_fold_data_0.3_lenth5/7/tenfold_7_train_neg_0.npy
./DTP_data/ten_fold_data_0.3_lenth5/7/tenfold_7_train_neg_1.npy
./DTP_data/ten_fold_data_0.3_lenth5/7/tenfold_7_train_neg_2.npy
./DTP_data/ten_fold_data_0.3_lenth5/7/tenfold_7_train_neg_3.npy
./DTP_data/ten_fold_data_0.3_lenth5/7/tenfold_7_train_neg_4.npy
./DTP_data/ten_fold_data_0.3_lenth5/7/tenfold_7_train_neg_5.npy
./DTP_data/ten_fold_data_0.3_lenth5/7/tenfold_7_train_neg_6.npy
./DTP_data/ten_fold_data_0.3_lenth5/7/tenfold_7_train_neg_7.npy
./DTP_data/ten_fold_data_0.3_lenth5/7/tenfold_7_train_neg_8.npy
./DTP_data/ten_fold_data_0.3_lenth5/7/tenfold_7_train_neg_9.npy
./DTP_data/ten_fold_data_0.3_lenth5/7/tenfold_7_train_neg_10.npy
./DTP_data/ten_fold_data_0.3_lenth5/7/tenfold_7_train_neg_11.npy
./DTP_data/ten_fold_data_0.3_lenth5/7/tenfold_7_train_neg_12.npy
./DTP_data/ten_fold_data_0.3_lenth5/7/tenfold_7_train_neg_13.npy
./DTP_data/ten_fold_data_0.3_lenth5/7/tenfold_7_train_neg_14.npy
./DTP_data/ten_fold_data_0.3_lenth5/7/tenfold_7_train_neg_15.npy
./DTP_data/ten_fold_data_0.3_lenth5/7/tenfold_7_train_neg_16.npy
./DTP_data/ten_fold_data_0.3_lenth5/7/tenfold_7_train_neg_17.npy
./DTP_data/ten_fold_data_0.3_lenth5/7/tenfold_7_train_neg_18.npy
./DTP_data/ten_fold_data_0.3_lenth5/7/tenfold_7_train_neg_19.npy
./DTP_data/ten_fold_data_0.3_lenth5/7/tenfold_7_train_neg_20.npy
./DTP_data/ten_fold_data_0.3_lenth5/7/tenfold_7_train_neg_21.npy
./DTP_data/ten_fold_data_0.3_lenth5/7/tenfold_7_train_neg_22.npy
./DTP_data/ten_fold_data_0.3_lenth5/7/tenfold_7_train_neg_23.npy
./DTP_data/ten_fold_data_0.3_lenth5/7/tenfold_7_train_neg_24.npy
./DTP_data/ten_fold_data_0.3_lenth5/7/tenfold_7_train_neg_25.npy
./DTP_data/ten_fold_data_0.3_lenth5/7/tenfold_7_train_neg_26.npy
./DTP_data/ten_fold_data_0.3_lenth5/7/tenfold_7_train_neg_27.npy
./DTP_data/ten_fold_data_0.3_lenth5/7/tenfold_7_train_neg_28.npy
./DTP_data/ten_fold_data_0.3_lenth5/7/tenfold_7_train_neg_29.npy
./DTP_data/ten_fold_data_0.3_lenth5/7/tenfold_7_train_neg_30.npy
./DTP_data/ten_fold_data_0.3_lenth5/7/tenfold_7_train_neg_31.npy
./DTP_data/ten_fold_data_0.3_lenth5/7/tenfold_7_train_neg_32.npy
./DTP_data/ten_fold_data_0.3_lenth5/7/tenfold_7_train_neg_33.npy
./DTP_data/ten_fold_data_0.3_lenth5/7/tenfold_7_train_neg_34.npy
./DTP_data/ten_fold_data_0.3_lenth5/7/tenfold_7_train_neg_35.npy
./DTP_data/ten_fold_data_0.3_lenth5/7/tenfold_7_train_neg_36.npy
./DTP_data/ten_fold_data_0.3_lenth5/7/tenfold_7_train_neg_37.npy
./DTP_data/ten_fold_data_0.3_lenth5/7/tenfold_7_train_neg_38.npy
./DTP_data/ten_fold_data_0.3_lenth5/7/tenfold_7_train_neg_39.npy
./DTP_data/ten_fold_data_0.3_lenth5/7/tenfold_7_train_neg_40.npy
./DTP_data/ten_fold_data_0.3_lenth5/7/tenfold_7_train_neg_41.npy
./DTP_data/ten_fold_data_0.3_lenth5/7/tenfold_7_train_neg_42.npy
./DTP_data/ten_fold_data_0.3_lenth5/7/tenfold_7_train_neg_43.npy
./DTP_data/ten_fold_data_0.3_lenth5/7/tenfold_7_train_neg_44.npy
./DTP_data/ten_fold_data_0.3_lenth5/7/tenfold_7_train_neg_45.npy
./DTP_data/ten_fold_data_0.3_lenth5/7/tenfold_7_train_neg_46.npy
./DTP_data/ten_fold_data_0.3_lenth5/7/tenfold_7_train_neg_47.npy
./DTP_data/ten_fold_data_0.3_lenth5/7/tenfold_7_train_neg_48.npy
./DTP_data/ten_fold_data_0.3_lenth5/7/tenfold_7_test_neg_0.npy
./DTP_data/ten_fold_data_0.3_lenth5/7/tenfold_7_test_neg_1.npy
./DTP_data/ten_fold_data_0.3_lenth5/7/tenfold_7_test_neg_2.npy
./DTP_data/ten_fold_data_0.3_lenth5/7/tenfold_7_test_neg_3.npy
./DTP_data/ten_fold_data_0.3_lenth5/7/tenfold_7_test_neg_4.npy
./DTP_data/ten_fold_data_0.3_lenth5/7/tenfold_7_test_neg_5.npy
./DTP_data/ten_fold_data_0.3_lenth5/7/tenfold_7_test_neg_6.npy
./DTP_data/ten_fold_data_0.3_lenth5/7/tenfold_7_test_neg_7.npy
./DTP_data/ten_fold_data_0.3_lenth5/7/tenfold_7_test_neg_8.npy
./DTP_data/ten_fold_data_0.3_lenth5/7/tenfold_7_test_neg_9.npy
./DTP_data/ten_fold_data_0.3_lenth5/7/tenfold_7_test_neg_10.npy
./DTP_data/ten_fold_data_0.3_lenth5/7/tenfold_7_test_neg_11.npy
./DTP_data/ten_fold_data_0.3_lenth5/7/tenfold_7_test_neg_12.npy
./DTP_data/ten_fold_data_0.3_lenth5/7/tenfold_7_test_neg_13.npy
./DTP_data/ten_fold_data_0.3_lenth5/7/tenfold_7_test_neg_14.npy
./DTP_data/ten_fold_data_0.3_lenth5/7/tenfold_7_test_neg_15.npy
./DTP_data/ten_fold_data_0.3_lenth5/7/tenfold_7_test_neg_16.npy
./DTP_data/ten_fold_data_0.3_lenth5/7/tenfold_7_test_neg_17.npy
./DTP_data/ten_fold_data_0.3_lenth5/7/tenfold_7_test_neg_18.npy
./DTP_data/ten_fold_data_0.3_lenth5/7/tenfold_7_test_neg_19.npy
./DTP_data/ten_fold_data_0.3_lenth5/7/tenfold_7_test_neg_20.npy
./DTP_data/ten_fold_data_0.3_lenth5/7/tenfold_7_test_neg_21.npy
./DTP_data/ten_fold_data_0.3_lenth5/7/tenfold_7_test_neg_22.npy
./DTP_data/ten_fold_data_0.3_lenth5/7/tenfold_7_test_neg_23.npy
./DTP_data/ten_fold_data_0.3_lenth5/7/tenfold_7_test_neg_24.npy
./DTP_data/ten_fold_data_0.3_lenth5/7/tenfold_7_test_neg_25.npy
./DTP_data/ten_fold_data_0.3_lenth5/7/tenfold_7_test_neg_26.npy
./DTP_data/ten_fold_data_0.3_lenth5/7/tenfold_7_test_neg_27.npy
./DTP_data/ten_fold_data_0.3_lenth5/7/tenfold_7_test_neg_28.npy
./DTP_data/ten_fold_data_0.3_lenth5/7/tenfold_7_test_neg_29.npy
./DTP_data/ten_fold_data_0.3_lenth5/7/tenfold_7_test_neg_30.npy
./DTP_data/ten_fold_data_0.3_lenth5/7/tenfold_7_test_neg_31.npy
./DTP_data/ten_fold_data_0.3_lenth5/7/tenfold_7_test_neg_32.npy
./DTP_data/ten_fold_data_0.3_lenth5/7/tenfold_7_test_neg_33.npy
./DTP_data/ten_fold_data_0.3_lenth5/7/tenfold_7_test_neg_34.npy
./DTP_data/ten_fold_data_0.3_lenth5/7/tenfold_7_test_neg_35.npy
./DTP_data/ten_fold_data_0.3_lenth5/7/tenfold_7_test_neg_36.npy
./DTP_data/ten_fold_data_0.3_lenth5/7/tenfold_7_test_neg_37.npy
./DTP_data/ten_fold_data_0.3_lenth5/7/tenfold_7_test_neg_38.npy
./DTP_data/ten_fold_data_0.3_lenth5/7/tenfold_7_test_neg_39.npy
./DTP_data/ten_fold_data_0.3_lenth5/7/tenfold_7_test_neg_40.npy
./DTP_data/ten_fold_data_0.3_lenth5/7/tenfold_7_test_neg_41.npy
./DTP_data/ten_fold_data_0.3_lenth5/7/tenfold_7_test_neg_42.npy
./DTP_data/ten_fold_data_0.3_lenth5/7/tenfold_7_test_neg_43.npy
./DTP_data/ten_fold_data_0.3_lenth5/7/tenfold_7_test_neg_44.npy
./DTP_data/ten_fold_data_0.3_lenth5/7/tenfold_7_test_neg_45.npy
./DTP_data/ten_fold_data_0.3_lenth5/7/tenfold_7_test_neg_46.npy
./DTP_data/ten_fold_data_0.3_lenth5/7/tenfold_7_test_neg_47.npy
./DTP_data/ten_fold_data_0.3_lenth5/7/tenfold_7_test_neg_48.npy
kf_neg
j = 8
./DTP_data/ten_fold_data_0.3_lenth5/8/tenfold_8_train_neg_0.npy
./DTP_data/ten_fold_data_0.3_lenth5/8/tenfold_8_train_neg_1.npy
./DTP_data/ten_fold_data_0.3_lenth5/8/tenfold_8_train_neg_2.npy
./DTP_data/ten_fold_data_0.3_lenth5/8/tenfold_8_train_neg_3.npy
./DTP_data/ten_fold_data_0.3_lenth5/8/tenfold_8_train_neg_4.npy
./DTP_data/ten_fold_data_0.3_lenth5/8/tenfold_8_train_neg_5.npy
./DTP_data/ten_fold_data_0.3_lenth5/8/tenfold_8_train_neg_6.npy
./DTP_data/ten_fold_data_0.3_lenth5/8/tenfold_8_train_neg_7.npy
./DTP_data/ten_fold_data_0.3_lenth5/8/tenfold_8_train_neg_8.npy
./DTP_data/ten_fold_data_0.3_lenth5/8/tenfold_8_train_neg_9.npy
./DTP_data/ten_fold_data_0.3_lenth5/8/tenfold_8_train_neg_10.npy
./DTP_data/ten_fold_data_0.3_lenth5/8/tenfold_8_train_neg_11.npy
./DTP_data/ten_fold_data_0.3_lenth5/8/tenfold_8_train_neg_12.npy
./DTP_data/ten_fold_data_0.3_lenth5/8/tenfold_8_train_neg_13.npy
./DTP_data/ten_fold_data_0.3_lenth5/8/tenfold_8_train_neg_14.npy
./DTP_data/ten_fold_data_0.3_lenth5/8/tenfold_8_train_neg_15.npy
./DTP_data/ten_fold_data_0.3_lenth5/8/tenfold_8_train_neg_16.npy
./DTP_data/ten_fold_data_0.3_lenth5/8/tenfold_8_train_neg_17.npy
./DTP_data/ten_fold_data_0.3_lenth5/8/tenfold_8_train_neg_18.npy
./DTP_data/ten_fold_data_0.3_lenth5/8/tenfold_8_train_neg_19.npy
./DTP_data/ten_fold_data_0.3_lenth5/8/tenfold_8_train_neg_20.npy
./DTP_data/ten_fold_data_0.3_lenth5/8/tenfold_8_train_neg_21.npy
./DTP_data/ten_fold_data_0.3_lenth5/8/tenfold_8_train_neg_22.npy
./DTP_data/ten_fold_data_0.3_lenth5/8/tenfold_8_train_neg_23.npy
./DTP_data/ten_fold_data_0.3_lenth5/8/tenfold_8_train_neg_24.npy
./DTP_data/ten_fold_data_0.3_lenth5/8/tenfold_8_train_neg_25.npy
./DTP_data/ten_fold_data_0.3_lenth5/8/tenfold_8_train_neg_26.npy
./DTP_data/ten_fold_data_0.3_lenth5/8/tenfold_8_train_neg_27.npy
./DTP_data/ten_fold_data_0.3_lenth5/8/tenfold_8_train_neg_28.npy
./DTP_data/ten_fold_data_0.3_lenth5/8/tenfold_8_train_neg_29.npy
./DTP_data/ten_fold_data_0.3_lenth5/8/tenfold_8_train_neg_30.npy
./DTP_data/ten_fold_data_0.3_lenth5/8/tenfold_8_train_neg_31.npy
./DTP_data/ten_fold_data_0.3_lenth5/8/tenfold_8_train_neg_32.npy
./DTP_data/ten_fold_data_0.3_lenth5/8/tenfold_8_train_neg_33.npy
./DTP_data/ten_fold_data_0.3_lenth5/8/tenfold_8_train_neg_34.npy
./DTP_data/ten_fold_data_0.3_lenth5/8/tenfold_8_train_neg_35.npy
./DTP_data/ten_fold_data_0.3_lenth5/8/tenfold_8_train_neg_36.npy
./DTP_data/ten_fold_data_0.3_lenth5/8/tenfold_8_train_neg_37.npy
./DTP_data/ten_fold_data_0.3_lenth5/8/tenfold_8_train_neg_38.npy
./DTP_data/ten_fold_data_0.3_lenth5/8/tenfold_8_train_neg_39.npy
./DTP_data/ten_fold_data_0.3_lenth5/8/tenfold_8_train_neg_40.npy
./DTP_data/ten_fold_data_0.3_lenth5/8/tenfold_8_train_neg_41.npy
./DTP_data/ten_fold_data_0.3_lenth5/8/tenfold_8_train_neg_42.npy
./DTP_data/ten_fold_data_0.3_lenth5/8/tenfold_8_train_neg_43.npy
./DTP_data/ten_fold_data_0.3_lenth5/8/tenfold_8_train_neg_44.npy
./DTP_data/ten_fold_data_0.3_lenth5/8/tenfold_8_train_neg_45.npy
./DTP_data/ten_fold_data_0.3_lenth5/8/tenfold_8_train_neg_46.npy
./DTP_data/ten_fold_data_0.3_lenth5/8/tenfold_8_train_neg_47.npy
./DTP_data/ten_fold_data_0.3_lenth5/8/tenfold_8_train_neg_48.npy
./DTP_data/ten_fold_data_0.3_lenth5/8/tenfold_8_test_neg_0.npy
./DTP_data/ten_fold_data_0.3_lenth5/8/tenfold_8_test_neg_1.npy
./DTP_data/ten_fold_data_0.3_lenth5/8/tenfold_8_test_neg_2.npy
./DTP_data/ten_fold_data_0.3_lenth5/8/tenfold_8_test_neg_3.npy
./DTP_data/ten_fold_data_0.3_lenth5/8/tenfold_8_test_neg_4.npy
./DTP_data/ten_fold_data_0.3_lenth5/8/tenfold_8_test_neg_5.npy
./DTP_data/ten_fold_data_0.3_lenth5/8/tenfold_8_test_neg_6.npy
./DTP_data/ten_fold_data_0.3_lenth5/8/tenfold_8_test_neg_7.npy
./DTP_data/ten_fold_data_0.3_lenth5/8/tenfold_8_test_neg_8.npy
./DTP_data/ten_fold_data_0.3_lenth5/8/tenfold_8_test_neg_9.npy
./DTP_data/ten_fold_data_0.3_lenth5/8/tenfold_8_test_neg_10.npy
./DTP_data/ten_fold_data_0.3_lenth5/8/tenfold_8_test_neg_11.npy
./DTP_data/ten_fold_data_0.3_lenth5/8/tenfold_8_test_neg_12.npy
./DTP_data/ten_fold_data_0.3_lenth5/8/tenfold_8_test_neg_13.npy
./DTP_data/ten_fold_data_0.3_lenth5/8/tenfold_8_test_neg_14.npy
./DTP_data/ten_fold_data_0.3_lenth5/8/tenfold_8_test_neg_15.npy
./DTP_data/ten_fold_data_0.3_lenth5/8/tenfold_8_test_neg_16.npy
./DTP_data/ten_fold_data_0.3_lenth5/8/tenfold_8_test_neg_17.npy
./DTP_data/ten_fold_data_0.3_lenth5/8/tenfold_8_test_neg_18.npy
./DTP_data/ten_fold_data_0.3_lenth5/8/tenfold_8_test_neg_19.npy
./DTP_data/ten_fold_data_0.3_lenth5/8/tenfold_8_test_neg_20.npy
./DTP_data/ten_fold_data_0.3_lenth5/8/tenfold_8_test_neg_21.npy
./DTP_data/ten_fold_data_0.3_lenth5/8/tenfold_8_test_neg_22.npy
./DTP_data/ten_fold_data_0.3_lenth5/8/tenfold_8_test_neg_23.npy
./DTP_data/ten_fold_data_0.3_lenth5/8/tenfold_8_test_neg_24.npy
./DTP_data/ten_fold_data_0.3_lenth5/8/tenfold_8_test_neg_25.npy
./DTP_data/ten_fold_data_0.3_lenth5/8/tenfold_8_test_neg_26.npy
./DTP_data/ten_fold_data_0.3_lenth5/8/tenfold_8_test_neg_27.npy
./DTP_data/ten_fold_data_0.3_lenth5/8/tenfold_8_test_neg_28.npy
./DTP_data/ten_fold_data_0.3_lenth5/8/tenfold_8_test_neg_29.npy
./DTP_data/ten_fold_data_0.3_lenth5/8/tenfold_8_test_neg_30.npy
./DTP_data/ten_fold_data_0.3_lenth5/8/tenfold_8_test_neg_31.npy
./DTP_data/ten_fold_data_0.3_lenth5/8/tenfold_8_test_neg_32.npy
./DTP_data/ten_fold_data_0.3_lenth5/8/tenfold_8_test_neg_33.npy
./DTP_data/ten_fold_data_0.3_lenth5/8/tenfold_8_test_neg_34.npy
./DTP_data/ten_fold_data_0.3_lenth5/8/tenfold_8_test_neg_35.npy
./DTP_data/ten_fold_data_0.3_lenth5/8/tenfold_8_test_neg_36.npy
./DTP_data/ten_fold_data_0.3_lenth5/8/tenfold_8_test_neg_37.npy
./DTP_data/ten_fold_data_0.3_lenth5/8/tenfold_8_test_neg_38.npy
./DTP_data/ten_fold_data_0.3_lenth5/8/tenfold_8_test_neg_39.npy
./DTP_data/ten_fold_data_0.3_lenth5/8/tenfold_8_test_neg_40.npy
./DTP_data/ten_fold_data_0.3_lenth5/8/tenfold_8_test_neg_41.npy
./DTP_data/ten_fold_data_0.3_lenth5/8/tenfold_8_test_neg_42.npy
./DTP_data/ten_fold_data_0.3_lenth5/8/tenfold_8_test_neg_43.npy
./DTP_data/ten_fold_data_0.3_lenth5/8/tenfold_8_test_neg_44.npy
./DTP_data/ten_fold_data_0.3_lenth5/8/tenfold_8_test_neg_45.npy
./DTP_data/ten_fold_data_0.3_lenth5/8/tenfold_8_test_neg_46.npy
./DTP_data/ten_fold_data_0.3_lenth5/8/tenfold_8_test_neg_47.npy
./DTP_data/ten_fold_data_0.3_lenth5/8/tenfold_8_test_neg_48.npy
kf_neg
j = 9
./DTP_data/ten_fold_data_0.3_lenth5/9/tenfold_9_train_neg_0.npy
./DTP_data/ten_fold_data_0.3_lenth5/9/tenfold_9_train_neg_1.npy
./DTP_data/ten_fold_data_0.3_lenth5/9/tenfold_9_train_neg_2.npy
./DTP_data/ten_fold_data_0.3_lenth5/9/tenfold_9_train_neg_3.npy
./DTP_data/ten_fold_data_0.3_lenth5/9/tenfold_9_train_neg_4.npy
./DTP_data/ten_fold_data_0.3_lenth5/9/tenfold_9_train_neg_5.npy
./DTP_data/ten_fold_data_0.3_lenth5/9/tenfold_9_train_neg_6.npy
./DTP_data/ten_fold_data_0.3_lenth5/9/tenfold_9_train_neg_7.npy
./DTP_data/ten_fold_data_0.3_lenth5/9/tenfold_9_train_neg_8.npy
./DTP_data/ten_fold_data_0.3_lenth5/9/tenfold_9_train_neg_9.npy
./DTP_data/ten_fold_data_0.3_lenth5/9/tenfold_9_train_neg_10.npy
./DTP_data/ten_fold_data_0.3_lenth5/9/tenfold_9_train_neg_11.npy
./DTP_data/ten_fold_data_0.3_lenth5/9/tenfold_9_train_neg_12.npy
./DTP_data/ten_fold_data_0.3_lenth5/9/tenfold_9_train_neg_13.npy
./DTP_data/ten_fold_data_0.3_lenth5/9/tenfold_9_train_neg_14.npy
./DTP_data/ten_fold_data_0.3_lenth5/9/tenfold_9_train_neg_15.npy
./DTP_data/ten_fold_data_0.3_lenth5/9/tenfold_9_train_neg_16.npy
./DTP_data/ten_fold_data_0.3_lenth5/9/tenfold_9_train_neg_17.npy
./DTP_data/ten_fold_data_0.3_lenth5/9/tenfold_9_train_neg_18.npy
./DTP_data/ten_fold_data_0.3_lenth5/9/tenfold_9_train_neg_19.npy
./DTP_data/ten_fold_data_0.3_lenth5/9/tenfold_9_train_neg_20.npy
./DTP_data/ten_fold_data_0.3_lenth5/9/tenfold_9_train_neg_21.npy
./DTP_data/ten_fold_data_0.3_lenth5/9/tenfold_9_train_neg_22.npy
./DTP_data/ten_fold_data_0.3_lenth5/9/tenfold_9_train_neg_23.npy
./DTP_data/ten_fold_data_0.3_lenth5/9/tenfold_9_train_neg_24.npy
./DTP_data/ten_fold_data_0.3_lenth5/9/tenfold_9_train_neg_25.npy
./DTP_data/ten_fold_data_0.3_lenth5/9/tenfold_9_train_neg_26.npy
./DTP_data/ten_fold_data_0.3_lenth5/9/tenfold_9_train_neg_27.npy
./DTP_data/ten_fold_data_0.3_lenth5/9/tenfold_9_train_neg_28.npy
./DTP_data/ten_fold_data_0.3_lenth5/9/tenfold_9_train_neg_29.npy
./DTP_data/ten_fold_data_0.3_lenth5/9/tenfold_9_train_neg_30.npy
./DTP_data/ten_fold_data_0.3_lenth5/9/tenfold_9_train_neg_31.npy
./DTP_data/ten_fold_data_0.3_lenth5/9/tenfold_9_train_neg_32.npy
./DTP_data/ten_fold_data_0.3_lenth5/9/tenfold_9_train_neg_33.npy
./DTP_data/ten_fold_data_0.3_lenth5/9/tenfold_9_train_neg_34.npy
./DTP_data/ten_fold_data_0.3_lenth5/9/tenfold_9_train_neg_35.npy
./DTP_data/ten_fold_data_0.3_lenth5/9/tenfold_9_train_neg_36.npy
./DTP_data/ten_fold_data_0.3_lenth5/9/tenfold_9_train_neg_37.npy
./DTP_data/ten_fold_data_0.3_lenth5/9/tenfold_9_train_neg_38.npy
./DTP_data/ten_fold_data_0.3_lenth5/9/tenfold_9_train_neg_39.npy
./DTP_data/ten_fold_data_0.3_lenth5/9/tenfold_9_train_neg_40.npy
./DTP_data/ten_fold_data_0.3_lenth5/9/tenfold_9_train_neg_41.npy
./DTP_data/ten_fold_data_0.3_lenth5/9/tenfold_9_train_neg_42.npy
./DTP_data/ten_fold_data_0.3_lenth5/9/tenfold_9_train_neg_43.npy
./DTP_data/ten_fold_data_0.3_lenth5/9/tenfold_9_train_neg_44.npy
./DTP_data/ten_fold_data_0.3_lenth5/9/tenfold_9_train_neg_45.npy
./DTP_data/ten_fold_data_0.3_lenth5/9/tenfold_9_train_neg_46.npy
./DTP_data/ten_fold_data_0.3_lenth5/9/tenfold_9_train_neg_47.npy
./DTP_data/ten_fold_data_0.3_lenth5/9/tenfold_9_train_neg_48.npy
./DTP_data/ten_fold_data_0.3_lenth5/9/tenfold_9_test_neg_0.npy
./DTP_data/ten_fold_data_0.3_lenth5/9/tenfold_9_test_neg_1.npy
./DTP_data/ten_fold_data_0.3_lenth5/9/tenfold_9_test_neg_2.npy
./DTP_data/ten_fold_data_0.3_lenth5/9/tenfold_9_test_neg_3.npy
./DTP_data/ten_fold_data_0.3_lenth5/9/tenfold_9_test_neg_4.npy
./DTP_data/ten_fold_data_0.3_lenth5/9/tenfold_9_test_neg_5.npy
./DTP_data/ten_fold_data_0.3_lenth5/9/tenfold_9_test_neg_6.npy
./DTP_data/ten_fold_data_0.3_lenth5/9/tenfold_9_test_neg_7.npy
./DTP_data/ten_fold_data_0.3_lenth5/9/tenfold_9_test_neg_8.npy
./DTP_data/ten_fold_data_0.3_lenth5/9/tenfold_9_test_neg_9.npy
./DTP_data/ten_fold_data_0.3_lenth5/9/tenfold_9_test_neg_10.npy
./DTP_data/ten_fold_data_0.3_lenth5/9/tenfold_9_test_neg_11.npy
./DTP_data/ten_fold_data_0.3_lenth5/9/tenfold_9_test_neg_12.npy
./DTP_data/ten_fold_data_0.3_lenth5/9/tenfold_9_test_neg_13.npy
./DTP_data/ten_fold_data_0.3_lenth5/9/tenfold_9_test_neg_14.npy
./DTP_data/ten_fold_data_0.3_lenth5/9/tenfold_9_test_neg_15.npy
./DTP_data/ten_fold_data_0.3_lenth5/9/tenfold_9_test_neg_16.npy
./DTP_data/ten_fold_data_0.3_lenth5/9/tenfold_9_test_neg_17.npy
./DTP_data/ten_fold_data_0.3_lenth5/9/tenfold_9_test_neg_18.npy
./DTP_data/ten_fold_data_0.3_lenth5/9/tenfold_9_test_neg_19.npy
./DTP_data/ten_fold_data_0.3_lenth5/9/tenfold_9_test_neg_20.npy
./DTP_data/ten_fold_data_0.3_lenth5/9/tenfold_9_test_neg_21.npy
./DTP_data/ten_fold_data_0.3_lenth5/9/tenfold_9_test_neg_22.npy
./DTP_data/ten_fold_data_0.3_lenth5/9/tenfold_9_test_neg_23.npy
./DTP_data/ten_fold_data_0.3_lenth5/9/tenfold_9_test_neg_24.npy
./DTP_data/ten_fold_data_0.3_lenth5/9/tenfold_9_test_neg_25.npy
./DTP_data/ten_fold_data_0.3_lenth5/9/tenfold_9_test_neg_26.npy
./DTP_data/ten_fold_data_0.3_lenth5/9/tenfold_9_test_neg_27.npy
./DTP_data/ten_fold_data_0.3_lenth5/9/tenfold_9_test_neg_28.npy
./DTP_data/ten_fold_data_0.3_lenth5/9/tenfold_9_test_neg_29.npy
./DTP_data/ten_fold_data_0.3_lenth5/9/tenfold_9_test_neg_30.npy
./DTP_data/ten_fold_data_0.3_lenth5/9/tenfold_9_test_neg_31.npy
./DTP_data/ten_fold_data_0.3_lenth5/9/tenfold_9_test_neg_32.npy
./DTP_data/ten_fold_data_0.3_lenth5/9/tenfold_9_test_neg_33.npy
./DTP_data/ten_fold_data_0.3_lenth5/9/tenfold_9_test_neg_34.npy
./DTP_data/ten_fold_data_0.3_lenth5/9/tenfold_9_test_neg_35.npy
./DTP_data/ten_fold_data_0.3_lenth5/9/tenfold_9_test_neg_36.npy/home/zhaiyh/drug_target_gpu_test/zyh_DTP/DTP_deeplearning/methods/DTP_get_data.py:73: FutureWarning: Method .as_matrix will be removed in a future version. Use .values instead.
  data_with_flag = data_with_flag.as_matrix()

./DTP_data/ten_fold_data_0.3_lenth5/9/tenfold_9_test_neg_37.npy
./DTP_data/ten_fold_data_0.3_lenth5/9/tenfold_9_test_neg_38.npy
./DTP_data/ten_fold_data_0.3_lenth5/9/tenfold_9_test_neg_39.npy
./DTP_data/ten_fold_data_0.3_lenth5/9/tenfold_9_test_neg_40.npy
./DTP_data/ten_fold_data_0.3_lenth5/9/tenfold_9_test_neg_41.npy
./DTP_data/ten_fold_data_0.3_lenth5/9/tenfold_9_test_neg_42.npy
./DTP_data/ten_fold_data_0.3_lenth5/9/tenfold_9_test_neg_43.npy
./DTP_data/ten_fold_data_0.3_lenth5/9/tenfold_9_test_neg_44.npy
./DTP_data/ten_fold_data_0.3_lenth5/9/tenfold_9_test_neg_45.npy
./DTP_data/ten_fold_data_0.3_lenth5/9/tenfold_9_test_neg_46.npy
./DTP_data/ten_fold_data_0.3_lenth5/9/tenfold_9_test_neg_47.npy
./DTP_data/ten_fold_data_0.3_lenth5/9/tenfold_9_test_neg_48.npy
kf_neg
j = 10
./DTP_data/ten_fold_data_0.3_lenth5/10/tenfold_10_train_neg_0.npy
./DTP_data/ten_fold_data_0.3_lenth5/10/tenfold_10_train_neg_1.npy
./DTP_data/ten_fold_data_0.3_lenth5/10/tenfold_10_train_neg_2.npy
./DTP_data/ten_fold_data_0.3_lenth5/10/tenfold_10_train_neg_3.npy
./DTP_data/ten_fold_data_0.3_lenth5/10/tenfold_10_train_neg_4.npy
./DTP_data/ten_fold_data_0.3_lenth5/10/tenfold_10_train_neg_5.npy
./DTP_data/ten_fold_data_0.3_lenth5/10/tenfold_10_train_neg_6.npy
./DTP_data/ten_fold_data_0.3_lenth5/10/tenfold_10_train_neg_7.npy
./DTP_data/ten_fold_data_0.3_lenth5/10/tenfold_10_train_neg_8.npy
./DTP_data/ten_fold_data_0.3_lenth5/10/tenfold_10_train_neg_9.npy
./DTP_data/ten_fold_data_0.3_lenth5/10/tenfold_10_train_neg_10.npy
./DTP_data/ten_fold_data_0.3_lenth5/10/tenfold_10_train_neg_11.npy
./DTP_data/ten_fold_data_0.3_lenth5/10/tenfold_10_train_neg_12.npy
./DTP_data/ten_fold_data_0.3_lenth5/10/tenfold_10_train_neg_13.npy
./DTP_data/ten_fold_data_0.3_lenth5/10/tenfold_10_train_neg_14.npy
./DTP_data/ten_fold_data_0.3_lenth5/10/tenfold_10_train_neg_15.npy
./DTP_data/ten_fold_data_0.3_lenth5/10/tenfold_10_train_neg_16.npy
./DTP_data/ten_fold_data_0.3_lenth5/10/tenfold_10_train_neg_17.npy
./DTP_data/ten_fold_data_0.3_lenth5/10/tenfold_10_train_neg_18.npy
./DTP_data/ten_fold_data_0.3_lenth5/10/tenfold_10_train_neg_19.npy
./DTP_data/ten_fold_data_0.3_lenth5/10/tenfold_10_train_neg_20.npy
./DTP_data/ten_fold_data_0.3_lenth5/10/tenfold_10_train_neg_21.npy
./DTP_data/ten_fold_data_0.3_lenth5/10/tenfold_10_train_neg_22.npy
./DTP_data/ten_fold_data_0.3_lenth5/10/tenfold_10_train_neg_23.npy
./DTP_data/ten_fold_data_0.3_lenth5/10/tenfold_10_train_neg_24.npy
./DTP_data/ten_fold_data_0.3_lenth5/10/tenfold_10_train_neg_25.npy
./DTP_data/ten_fold_data_0.3_lenth5/10/tenfold_10_train_neg_26.npy
./DTP_data/ten_fold_data_0.3_lenth5/10/tenfold_10_train_neg_27.npy
./DTP_data/ten_fold_data_0.3_lenth5/10/tenfold_10_train_neg_28.npy
./DTP_data/ten_fold_data_0.3_lenth5/10/tenfold_10_train_neg_29.npy
./DTP_data/ten_fold_data_0.3_lenth5/10/tenfold_10_train_neg_30.npy
./DTP_data/ten_fold_data_0.3_lenth5/10/tenfold_10_train_neg_31.npy
./DTP_data/ten_fold_data_0.3_lenth5/10/tenfold_10_train_neg_32.npy
./DTP_data/ten_fold_data_0.3_lenth5/10/tenfold_10_train_neg_33.npy
./DTP_data/ten_fold_data_0.3_lenth5/10/tenfold_10_train_neg_34.npy
./DTP_data/ten_fold_data_0.3_lenth5/10/tenfold_10_train_neg_35.npy
./DTP_data/ten_fold_data_0.3_lenth5/10/tenfold_10_train_neg_36.npy
./DTP_data/ten_fold_data_0.3_lenth5/10/tenfold_10_train_neg_37.npy
./DTP_data/ten_fold_data_0.3_lenth5/10/tenfold_10_train_neg_38.npy
./DTP_data/ten_fold_data_0.3_lenth5/10/tenfold_10_train_neg_39.npy
./DTP_data/ten_fold_data_0.3_lenth5/10/tenfold_10_train_neg_40.npy
./DTP_data/ten_fold_data_0.3_lenth5/10/tenfold_10_train_neg_41.npy
./DTP_data/ten_fold_data_0.3_lenth5/10/tenfold_10_train_neg_42.npy
./DTP_data/ten_fold_data_0.3_lenth5/10/tenfold_10_train_neg_43.npy
./DTP_data/ten_fold_data_0.3_lenth5/10/tenfold_10_train_neg_44.npy
./DTP_data/ten_fold_data_0.3_lenth5/10/tenfold_10_train_neg_45.npy
./DTP_data/ten_fold_data_0.3_lenth5/10/tenfold_10_train_neg_46.npy
./DTP_data/ten_fold_data_0.3_lenth5/10/tenfold_10_train_neg_47.npy
./DTP_data/ten_fold_data_0.3_lenth5/10/tenfold_10_train_neg_48.npy
./DTP_data/ten_fold_data_0.3_lenth5/10/tenfold_10_test_neg_0.npy
./DTP_data/ten_fold_data_0.3_lenth5/10/tenfold_10_test_neg_1.npy
./DTP_data/ten_fold_data_0.3_lenth5/10/tenfold_10_test_neg_2.npy
./DTP_data/ten_fold_data_0.3_lenth5/10/tenfold_10_test_neg_3.npy
./DTP_data/ten_fold_data_0.3_lenth5/10/tenfold_10_test_neg_4.npy
./DTP_data/ten_fold_data_0.3_lenth5/10/tenfold_10_test_neg_5.npy
./DTP_data/ten_fold_data_0.3_lenth5/10/tenfold_10_test_neg_6.npy
./DTP_data/ten_fold_data_0.3_lenth5/10/tenfold_10_test_neg_7.npy
./DTP_data/ten_fold_data_0.3_lenth5/10/tenfold_10_test_neg_8.npy
./DTP_data/ten_fold_data_0.3_lenth5/10/tenfold_10_test_neg_9.npy
./DTP_data/ten_fold_data_0.3_lenth5/10/tenfold_10_test_neg_10.npy
./DTP_data/ten_fold_data_0.3_lenth5/10/tenfold_10_test_neg_11.npy
./DTP_data/ten_fold_data_0.3_lenth5/10/tenfold_10_test_neg_12.npy
./DTP_data/ten_fold_data_0.3_lenth5/10/tenfold_10_test_neg_13.npy
./DTP_data/ten_fold_data_0.3_lenth5/10/tenfold_10_test_neg_14.npy
./DTP_data/ten_fold_data_0.3_lenth5/10/tenfold_10_test_neg_15.npy
./DTP_data/ten_fold_data_0.3_lenth5/10/tenfold_10_test_neg_16.npy
./DTP_data/ten_fold_data_0.3_lenth5/10/tenfold_10_test_neg_17.npy
./DTP_data/ten_fold_data_0.3_lenth5/10/tenfold_10_test_neg_18.npy
./DTP_data/ten_fold_data_0.3_lenth5/10/tenfold_10_test_neg_19.npy
./DTP_data/ten_fold_data_0.3_lenth5/10/tenfold_10_test_neg_20.npy
./DTP_data/ten_fold_data_0.3_lenth5/10/tenfold_10_test_neg_21.npy
./DTP_data/ten_fold_data_0.3_lenth5/10/tenfold_10_test_neg_22.npy
./DTP_data/ten_fold_data_0.3_lenth5/10/tenfold_10_test_neg_23.npy
./DTP_data/ten_fold_data_0.3_lenth5/10/tenfold_10_test_neg_24.npy
./DTP_data/ten_fold_data_0.3_lenth5/10/tenfold_10_test_neg_25.npy
./DTP_data/ten_fold_data_0.3_lenth5/10/tenfold_10_test_neg_26.npy
./DTP_data/ten_fold_data_0.3_lenth5/10/tenfold_10_test_neg_27.npy
./DTP_data/ten_fold_data_0.3_lenth5/10/tenfold_10_test_neg_28.npy
./DTP_data/ten_fold_data_0.3_lenth5/10/tenfold_10_test_neg_29.npy
./DTP_data/ten_fold_data_0.3_lenth5/10/tenfold_10_test_neg_30.npy
./DTP_data/ten_fold_data_0.3_lenth5/10/tenfold_10_test_neg_31.npy
./DTP_data/ten_fold_data_0.3_lenth5/10/tenfold_10_test_neg_32.npy
./DTP_data/ten_fold_data_0.3_lenth5/10/tenfold_10_test_neg_33.npy
./DTP_data/ten_fold_data_0.3_lenth5/10/tenfold_10_test_neg_34.npy
./DTP_data/ten_fold_data_0.3_lenth5/10/tenfold_10_test_neg_35.npy
./DTP_data/ten_fold_data_0.3_lenth5/10/tenfold_10_test_neg_36.npy
./DTP_data/ten_fold_data_0.3_lenth5/10/tenfold_10_test_neg_37.npy
./DTP_data/ten_fold_data_0.3_lenth5/10/tenfold_10_test_neg_38.npy
./DTP_data/ten_fold_data_0.3_lenth5/10/tenfold_10_test_neg_39.npy
./DTP_data/ten_fold_data_0.3_lenth5/10/tenfold_10_test_neg_40.npy
./DTP_data/ten_fold_data_0.3_lenth5/10/tenfold_10_test_neg_41.npy
./DTP_data/ten_fold_data_0.3_lenth5/10/tenfold_10_test_neg_42.npy
./DTP_data/ten_fold_data_0.3_lenth5/10/tenfold_10_test_neg_43.npy
./DTP_data/ten_fold_data_0.3_lenth5/10/tenfold_10_test_neg_44.npy
./DTP_data/ten_fold_data_0.3_lenth5/10/tenfold_10_test_neg_45.npy
./DTP_data/ten_fold_data_0.3_lenth5/10/tenfold_10_test_neg_46.npy
./DTP_data/ten_fold_data_0.3_lenth5/10/tenfold_10_test_neg_47.npy
./DTP_data/ten_fold_data_0.3_lenth5/10/tenfold_10_test_neg_48.npy
neg_done~~~~~~~~~~~~~~
totaltime = 2:24:40.072866
