!
1
2
3
653
4
(array([     0,      1,      2, ..., 121410, 121411, 121412]),)
train_pos4235
train_neg117489
KFold(n_splits=10, random_state=6, shuffle=True)
KFold(n_splits=10, random_state=6, shuffle=True)
./DTP_data/ten_fold_data_0.9_lenth49/1/tenfold_1_train_pos_0.npy
./DTP_data/ten_fold_data_0.9_lenth49/1/tenfold_1_test_pos_0.npy
./DTP_data/ten_fold_data_0.9_lenth49/2/tenfold_2_train_pos_0.npy
./DTP_data/ten_fold_data_0.9_lenth49/2/tenfold_2_test_pos_0.npy
./DTP_data/ten_fold_data_0.9_lenth49/3/tenfold_3_train_pos_0.npy
./DTP_data/ten_fold_data_0.9_lenth49/3/tenfold_3_test_pos_0.npy
./DTP_data/ten_fold_data_0.9_lenth49/4/tenfold_4_train_pos_0.npy
./DTP_data/ten_fold_data_0.9_lenth49/4/tenfold_4_test_pos_0.npy
./DTP_data/ten_fold_data_0.9_lenth49/5/tenfold_5_train_pos_0.npy
./DTP_data/ten_fold_data_0.9_lenth49/5/tenfold_5_test_pos_0.npy
./DTP_data/ten_fold_data_0.9_lenth49/6/tenfold_6_train_pos_0.npy
./DTP_data/ten_fold_data_0.9_lenth49/6/tenfold_6_test_pos_0.npy
./DTP_data/ten_fold_data_0.9_lenth49/7/tenfold_7_train_pos_0.npy
./DTP_data/ten_fold_data_0.9_lenth49/7/tenfold_7_test_pos_0.npy
./DTP_data/ten_fold_data_0.9_lenth49/8/tenfold_8_train_pos_0.npy
./DTP_data/ten_fold_data_0.9_lenth49/8/tenfold_8_test_pos_0.npy
./DTP_data/ten_fold_data_0.9_lenth49/9/tenfold_9_train_pos_0.npy
./DTP_data/ten_fold_data_0.9_lenth49/9/tenfold_9_test_pos_0.npy
./DTP_data/ten_fold_data_0.9_lenth49/10/tenfold_10_train_pos_0.npy
./DTP_data/ten_fold_data_0.9_lenth49/10/tenfold_10_test_pos_0.npy
pos_done~~~~~~~~~~~~~~
kf_neg
j = 1
./DTP_data/ten_fold_data_0.9_lenth49/1/tenfold_1_train_neg_0.npy
./DTP_data/ten_fold_data_0.9_lenth49/1/tenfold_1_train_neg_1.npy
./DTP_data/ten_fold_data_0.9_lenth49/1/tenfold_1_train_neg_2.npy
./DTP_data/ten_fold_data_0.9_lenth49/1/tenfold_1_train_neg_3.npy
./DTP_data/ten_fold_data_0.9_lenth49/1/tenfold_1_train_neg_4.npy
./DTP_data/ten_fold_data_0.9_lenth49/1/tenfold_1_train_neg_5.npy
./DTP_data/ten_fold_data_0.9_lenth49/1/tenfold_1_train_neg_6.npy
./DTP_data/ten_fold_data_0.9_lenth49/1/tenfold_1_train_neg_7.npy
./DTP_data/ten_fold_data_0.9_lenth49/1/tenfold_1_train_neg_8.npy
./DTP_data/ten_fold_data_0.9_lenth49/1/tenfold_1_train_neg_9.npy
./DTP_data/ten_fold_data_0.9_lenth49/1/tenfold_1_train_neg_10.npy
./DTP_data/ten_fold_data_0.9_lenth49/1/tenfold_1_train_neg_11.npy
./DTP_data/ten_fold_data_0.9_lenth49/1/tenfold_1_train_neg_12.npy
./DTP_data/ten_fold_data_0.9_lenth49/1/tenfold_1_train_neg_13.npy
./DTP_data/ten_fold_data_0.9_lenth49/1/tenfold_1_train_neg_14.npy
./DTP_data/ten_fold_data_0.9_lenth49/1/tenfold_1_train_neg_15.npy
./DTP_data/ten_fold_data_0.9_lenth49/1/tenfold_1_train_neg_16.npy
./DTP_data/ten_fold_data_0.9_lenth49/1/tenfold_1_train_neg_17.npy
./DTP_data/ten_fold_data_0.9_lenth49/1/tenfold_1_train_neg_18.npy
./DTP_data/ten_fold_data_0.9_lenth49/1/tenfold_1_train_neg_19.npy
./DTP_data/ten_fold_data_0.9_lenth49/1/tenfold_1_train_neg_20.npy
./DTP_data/ten_fold_data_0.9_lenth49/1/tenfold_1_train_neg_21.npy
./DTP_data/ten_fold_data_0.9_lenth49/1/tenfold_1_train_neg_22.npy
./DTP_data/ten_fold_data_0.9_lenth49/1/tenfold_1_train_neg_23.npy
./DTP_data/ten_fold_data_0.9_lenth49/1/tenfold_1_train_neg_24.npy
./DTP_data/ten_fold_data_0.9_lenth49/1/tenfold_1_train_neg_25.npy
./DTP_data/ten_fold_data_0.9_lenth49/1/tenfold_1_train_neg_26.npy
./DTP_data/ten_fold_data_0.9_lenth49/1/tenfold_1_test_neg_0.npy
./DTP_data/ten_fold_data_0.9_lenth49/1/tenfold_1_test_neg_1.npy
./DTP_data/ten_fold_data_0.9_lenth49/1/tenfold_1_test_neg_2.npy
./DTP_data/ten_fold_data_0.9_lenth49/1/tenfold_1_test_neg_3.npy
./DTP_data/ten_fold_data_0.9_lenth49/1/tenfold_1_test_neg_4.npy
./DTP_data/ten_fold_data_0.9_lenth49/1/tenfold_1_test_neg_5.npy
./DTP_data/ten_fold_data_0.9_lenth49/1/tenfold_1_test_neg_6.npy
./DTP_data/ten_fold_data_0.9_lenth49/1/tenfold_1_test_neg_7.npy
./DTP_data/ten_fold_data_0.9_lenth49/1/tenfold_1_test_neg_8.npy
./DTP_data/ten_fold_data_0.9_lenth49/1/tenfold_1_test_neg_9.npy
./DTP_data/ten_fold_data_0.9_lenth49/1/tenfold_1_test_neg_10.npy
./DTP_data/ten_fold_data_0.9_lenth49/1/tenfold_1_test_neg_11.npy
./DTP_data/ten_fold_data_0.9_lenth49/1/tenfold_1_test_neg_12.npy
./DTP_data/ten_fold_data_0.9_lenth49/1/tenfold_1_test_neg_13.npy
./DTP_data/ten_fold_data_0.9_lenth49/1/tenfold_1_test_neg_14.npy
./DTP_data/ten_fold_data_0.9_lenth49/1/tenfold_1_test_neg_15.npy
./DTP_data/ten_fold_data_0.9_lenth49/1/tenfold_1_test_neg_16.npy
./DTP_data/ten_fold_data_0.9_lenth49/1/tenfold_1_test_neg_17.npy
./DTP_data/ten_fold_data_0.9_lenth49/1/tenfold_1_test_neg_18.npy
./DTP_data/ten_fold_data_0.9_lenth49/1/tenfold_1_test_neg_19.npy
./DTP_data/ten_fold_data_0.9_lenth49/1/tenfold_1_test_neg_20.npy
./DTP_data/ten_fold_data_0.9_lenth49/1/tenfold_1_test_neg_21.npy
./DTP_data/ten_fold_data_0.9_lenth49/1/tenfold_1_test_neg_22.npy
./DTP_data/ten_fold_data_0.9_lenth49/1/tenfold_1_test_neg_23.npy
./DTP_data/ten_fold_data_0.9_lenth49/1/tenfold_1_test_neg_24.npy
./DTP_data/ten_fold_data_0.9_lenth49/1/tenfold_1_test_neg_25.npy
./DTP_data/ten_fold_data_0.9_lenth49/1/tenfold_1_test_neg_26.npy
kf_neg
j = 2
./DTP_data/ten_fold_data_0.9_lenth49/2/tenfold_2_train_neg_0.npy
./DTP_data/ten_fold_data_0.9_lenth49/2/tenfold_2_train_neg_1.npy
./DTP_data/ten_fold_data_0.9_lenth49/2/tenfold_2_train_neg_2.npy
./DTP_data/ten_fold_data_0.9_lenth49/2/tenfold_2_train_neg_3.npy
./DTP_data/ten_fold_data_0.9_lenth49/2/tenfold_2_train_neg_4.npy
./DTP_data/ten_fold_data_0.9_lenth49/2/tenfold_2_train_neg_5.npy
./DTP_data/ten_fold_data_0.9_lenth49/2/tenfold_2_train_neg_6.npy
./DTP_data/ten_fold_data_0.9_lenth49/2/tenfold_2_train_neg_7.npy
./DTP_data/ten_fold_data_0.9_lenth49/2/tenfold_2_train_neg_8.npy
./DTP_data/ten_fold_data_0.9_lenth49/2/tenfold_2_train_neg_9.npy
./DTP_data/ten_fold_data_0.9_lenth49/2/tenfold_2_train_neg_10.npy
./DTP_data/ten_fold_data_0.9_lenth49/2/tenfold_2_train_neg_11.npy
./DTP_data/ten_fold_data_0.9_lenth49/2/tenfold_2_train_neg_12.npy
./DTP_data/ten_fold_data_0.9_lenth49/2/tenfold_2_train_neg_13.npy
./DTP_data/ten_fold_data_0.9_lenth49/2/tenfold_2_train_neg_14.npy
./DTP_data/ten_fold_data_0.9_lenth49/2/tenfold_2_train_neg_15.npy
./DTP_data/ten_fold_data_0.9_lenth49/2/tenfold_2_train_neg_16.npy
./DTP_data/ten_fold_data_0.9_lenth49/2/tenfold_2_train_neg_17.npy
./DTP_data/ten_fold_data_0.9_lenth49/2/tenfold_2_train_neg_18.npy
./DTP_data/ten_fold_data_0.9_lenth49/2/tenfold_2_train_neg_19.npy
./DTP_data/ten_fold_data_0.9_lenth49/2/tenfold_2_train_neg_20.npy
./DTP_data/ten_fold_data_0.9_lenth49/2/tenfold_2_train_neg_21.npy
./DTP_data/ten_fold_data_0.9_lenth49/2/tenfold_2_train_neg_22.npy
./DTP_data/ten_fold_data_0.9_lenth49/2/tenfold_2_train_neg_23.npy
./DTP_data/ten_fold_data_0.9_lenth49/2/tenfold_2_train_neg_24.npy
./DTP_data/ten_fold_data_0.9_lenth49/2/tenfold_2_train_neg_25.npy
./DTP_data/ten_fold_data_0.9_lenth49/2/tenfold_2_train_neg_26.npy
./DTP_data/ten_fold_data_0.9_lenth49/2/tenfold_2_test_neg_0.npy
./DTP_data/ten_fold_data_0.9_lenth49/2/tenfold_2_test_neg_1.npy
./DTP_data/ten_fold_data_0.9_lenth49/2/tenfold_2_test_neg_2.npy
./DTP_data/ten_fold_data_0.9_lenth49/2/tenfold_2_test_neg_3.npy
./DTP_data/ten_fold_data_0.9_lenth49/2/tenfold_2_test_neg_4.npy
./DTP_data/ten_fold_data_0.9_lenth49/2/tenfold_2_test_neg_5.npy
./DTP_data/ten_fold_data_0.9_lenth49/2/tenfold_2_test_neg_6.npy
./DTP_data/ten_fold_data_0.9_lenth49/2/tenfold_2_test_neg_7.npy
./DTP_data/ten_fold_data_0.9_lenth49/2/tenfold_2_test_neg_8.npy
./DTP_data/ten_fold_data_0.9_lenth49/2/tenfold_2_test_neg_9.npy
./DTP_data/ten_fold_data_0.9_lenth49/2/tenfold_2_test_neg_10.npy
./DTP_data/ten_fold_data_0.9_lenth49/2/tenfold_2_test_neg_11.npy
./DTP_data/ten_fold_data_0.9_lenth49/2/tenfold_2_test_neg_12.npy
./DTP_data/ten_fold_data_0.9_lenth49/2/tenfold_2_test_neg_13.npy
./DTP_data/ten_fold_data_0.9_lenth49/2/tenfold_2_test_neg_14.npy
./DTP_data/ten_fold_data_0.9_lenth49/2/tenfold_2_test_neg_15.npy
./DTP_data/ten_fold_data_0.9_lenth49/2/tenfold_2_test_neg_16.npy
./DTP_data/ten_fold_data_0.9_lenth49/2/tenfold_2_test_neg_17.npy
./DTP_data/ten_fold_data_0.9_lenth49/2/tenfold_2_test_neg_18.npy
./DTP_data/ten_fold_data_0.9_lenth49/2/tenfold_2_test_neg_19.npy
./DTP_data/ten_fold_data_0.9_lenth49/2/tenfold_2_test_neg_20.npy
./DTP_data/ten_fold_data_0.9_lenth49/2/tenfold_2_test_neg_21.npy
./DTP_data/ten_fold_data_0.9_lenth49/2/tenfold_2_test_neg_22.npy
./DTP_data/ten_fold_data_0.9_lenth49/2/tenfold_2_test_neg_23.npy
./DTP_data/ten_fold_data_0.9_lenth49/2/tenfold_2_test_neg_24.npy
./DTP_data/ten_fold_data_0.9_lenth49/2/tenfold_2_test_neg_25.npy
./DTP_data/ten_fold_data_0.9_lenth49/2/tenfold_2_test_neg_26.npy
kf_neg
j = 3
./DTP_data/ten_fold_data_0.9_lenth49/3/tenfold_3_train_neg_0.npy
./DTP_data/ten_fold_data_0.9_lenth49/3/tenfold_3_train_neg_1.npy
./DTP_data/ten_fold_data_0.9_lenth49/3/tenfold_3_train_neg_2.npy
./DTP_data/ten_fold_data_0.9_lenth49/3/tenfold_3_train_neg_3.npy
./DTP_data/ten_fold_data_0.9_lenth49/3/tenfold_3_train_neg_4.npy
./DTP_data/ten_fold_data_0.9_lenth49/3/tenfold_3_train_neg_5.npy
./DTP_data/ten_fold_data_0.9_lenth49/3/tenfold_3_train_neg_6.npy
./DTP_data/ten_fold_data_0.9_lenth49/3/tenfold_3_train_neg_7.npy
./DTP_data/ten_fold_data_0.9_lenth49/3/tenfold_3_train_neg_8.npy
./DTP_data/ten_fold_data_0.9_lenth49/3/tenfold_3_train_neg_9.npy
./DTP_data/ten_fold_data_0.9_lenth49/3/tenfold_3_train_neg_10.npy
./DTP_data/ten_fold_data_0.9_lenth49/3/tenfold_3_train_neg_11.npy
./DTP_data/ten_fold_data_0.9_lenth49/3/tenfold_3_train_neg_12.npy
./DTP_data/ten_fold_data_0.9_lenth49/3/tenfold_3_train_neg_13.npy
./DTP_data/ten_fold_data_0.9_lenth49/3/tenfold_3_train_neg_14.npy
./DTP_data/ten_fold_data_0.9_lenth49/3/tenfold_3_train_neg_15.npy
./DTP_data/ten_fold_data_0.9_lenth49/3/tenfold_3_train_neg_16.npy
./DTP_data/ten_fold_data_0.9_lenth49/3/tenfold_3_train_neg_17.npy
./DTP_data/ten_fold_data_0.9_lenth49/3/tenfold_3_train_neg_18.npy
./DTP_data/ten_fold_data_0.9_lenth49/3/tenfold_3_train_neg_19.npy
./DTP_data/ten_fold_data_0.9_lenth49/3/tenfold_3_train_neg_20.npy
./DTP_data/ten_fold_data_0.9_lenth49/3/tenfold_3_train_neg_21.npy
./DTP_data/ten_fold_data_0.9_lenth49/3/tenfold_3_train_neg_22.npy
./DTP_data/ten_fold_data_0.9_lenth49/3/tenfold_3_train_neg_23.npy
./DTP_data/ten_fold_data_0.9_lenth49/3/tenfold_3_train_neg_24.npy
./DTP_data/ten_fold_data_0.9_lenth49/3/tenfold_3_train_neg_25.npy
./DTP_data/ten_fold_data_0.9_lenth49/3/tenfold_3_train_neg_26.npy
./DTP_data/ten_fold_data_0.9_lenth49/3/tenfold_3_test_neg_0.npy
./DTP_data/ten_fold_data_0.9_lenth49/3/tenfold_3_test_neg_1.npy
./DTP_data/ten_fold_data_0.9_lenth49/3/tenfold_3_test_neg_2.npy
./DTP_data/ten_fold_data_0.9_lenth49/3/tenfold_3_test_neg_3.npy
./DTP_data/ten_fold_data_0.9_lenth49/3/tenfold_3_test_neg_4.npy
./DTP_data/ten_fold_data_0.9_lenth49/3/tenfold_3_test_neg_5.npy
./DTP_data/ten_fold_data_0.9_lenth49/3/tenfold_3_test_neg_6.npy
./DTP_data/ten_fold_data_0.9_lenth49/3/tenfold_3_test_neg_7.npy
./DTP_data/ten_fold_data_0.9_lenth49/3/tenfold_3_test_neg_8.npy
./DTP_data/ten_fold_data_0.9_lenth49/3/tenfold_3_test_neg_9.npy
./DTP_data/ten_fold_data_0.9_lenth49/3/tenfold_3_test_neg_10.npy
./DTP_data/ten_fold_data_0.9_lenth49/3/tenfold_3_test_neg_11.npy
./DTP_data/ten_fold_data_0.9_lenth49/3/tenfold_3_test_neg_12.npy
./DTP_data/ten_fold_data_0.9_lenth49/3/tenfold_3_test_neg_13.npy
./DTP_data/ten_fold_data_0.9_lenth49/3/tenfold_3_test_neg_14.npy
./DTP_data/ten_fold_data_0.9_lenth49/3/tenfold_3_test_neg_15.npy
./DTP_data/ten_fold_data_0.9_lenth49/3/tenfold_3_test_neg_16.npy
./DTP_data/ten_fold_data_0.9_lenth49/3/tenfold_3_test_neg_17.npy
./DTP_data/ten_fold_data_0.9_lenth49/3/tenfold_3_test_neg_18.npy
./DTP_data/ten_fold_data_0.9_lenth49/3/tenfold_3_test_neg_19.npy
./DTP_data/ten_fold_data_0.9_lenth49/3/tenfold_3_test_neg_20.npy
./DTP_data/ten_fold_data_0.9_lenth49/3/tenfold_3_test_neg_21.npy
./DTP_data/ten_fold_data_0.9_lenth49/3/tenfold_3_test_neg_22.npy
./DTP_data/ten_fold_data_0.9_lenth49/3/tenfold_3_test_neg_23.npy
./DTP_data/ten_fold_data_0.9_lenth49/3/tenfold_3_test_neg_24.npy
./DTP_data/ten_fold_data_0.9_lenth49/3/tenfold_3_test_neg_25.npy
./DTP_data/ten_fold_data_0.9_lenth49/3/tenfold_3_test_neg_26.npy
kf_neg
j = 4
./DTP_data/ten_fold_data_0.9_lenth49/4/tenfold_4_train_neg_0.npy
./DTP_data/ten_fold_data_0.9_lenth49/4/tenfold_4_train_neg_1.npy
./DTP_data/ten_fold_data_0.9_lenth49/4/tenfold_4_train_neg_2.npy
./DTP_data/ten_fold_data_0.9_lenth49/4/tenfold_4_train_neg_3.npy
./DTP_data/ten_fold_data_0.9_lenth49/4/tenfold_4_train_neg_4.npy
./DTP_data/ten_fold_data_0.9_lenth49/4/tenfold_4_train_neg_5.npy
./DTP_data/ten_fold_data_0.9_lenth49/4/tenfold_4_train_neg_6.npy
./DTP_data/ten_fold_data_0.9_lenth49/4/tenfold_4_train_neg_7.npy
./DTP_data/ten_fold_data_0.9_lenth49/4/tenfold_4_train_neg_8.npy
./DTP_data/ten_fold_data_0.9_lenth49/4/tenfold_4_train_neg_9.npy
./DTP_data/ten_fold_data_0.9_lenth49/4/tenfold_4_train_neg_10.npy
./DTP_data/ten_fold_data_0.9_lenth49/4/tenfold_4_train_neg_11.npy
./DTP_data/ten_fold_data_0.9_lenth49/4/tenfold_4_train_neg_12.npy
./DTP_data/ten_fold_data_0.9_lenth49/4/tenfold_4_train_neg_13.npy
./DTP_data/ten_fold_data_0.9_lenth49/4/tenfold_4_train_neg_14.npy
./DTP_data/ten_fold_data_0.9_lenth49/4/tenfold_4_train_neg_15.npy
./DTP_data/ten_fold_data_0.9_lenth49/4/tenfold_4_train_neg_16.npy
./DTP_data/ten_fold_data_0.9_lenth49/4/tenfold_4_train_neg_17.npy
./DTP_data/ten_fold_data_0.9_lenth49/4/tenfold_4_train_neg_18.npy
./DTP_data/ten_fold_data_0.9_lenth49/4/tenfold_4_train_neg_19.npy
./DTP_data/ten_fold_data_0.9_lenth49/4/tenfold_4_train_neg_20.npy
./DTP_data/ten_fold_data_0.9_lenth49/4/tenfold_4_train_neg_21.npy
./DTP_data/ten_fold_data_0.9_lenth49/4/tenfold_4_train_neg_22.npy
./DTP_data/ten_fold_data_0.9_lenth49/4/tenfold_4_train_neg_23.npy
./DTP_data/ten_fold_data_0.9_lenth49/4/tenfold_4_train_neg_24.npy
./DTP_data/ten_fold_data_0.9_lenth49/4/tenfold_4_train_neg_25.npy
./DTP_data/ten_fold_data_0.9_lenth49/4/tenfold_4_train_neg_26.npy
./DTP_data/ten_fold_data_0.9_lenth49/4/tenfold_4_test_neg_0.npy
./DTP_data/ten_fold_data_0.9_lenth49/4/tenfold_4_test_neg_1.npy
./DTP_data/ten_fold_data_0.9_lenth49/4/tenfold_4_test_neg_2.npy
./DTP_data/ten_fold_data_0.9_lenth49/4/tenfold_4_test_neg_3.npy
./DTP_data/ten_fold_data_0.9_lenth49/4/tenfold_4_test_neg_4.npy
./DTP_data/ten_fold_data_0.9_lenth49/4/tenfold_4_test_neg_5.npy
./DTP_data/ten_fold_data_0.9_lenth49/4/tenfold_4_test_neg_6.npy
./DTP_data/ten_fold_data_0.9_lenth49/4/tenfold_4_test_neg_7.npy
./DTP_data/ten_fold_data_0.9_lenth49/4/tenfold_4_test_neg_8.npy
./DTP_data/ten_fold_data_0.9_lenth49/4/tenfold_4_test_neg_9.npy
./DTP_data/ten_fold_data_0.9_lenth49/4/tenfold_4_test_neg_10.npy
./DTP_data/ten_fold_data_0.9_lenth49/4/tenfold_4_test_neg_11.npy
./DTP_data/ten_fold_data_0.9_lenth49/4/tenfold_4_test_neg_12.npy
./DTP_data/ten_fold_data_0.9_lenth49/4/tenfold_4_test_neg_13.npy
./DTP_data/ten_fold_data_0.9_lenth49/4/tenfold_4_test_neg_14.npy
./DTP_data/ten_fold_data_0.9_lenth49/4/tenfold_4_test_neg_15.npy
./DTP_data/ten_fold_data_0.9_lenth49/4/tenfold_4_test_neg_16.npy
./DTP_data/ten_fold_data_0.9_lenth49/4/tenfold_4_test_neg_17.npy
./DTP_data/ten_fold_data_0.9_lenth49/4/tenfold_4_test_neg_18.npy
./DTP_data/ten_fold_data_0.9_lenth49/4/tenfold_4_test_neg_19.npy
./DTP_data/ten_fold_data_0.9_lenth49/4/tenfold_4_test_neg_20.npy
./DTP_data/ten_fold_data_0.9_lenth49/4/tenfold_4_test_neg_21.npy
./DTP_data/ten_fold_data_0.9_lenth49/4/tenfold_4_test_neg_22.npy
./DTP_data/ten_fold_data_0.9_lenth49/4/tenfold_4_test_neg_23.npy
./DTP_data/ten_fold_data_0.9_lenth49/4/tenfold_4_test_neg_24.npy
./DTP_data/ten_fold_data_0.9_lenth49/4/tenfold_4_test_neg_25.npy
./DTP_data/ten_fold_data_0.9_lenth49/4/tenfold_4_test_neg_26.npy
kf_neg
j = 5
./DTP_data/ten_fold_data_0.9_lenth49/5/tenfold_5_train_neg_0.npy
./DTP_data/ten_fold_data_0.9_lenth49/5/tenfold_5_train_neg_1.npy
./DTP_data/ten_fold_data_0.9_lenth49/5/tenfold_5_train_neg_2.npy
./DTP_data/ten_fold_data_0.9_lenth49/5/tenfold_5_train_neg_3.npy
./DTP_data/ten_fold_data_0.9_lenth49/5/tenfold_5_train_neg_4.npy
./DTP_data/ten_fold_data_0.9_lenth49/5/tenfold_5_train_neg_5.npy
./DTP_data/ten_fold_data_0.9_lenth49/5/tenfold_5_train_neg_6.npy
./DTP_data/ten_fold_data_0.9_lenth49/5/tenfold_5_train_neg_7.npy
./DTP_data/ten_fold_data_0.9_lenth49/5/tenfold_5_train_neg_8.npy
./DTP_data/ten_fold_data_0.9_lenth49/5/tenfold_5_train_neg_9.npy
./DTP_data/ten_fold_data_0.9_lenth49/5/tenfold_5_train_neg_10.npy
./DTP_data/ten_fold_data_0.9_lenth49/5/tenfold_5_train_neg_11.npy
./DTP_data/ten_fold_data_0.9_lenth49/5/tenfold_5_train_neg_12.npy
./DTP_data/ten_fold_data_0.9_lenth49/5/tenfold_5_train_neg_13.npy
./DTP_data/ten_fold_data_0.9_lenth49/5/tenfold_5_train_neg_14.npy
./DTP_data/ten_fold_data_0.9_lenth49/5/tenfold_5_train_neg_15.npy
./DTP_data/ten_fold_data_0.9_lenth49/5/tenfold_5_train_neg_16.npy
./DTP_data/ten_fold_data_0.9_lenth49/5/tenfold_5_train_neg_17.npy
./DTP_data/ten_fold_data_0.9_lenth49/5/tenfold_5_train_neg_18.npy
./DTP_data/ten_fold_data_0.9_lenth49/5/tenfold_5_train_neg_19.npy
./DTP_data/ten_fold_data_0.9_lenth49/5/tenfold_5_train_neg_20.npy
./DTP_data/ten_fold_data_0.9_lenth49/5/tenfold_5_train_neg_21.npy
./DTP_data/ten_fold_data_0.9_lenth49/5/tenfold_5_train_neg_22.npy
./DTP_data/ten_fold_data_0.9_lenth49/5/tenfold_5_train_neg_23.npy
./DTP_data/ten_fold_data_0.9_lenth49/5/tenfold_5_train_neg_24.npy
./DTP_data/ten_fold_data_0.9_lenth49/5/tenfold_5_train_neg_25.npy
./DTP_data/ten_fold_data_0.9_lenth49/5/tenfold_5_train_neg_26.npy
./DTP_data/ten_fold_data_0.9_lenth49/5/tenfold_5_test_neg_0.npy
./DTP_data/ten_fold_data_0.9_lenth49/5/tenfold_5_test_neg_1.npy
./DTP_data/ten_fold_data_0.9_lenth49/5/tenfold_5_test_neg_2.npy
./DTP_data/ten_fold_data_0.9_lenth49/5/tenfold_5_test_neg_3.npy
./DTP_data/ten_fold_data_0.9_lenth49/5/tenfold_5_test_neg_4.npy
./DTP_data/ten_fold_data_0.9_lenth49/5/tenfold_5_test_neg_5.npy
./DTP_data/ten_fold_data_0.9_lenth49/5/tenfold_5_test_neg_6.npy
./DTP_data/ten_fold_data_0.9_lenth49/5/tenfold_5_test_neg_7.npy
./DTP_data/ten_fold_data_0.9_lenth49/5/tenfold_5_test_neg_8.npy
./DTP_data/ten_fold_data_0.9_lenth49/5/tenfold_5_test_neg_9.npy
./DTP_data/ten_fold_data_0.9_lenth49/5/tenfold_5_test_neg_10.npy
./DTP_data/ten_fold_data_0.9_lenth49/5/tenfold_5_test_neg_11.npy
./DTP_data/ten_fold_data_0.9_lenth49/5/tenfold_5_test_neg_12.npy
./DTP_data/ten_fold_data_0.9_lenth49/5/tenfold_5_test_neg_13.npy
./DTP_data/ten_fold_data_0.9_lenth49/5/tenfold_5_test_neg_14.npy
./DTP_data/ten_fold_data_0.9_lenth49/5/tenfold_5_test_neg_15.npy
./DTP_data/ten_fold_data_0.9_lenth49/5/tenfold_5_test_neg_16.npy
./DTP_data/ten_fold_data_0.9_lenth49/5/tenfold_5_test_neg_17.npy
./DTP_data/ten_fold_data_0.9_lenth49/5/tenfold_5_test_neg_18.npy
./DTP_data/ten_fold_data_0.9_lenth49/5/tenfold_5_test_neg_19.npy
./DTP_data/ten_fold_data_0.9_lenth49/5/tenfold_5_test_neg_20.npy
./DTP_data/ten_fold_data_0.9_lenth49/5/tenfold_5_test_neg_21.npy
./DTP_data/ten_fold_data_0.9_lenth49/5/tenfold_5_test_neg_22.npy
./DTP_data/ten_fold_data_0.9_lenth49/5/tenfold_5_test_neg_23.npy
./DTP_data/ten_fold_data_0.9_lenth49/5/tenfold_5_test_neg_24.npy
./DTP_data/ten_fold_data_0.9_lenth49/5/tenfold_5_test_neg_25.npy
./DTP_data/ten_fold_data_0.9_lenth49/5/tenfold_5_test_neg_26.npy
kf_neg
j = 6
./DTP_data/ten_fold_data_0.9_lenth49/6/tenfold_6_train_neg_0.npy
./DTP_data/ten_fold_data_0.9_lenth49/6/tenfold_6_train_neg_1.npy
./DTP_data/ten_fold_data_0.9_lenth49/6/tenfold_6_train_neg_2.npy
./DTP_data/ten_fold_data_0.9_lenth49/6/tenfold_6_train_neg_3.npy
./DTP_data/ten_fold_data_0.9_lenth49/6/tenfold_6_train_neg_4.npy
./DTP_data/ten_fold_data_0.9_lenth49/6/tenfold_6_train_neg_5.npy
./DTP_data/ten_fold_data_0.9_lenth49/6/tenfold_6_train_neg_6.npy
./DTP_data/ten_fold_data_0.9_lenth49/6/tenfold_6_train_neg_7.npy
./DTP_data/ten_fold_data_0.9_lenth49/6/tenfold_6_train_neg_8.npy
./DTP_data/ten_fold_data_0.9_lenth49/6/tenfold_6_train_neg_9.npy
./DTP_data/ten_fold_data_0.9_lenth49/6/tenfold_6_train_neg_10.npy
./DTP_data/ten_fold_data_0.9_lenth49/6/tenfold_6_train_neg_11.npy
./DTP_data/ten_fold_data_0.9_lenth49/6/tenfold_6_train_neg_12.npy
./DTP_data/ten_fold_data_0.9_lenth49/6/tenfold_6_train_neg_13.npy
./DTP_data/ten_fold_data_0.9_lenth49/6/tenfold_6_train_neg_14.npy
./DTP_data/ten_fold_data_0.9_lenth49/6/tenfold_6_train_neg_15.npy
./DTP_data/ten_fold_data_0.9_lenth49/6/tenfold_6_train_neg_16.npy
./DTP_data/ten_fold_data_0.9_lenth49/6/tenfold_6_train_neg_17.npy
./DTP_data/ten_fold_data_0.9_lenth49/6/tenfold_6_train_neg_18.npy
./DTP_data/ten_fold_data_0.9_lenth49/6/tenfold_6_train_neg_19.npy
./DTP_data/ten_fold_data_0.9_lenth49/6/tenfold_6_train_neg_20.npy
./DTP_data/ten_fold_data_0.9_lenth49/6/tenfold_6_train_neg_21.npy
./DTP_data/ten_fold_data_0.9_lenth49/6/tenfold_6_train_neg_22.npy
./DTP_data/ten_fold_data_0.9_lenth49/6/tenfold_6_train_neg_23.npy
./DTP_data/ten_fold_data_0.9_lenth49/6/tenfold_6_train_neg_24.npy
./DTP_data/ten_fold_data_0.9_lenth49/6/tenfold_6_train_neg_25.npy
./DTP_data/ten_fold_data_0.9_lenth49/6/tenfold_6_train_neg_26.npy
./DTP_data/ten_fold_data_0.9_lenth49/6/tenfold_6_test_neg_0.npy
./DTP_data/ten_fold_data_0.9_lenth49/6/tenfold_6_test_neg_1.npy
./DTP_data/ten_fold_data_0.9_lenth49/6/tenfold_6_test_neg_2.npy
./DTP_data/ten_fold_data_0.9_lenth49/6/tenfold_6_test_neg_3.npy
./DTP_data/ten_fold_data_0.9_lenth49/6/tenfold_6_test_neg_4.npy
./DTP_data/ten_fold_data_0.9_lenth49/6/tenfold_6_test_neg_5.npy
./DTP_data/ten_fold_data_0.9_lenth49/6/tenfold_6_test_neg_6.npy
./DTP_data/ten_fold_data_0.9_lenth49/6/tenfold_6_test_neg_7.npy
./DTP_data/ten_fold_data_0.9_lenth49/6/tenfold_6_test_neg_8.npy
./DTP_data/ten_fold_data_0.9_lenth49/6/tenfold_6_test_neg_9.npy
./DTP_data/ten_fold_data_0.9_lenth49/6/tenfold_6_test_neg_10.npy
./DTP_data/ten_fold_data_0.9_lenth49/6/tenfold_6_test_neg_11.npy
./DTP_data/ten_fold_data_0.9_lenth49/6/tenfold_6_test_neg_12.npy
./DTP_data/ten_fold_data_0.9_lenth49/6/tenfold_6_test_neg_13.npy
./DTP_data/ten_fold_data_0.9_lenth49/6/tenfold_6_test_neg_14.npy
./DTP_data/ten_fold_data_0.9_lenth49/6/tenfold_6_test_neg_15.npy
./DTP_data/ten_fold_data_0.9_lenth49/6/tenfold_6_test_neg_16.npy
./DTP_data/ten_fold_data_0.9_lenth49/6/tenfold_6_test_neg_17.npy
./DTP_data/ten_fold_data_0.9_lenth49/6/tenfold_6_test_neg_18.npy
./DTP_data/ten_fold_data_0.9_lenth49/6/tenfold_6_test_neg_19.npy
./DTP_data/ten_fold_data_0.9_lenth49/6/tenfold_6_test_neg_20.npy
./DTP_data/ten_fold_data_0.9_lenth49/6/tenfold_6_test_neg_21.npy
./DTP_data/ten_fold_data_0.9_lenth49/6/tenfold_6_test_neg_22.npy
./DTP_data/ten_fold_data_0.9_lenth49/6/tenfold_6_test_neg_23.npy
./DTP_data/ten_fold_data_0.9_lenth49/6/tenfold_6_test_neg_24.npy
./DTP_data/ten_fold_data_0.9_lenth49/6/tenfold_6_test_neg_25.npy
./DTP_data/ten_fold_data_0.9_lenth49/6/tenfold_6_test_neg_26.npy
kf_neg
j = 7
./DTP_data/ten_fold_data_0.9_lenth49/7/tenfold_7_train_neg_0.npy
./DTP_data/ten_fold_data_0.9_lenth49/7/tenfold_7_train_neg_1.npy
./DTP_data/ten_fold_data_0.9_lenth49/7/tenfold_7_train_neg_2.npy
./DTP_data/ten_fold_data_0.9_lenth49/7/tenfold_7_train_neg_3.npy
./DTP_data/ten_fold_data_0.9_lenth49/7/tenfold_7_train_neg_4.npy
./DTP_data/ten_fold_data_0.9_lenth49/7/tenfold_7_train_neg_5.npy
./DTP_data/ten_fold_data_0.9_lenth49/7/tenfold_7_train_neg_6.npy
./DTP_data/ten_fold_data_0.9_lenth49/7/tenfold_7_train_neg_7.npy
./DTP_data/ten_fold_data_0.9_lenth49/7/tenfold_7_train_neg_8.npy
./DTP_data/ten_fold_data_0.9_lenth49/7/tenfold_7_train_neg_9.npy
./DTP_data/ten_fold_data_0.9_lenth49/7/tenfold_7_train_neg_10.npy
./DTP_data/ten_fold_data_0.9_lenth49/7/tenfold_7_train_neg_11.npy
./DTP_data/ten_fold_data_0.9_lenth49/7/tenfold_7_train_neg_12.npy
./DTP_data/ten_fold_data_0.9_lenth49/7/tenfold_7_train_neg_13.npy
./DTP_data/ten_fold_data_0.9_lenth49/7/tenfold_7_train_neg_14.npy
./DTP_data/ten_fold_data_0.9_lenth49/7/tenfold_7_train_neg_15.npy
./DTP_data/ten_fold_data_0.9_lenth49/7/tenfold_7_train_neg_16.npy
./DTP_data/ten_fold_data_0.9_lenth49/7/tenfold_7_train_neg_17.npy
./DTP_data/ten_fold_data_0.9_lenth49/7/tenfold_7_train_neg_18.npy
./DTP_data/ten_fold_data_0.9_lenth49/7/tenfold_7_train_neg_19.npy
./DTP_data/ten_fold_data_0.9_lenth49/7/tenfold_7_train_neg_20.npy
./DTP_data/ten_fold_data_0.9_lenth49/7/tenfold_7_train_neg_21.npy
./DTP_data/ten_fold_data_0.9_lenth49/7/tenfold_7_train_neg_22.npy
./DTP_data/ten_fold_data_0.9_lenth49/7/tenfold_7_train_neg_23.npy
./DTP_data/ten_fold_data_0.9_lenth49/7/tenfold_7_train_neg_24.npy
./DTP_data/ten_fold_data_0.9_lenth49/7/tenfold_7_train_neg_25.npy
./DTP_data/ten_fold_data_0.9_lenth49/7/tenfold_7_train_neg_26.npy
./DTP_data/ten_fold_data_0.9_lenth49/7/tenfold_7_test_neg_0.npy
./DTP_data/ten_fold_data_0.9_lenth49/7/tenfold_7_test_neg_1.npy
./DTP_data/ten_fold_data_0.9_lenth49/7/tenfold_7_test_neg_2.npy
./DTP_data/ten_fold_data_0.9_lenth49/7/tenfold_7_test_neg_3.npy
./DTP_data/ten_fold_data_0.9_lenth49/7/tenfold_7_test_neg_4.npy
./DTP_data/ten_fold_data_0.9_lenth49/7/tenfold_7_test_neg_5.npy
./DTP_data/ten_fold_data_0.9_lenth49/7/tenfold_7_test_neg_6.npy
./DTP_data/ten_fold_data_0.9_lenth49/7/tenfold_7_test_neg_7.npy
./DTP_data/ten_fold_data_0.9_lenth49/7/tenfold_7_test_neg_8.npy
./DTP_data/ten_fold_data_0.9_lenth49/7/tenfold_7_test_neg_9.npy
./DTP_data/ten_fold_data_0.9_lenth49/7/tenfold_7_test_neg_10.npy
./DTP_data/ten_fold_data_0.9_lenth49/7/tenfold_7_test_neg_11.npy
./DTP_data/ten_fold_data_0.9_lenth49/7/tenfold_7_test_neg_12.npy
./DTP_data/ten_fold_data_0.9_lenth49/7/tenfold_7_test_neg_13.npy
./DTP_data/ten_fold_data_0.9_lenth49/7/tenfold_7_test_neg_14.npy
./DTP_data/ten_fold_data_0.9_lenth49/7/tenfold_7_test_neg_15.npy
./DTP_data/ten_fold_data_0.9_lenth49/7/tenfold_7_test_neg_16.npy
./DTP_data/ten_fold_data_0.9_lenth49/7/tenfold_7_test_neg_17.npy
./DTP_data/ten_fold_data_0.9_lenth49/7/tenfold_7_test_neg_18.npy
./DTP_data/ten_fold_data_0.9_lenth49/7/tenfold_7_test_neg_19.npy
./DTP_data/ten_fold_data_0.9_lenth49/7/tenfold_7_test_neg_20.npy
./DTP_data/ten_fold_data_0.9_lenth49/7/tenfold_7_test_neg_21.npy
./DTP_data/ten_fold_data_0.9_lenth49/7/tenfold_7_test_neg_22.npy
./DTP_data/ten_fold_data_0.9_lenth49/7/tenfold_7_test_neg_23.npy
./DTP_data/ten_fold_data_0.9_lenth49/7/tenfold_7_test_neg_24.npy
./DTP_data/ten_fold_data_0.9_lenth49/7/tenfold_7_test_neg_25.npy
./DTP_data/ten_fold_data_0.9_lenth49/7/tenfold_7_test_neg_26.npy
kf_neg
j = 8
./DTP_data/ten_fold_data_0.9_lenth49/8/tenfold_8_train_neg_0.npy
./DTP_data/ten_fold_data_0.9_lenth49/8/tenfold_8_train_neg_1.npy
./DTP_data/ten_fold_data_0.9_lenth49/8/tenfold_8_train_neg_2.npy
./DTP_data/ten_fold_data_0.9_lenth49/8/tenfold_8_train_neg_3.npy
./DTP_data/ten_fold_data_0.9_lenth49/8/tenfold_8_train_neg_4.npy
./DTP_data/ten_fold_data_0.9_lenth49/8/tenfold_8_train_neg_5.npy
./DTP_data/ten_fold_data_0.9_lenth49/8/tenfold_8_train_neg_6.npy
./DTP_data/ten_fold_data_0.9_lenth49/8/tenfold_8_train_neg_7.npy
./DTP_data/ten_fold_data_0.9_lenth49/8/tenfold_8_train_neg_8.npy
./DTP_data/ten_fold_data_0.9_lenth49/8/tenfold_8_train_neg_9.npy
./DTP_data/ten_fold_data_0.9_lenth49/8/tenfold_8_train_neg_10.npy
./DTP_data/ten_fold_data_0.9_lenth49/8/tenfold_8_train_neg_11.npy
./DTP_data/ten_fold_data_0.9_lenth49/8/tenfold_8_train_neg_12.npy
./DTP_data/ten_fold_data_0.9_lenth49/8/tenfold_8_train_neg_13.npy
./DTP_data/ten_fold_data_0.9_lenth49/8/tenfold_8_train_neg_14.npy
./DTP_data/ten_fold_data_0.9_lenth49/8/tenfold_8_train_neg_15.npy
./DTP_data/ten_fold_data_0.9_lenth49/8/tenfold_8_train_neg_16.npy
./DTP_data/ten_fold_data_0.9_lenth49/8/tenfold_8_train_neg_17.npy
./DTP_data/ten_fold_data_0.9_lenth49/8/tenfold_8_train_neg_18.npy
./DTP_data/ten_fold_data_0.9_lenth49/8/tenfold_8_train_neg_19.npy
./DTP_data/ten_fold_data_0.9_lenth49/8/tenfold_8_train_neg_20.npy
./DTP_data/ten_fold_data_0.9_lenth49/8/tenfold_8_train_neg_21.npy
./DTP_data/ten_fold_data_0.9_lenth49/8/tenfold_8_train_neg_22.npy
./DTP_data/ten_fold_data_0.9_lenth49/8/tenfold_8_train_neg_23.npy
./DTP_data/ten_fold_data_0.9_lenth49/8/tenfold_8_train_neg_24.npy
./DTP_data/ten_fold_data_0.9_lenth49/8/tenfold_8_train_neg_25.npy
./DTP_data/ten_fold_data_0.9_lenth49/8/tenfold_8_train_neg_26.npy
./DTP_data/ten_fold_data_0.9_lenth49/8/tenfold_8_test_neg_0.npy
./DTP_data/ten_fold_data_0.9_lenth49/8/tenfold_8_test_neg_1.npy
./DTP_data/ten_fold_data_0.9_lenth49/8/tenfold_8_test_neg_2.npy
./DTP_data/ten_fold_data_0.9_lenth49/8/tenfold_8_test_neg_3.npy
./DTP_data/ten_fold_data_0.9_lenth49/8/tenfold_8_test_neg_4.npy
./DTP_data/ten_fold_data_0.9_lenth49/8/tenfold_8_test_neg_5.npy
./DTP_data/ten_fold_data_0.9_lenth49/8/tenfold_8_test_neg_6.npy
./DTP_data/ten_fold_data_0.9_lenth49/8/tenfold_8_test_neg_7.npy
./DTP_data/ten_fold_data_0.9_lenth49/8/tenfold_8_test_neg_8.npy
./DTP_data/ten_fold_data_0.9_lenth49/8/tenfold_8_test_neg_9.npy
./DTP_data/ten_fold_data_0.9_lenth49/8/tenfold_8_test_neg_10.npy
./DTP_data/ten_fold_data_0.9_lenth49/8/tenfold_8_test_neg_11.npy
./DTP_data/ten_fold_data_0.9_lenth49/8/tenfold_8_test_neg_12.npy
./DTP_data/ten_fold_data_0.9_lenth49/8/tenfold_8_test_neg_13.npy
./DTP_data/ten_fold_data_0.9_lenth49/8/tenfold_8_test_neg_14.npy
./DTP_data/ten_fold_data_0.9_lenth49/8/tenfold_8_test_neg_15.npy
./DTP_data/ten_fold_data_0.9_lenth49/8/tenfold_8_test_neg_16.npy
./DTP_data/ten_fold_data_0.9_lenth49/8/tenfold_8_test_neg_17.npy
./DTP_data/ten_fold_data_0.9_lenth49/8/tenfold_8_test_neg_18.npy
./DTP_data/ten_fold_data_0.9_lenth49/8/tenfold_8_test_neg_19.npy
./DTP_data/ten_fold_data_0.9_lenth49/8/tenfold_8_test_neg_20.npy
./DTP_data/ten_fold_data_0.9_lenth49/8/tenfold_8_test_neg_21.npy
./DTP_data/ten_fold_data_0.9_lenth49/8/tenfold_8_test_neg_22.npy
./DTP_data/ten_fold_data_0.9_lenth49/8/tenfold_8_test_neg_23.npy
./DTP_data/ten_fold_data_0.9_lenth49/8/tenfold_8_test_neg_24.npy
./DTP_data/ten_fold_data_0.9_lenth49/8/tenfold_8_test_neg_25.npy
./DTP_data/ten_fold_data_0.9_lenth49/8/tenfold_8_test_neg_26.npy
kf_neg
j = 9
./DTP_data/ten_fold_data_0.9_lenth49/9/tenfold_9_train_neg_0.npy
./DTP_data/ten_fold_data_0.9_lenth49/9/tenfold_9_train_neg_1.npy
./DTP_data/ten_fold_data_0.9_lenth49/9/tenfold_9_train_neg_2.npy
./DTP_data/ten_fold_data_0.9_lenth49/9/tenfold_9_train_neg_3.npy
./DTP_data/ten_fold_data_0.9_lenth49/9/tenfold_9_train_neg_4.npy
./DTP_data/ten_fold_data_0.9_lenth49/9/tenfold_9_train_neg_5.npy
./DTP_data/ten_fold_data_0.9_lenth49/9/tenfold_9_train_neg_6.npy
./DTP_data/ten_fold_data_0.9_lenth49/9/tenfold_9_train_neg_7.npy
./DTP_data/ten_fold_data_0.9_lenth49/9/tenfold_9_train_neg_8.npy
./DTP_data/ten_fold_data_0.9_lenth49/9/tenfold_9_train_neg_9.npy
./DTP_data/ten_fold_data_0.9_lenth49/9/tenfold_9_train_neg_10.npy
./DTP_data/ten_fold_data_0.9_lenth49/9/tenfold_9_train_neg_11.npy
./DTP_data/ten_fold_data_0.9_lenth49/9/tenfold_9_train_neg_12.npy
./DTP_data/ten_fold_data_0.9_lenth49/9/tenfold_9_train_neg_13.npy
./DTP_data/ten_fold_data_0.9_lenth49/9/tenfold_9_train_neg_14.npy
./DTP_data/ten_fold_data_0.9_lenth49/9/tenfold_9_train_neg_15.npy
./DTP_data/ten_fold_data_0.9_lenth49/9/tenfold_9_train_neg_16.npy
./DTP_data/ten_fold_data_0.9_lenth49/9/tenfold_9_train_neg_17.npy
./DTP_data/ten_fold_data_0.9_lenth49/9/tenfold_9_train_neg_18.npy
./DTP_data/ten_fold_data_0.9_lenth49/9/tenfold_9_train_neg_19.npy
./DTP_data/ten_fold_data_0.9_lenth49/9/tenfold_9_train_neg_20.npy
./DTP_data/ten_fold_data_0.9_lenth49/9/tenfold_9_train_neg_21.npy
./DTP_data/ten_fold_data_0.9_lenth49/9/tenfold_9_train_neg_22.npy
./DTP_data/ten_fold_data_0.9_lenth49/9/tenfold_9_train_neg_23.npy
./DTP_data/ten_fold_data_0.9_lenth49/9/tenfold_9_train_neg_24.npy
./DTP_data/ten_fold_data_0.9_lenth49/9/tenfold_9_train_neg_25.npy
./DTP_data/ten_fold_data_0.9_lenth49/9/tenfold_9_train_neg_26.npy
./DTP_data/ten_fold_data_0.9_lenth49/9/tenfold_9_test_neg_0.npy
./DTP_data/ten_fold_data_0.9_lenth49/9/tenfold_9_test_neg_1.npy
./DTP_data/ten_fold_data_0.9_lenth49/9/tenfold_9_test_neg_2.npy
./DTP_data/ten_fold_data_0.9_lenth49/9/tenfold_9_test_neg_3.npy
./DTP_data/ten_fold_data_0.9_lenth49/9/tenfold_9_test_neg_4.npy
./DTP_data/ten_fold_data_0.9_lenth49/9/tenfold_9_test_neg_5.npy
./DTP_data/ten_fold_data_0.9_lenth49/9/tenfold_9_test_neg_6.npy
./DTP_data/ten_fold_data_0.9_lenth49/9/tenfold_9_test_neg_7.npy
./DTP_data/ten_fold_data_0.9_lenth49/9/tenfold_9_test_neg_8.npy
./DTP_data/ten_fold_data_0.9_lenth49/9/tenfold_9_test_neg_9.npy
./DTP_data/ten_fold_data_0.9_lenth49/9/tenfold_9_test_neg_10.npy
./DTP_data/ten_fold_data_0.9_lenth49/9/tenfold_9_test_neg_11.npy
./DTP_data/ten_fold_data_0.9_lenth49/9/tenfold_9_test_neg_12.npy
./DTP_data/ten_fold_data_0.9_lenth49/9/tenfold_9_test_neg_13.npy
./DTP_data/ten_fold_data_0.9_lenth49/9/tenfold_9_test_neg_14.npy
./DTP_data/ten_fold_data_0.9_lenth49/9/tenfold_9_test_neg_15.npy
./DTP_data/ten_fold_data_0.9_lenth49/9/tenfold_9_test_neg_16.npy
./DTP_data/ten_fold_data_0.9_lenth49/9/tenfold_9_test_neg_17.npy
./DTP_data/ten_fold_data_0.9_lenth49/9/tenfold_9_test_neg_18.npy
./DTP_data/ten_fold_data_0.9_lenth49/9/tenfold_9_test_neg_19.npy
./DTP_data/ten_fold_data_0.9_lenth49/9/tenfold_9_test_neg_20.npy/home/zhaiyh/drug_target_gpu_test/zyh_DTP/DTP_deeplearning/methods/DTP_get_data.py:73: FutureWarning: Method .as_matrix will be removed in a future version. Use .values instead.
  data_with_flag = data_with_flag.as_matrix()

./DTP_data/ten_fold_data_0.9_lenth49/9/tenfold_9_test_neg_21.npy
./DTP_data/ten_fold_data_0.9_lenth49/9/tenfold_9_test_neg_22.npy
./DTP_data/ten_fold_data_0.9_lenth49/9/tenfold_9_test_neg_23.npy
./DTP_data/ten_fold_data_0.9_lenth49/9/tenfold_9_test_neg_24.npy
./DTP_data/ten_fold_data_0.9_lenth49/9/tenfold_9_test_neg_25.npy
./DTP_data/ten_fold_data_0.9_lenth49/9/tenfold_9_test_neg_26.npy
kf_neg
j = 10
./DTP_data/ten_fold_data_0.9_lenth49/10/tenfold_10_train_neg_0.npy
./DTP_data/ten_fold_data_0.9_lenth49/10/tenfold_10_train_neg_1.npy
./DTP_data/ten_fold_data_0.9_lenth49/10/tenfold_10_train_neg_2.npy
./DTP_data/ten_fold_data_0.9_lenth49/10/tenfold_10_train_neg_3.npy
./DTP_data/ten_fold_data_0.9_lenth49/10/tenfold_10_train_neg_4.npy
./DTP_data/ten_fold_data_0.9_lenth49/10/tenfold_10_train_neg_5.npy
./DTP_data/ten_fold_data_0.9_lenth49/10/tenfold_10_train_neg_6.npy
./DTP_data/ten_fold_data_0.9_lenth49/10/tenfold_10_train_neg_7.npy
./DTP_data/ten_fold_data_0.9_lenth49/10/tenfold_10_train_neg_8.npy
./DTP_data/ten_fold_data_0.9_lenth49/10/tenfold_10_train_neg_9.npy
./DTP_data/ten_fold_data_0.9_lenth49/10/tenfold_10_train_neg_10.npy
./DTP_data/ten_fold_data_0.9_lenth49/10/tenfold_10_train_neg_11.npy
./DTP_data/ten_fold_data_0.9_lenth49/10/tenfold_10_train_neg_12.npy
./DTP_data/ten_fold_data_0.9_lenth49/10/tenfold_10_train_neg_13.npy
./DTP_data/ten_fold_data_0.9_lenth49/10/tenfold_10_train_neg_14.npy
./DTP_data/ten_fold_data_0.9_lenth49/10/tenfold_10_train_neg_15.npy
./DTP_data/ten_fold_data_0.9_lenth49/10/tenfold_10_train_neg_16.npy
./DTP_data/ten_fold_data_0.9_lenth49/10/tenfold_10_train_neg_17.npy
./DTP_data/ten_fold_data_0.9_lenth49/10/tenfold_10_train_neg_18.npy
./DTP_data/ten_fold_data_0.9_lenth49/10/tenfold_10_train_neg_19.npy
./DTP_data/ten_fold_data_0.9_lenth49/10/tenfold_10_train_neg_20.npy
./DTP_data/ten_fold_data_0.9_lenth49/10/tenfold_10_train_neg_21.npy
./DTP_data/ten_fold_data_0.9_lenth49/10/tenfold_10_train_neg_22.npy
./DTP_data/ten_fold_data_0.9_lenth49/10/tenfold_10_train_neg_23.npy
./DTP_data/ten_fold_data_0.9_lenth49/10/tenfold_10_train_neg_24.npy
./DTP_data/ten_fold_data_0.9_lenth49/10/tenfold_10_train_neg_25.npy
./DTP_data/ten_fold_data_0.9_lenth49/10/tenfold_10_train_neg_26.npy
./DTP_data/ten_fold_data_0.9_lenth49/10/tenfold_10_test_neg_0.npy
./DTP_data/ten_fold_data_0.9_lenth49/10/tenfold_10_test_neg_1.npy
./DTP_data/ten_fold_data_0.9_lenth49/10/tenfold_10_test_neg_2.npy
./DTP_data/ten_fold_data_0.9_lenth49/10/tenfold_10_test_neg_3.npy
./DTP_data/ten_fold_data_0.9_lenth49/10/tenfold_10_test_neg_4.npy
./DTP_data/ten_fold_data_0.9_lenth49/10/tenfold_10_test_neg_5.npy
./DTP_data/ten_fold_data_0.9_lenth49/10/tenfold_10_test_neg_6.npy
./DTP_data/ten_fold_data_0.9_lenth49/10/tenfold_10_test_neg_7.npy
./DTP_data/ten_fold_data_0.9_lenth49/10/tenfold_10_test_neg_8.npy
./DTP_data/ten_fold_data_0.9_lenth49/10/tenfold_10_test_neg_9.npy
./DTP_data/ten_fold_data_0.9_lenth49/10/tenfold_10_test_neg_10.npy
./DTP_data/ten_fold_data_0.9_lenth49/10/tenfold_10_test_neg_11.npy
./DTP_data/ten_fold_data_0.9_lenth49/10/tenfold_10_test_neg_12.npy
./DTP_data/ten_fold_data_0.9_lenth49/10/tenfold_10_test_neg_13.npy
./DTP_data/ten_fold_data_0.9_lenth49/10/tenfold_10_test_neg_14.npy
./DTP_data/ten_fold_data_0.9_lenth49/10/tenfold_10_test_neg_15.npy
./DTP_data/ten_fold_data_0.9_lenth49/10/tenfold_10_test_neg_16.npy
./DTP_data/ten_fold_data_0.9_lenth49/10/tenfold_10_test_neg_17.npy
./DTP_data/ten_fold_data_0.9_lenth49/10/tenfold_10_test_neg_18.npy
./DTP_data/ten_fold_data_0.9_lenth49/10/tenfold_10_test_neg_19.npy
./DTP_data/ten_fold_data_0.9_lenth49/10/tenfold_10_test_neg_20.npy
./DTP_data/ten_fold_data_0.9_lenth49/10/tenfold_10_test_neg_21.npy
./DTP_data/ten_fold_data_0.9_lenth49/10/tenfold_10_test_neg_22.npy
./DTP_data/ten_fold_data_0.9_lenth49/10/tenfold_10_test_neg_23.npy
./DTP_data/ten_fold_data_0.9_lenth49/10/tenfold_10_test_neg_24.npy
./DTP_data/ten_fold_data_0.9_lenth49/10/tenfold_10_test_neg_25.npy
./DTP_data/ten_fold_data_0.9_lenth49/10/tenfold_10_test_neg_26.npy
neg_done~~~~~~~~~~~~~~
totaltime = 6:45:34.871654
